{"/home/sobral/www/Doculler/server/src/adapters/json-web-token/json-web-token-jwt-adapter.ts": {"path":"/home/sobral/www/Doculler/server/src/adapters/json-web-token/json-web-token-jwt-adapter.ts","all":false,"statementMap":{"0":{"start":{"line":1,"column":0},"end":{"line":1,"column":23}},"1":{"start":{"line":2,"column":0},"end":{"line":2,"column":31}},"2":{"start":{"line":3,"column":0},"end":{"line":3,"column":0}},"3":{"start":{"line":4,"column":0},"end":{"line":4,"column":64}},"4":{"start":{"line":5,"column":0},"end":{"line":5,"column":0}},"5":{"start":{"line":6,"column":0},"end":{"line":6,"column":22}},"6":{"start":{"line":7,"column":0},"end":{"line":7,"column":16}},"7":{"start":{"line":8,"column":0},"end":{"line":8,"column":1}},"8":{"start":{"line":9,"column":0},"end":{"line":9,"column":0}},"9":{"start":{"line":10,"column":0},"end":{"line":10,"column":70}},"10":{"start":{"line":11,"column":0},"end":{"line":11,"column":18}},"11":{"start":{"line":12,"column":0},"end":{"line":12,"column":0}},"12":{"start":{"line":13,"column":0},"end":{"line":13,"column":17}},"13":{"start":{"line":14,"column":0},"end":{"line":14,"column":42}},"14":{"start":{"line":15,"column":0},"end":{"line":15,"column":3}},"15":{"start":{"line":16,"column":0},"end":{"line":16,"column":0}},"16":{"start":{"line":17,"column":0},"end":{"line":17,"column":61}},"17":{"start":{"line":18,"column":0},"end":{"line":18,"column":27}},"18":{"start":{"line":19,"column":0},"end":{"line":19,"column":15}},"19":{"start":{"line":20,"column":0},"end":{"line":20,"column":20}},"20":{"start":{"line":21,"column":0},"end":{"line":21,"column":37}},"21":{"start":{"line":22,"column":0},"end":{"line":22,"column":6}},"22":{"start":{"line":23,"column":0},"end":{"line":23,"column":0}},"23":{"start":{"line":24,"column":0},"end":{"line":24,"column":17}},"24":{"start":{"line":25,"column":0},"end":{"line":25,"column":4}},"25":{"start":{"line":26,"column":0},"end":{"line":26,"column":1}}},"s":{"0":1,"1":1,"2":1,"3":1,"4":1,"5":1,"6":1,"7":1,"8":1,"9":1,"10":1,"11":1,"12":1,"13":3,"14":3,"15":1,"16":1,"17":5,"18":5,"19":5,"20":5,"21":5,"22":5,"23":5,"24":5,"25":1},"branchMap":{"0":{"type":"branch","line":10,"loc":{"start":{"line":10,"column":13},"end":{"line":10,"column":25}},"locations":[{"start":{"line":10,"column":13},"end":{"line":10,"column":25}}]},"1":{"type":"branch","line":17,"loc":{"start":{"line":17,"column":2},"end":{"line":25,"column":4}},"locations":[{"start":{"line":17,"column":2},"end":{"line":25,"column":4}}]},"2":{"type":"branch","line":13,"loc":{"start":{"line":13,"column":2},"end":{"line":15,"column":3}},"locations":[{"start":{"line":13,"column":2},"end":{"line":15,"column":3}}]}},"b":{"0":[3],"1":[5],"2":[3]},"fnMap":{"0":{"name":"get","decl":{"start":{"line":10,"column":13},"end":{"line":10,"column":25}},"loc":{"start":{"line":10,"column":13},"end":{"line":10,"column":25}},"line":10},"1":{"name":"sign","decl":{"start":{"line":17,"column":2},"end":{"line":25,"column":4}},"loc":{"start":{"line":17,"column":2},"end":{"line":25,"column":4}},"line":17},"2":{"name":"JsonWebToken","decl":{"start":{"line":13,"column":2},"end":{"line":15,"column":3}},"loc":{"start":{"line":13,"column":2},"end":{"line":15,"column":3}},"line":13}},"f":{"0":3,"1":5,"2":3}}
,"/home/sobral/www/Doculler/server/src/application/services/projectServices/create-project-service.ts": {"path":"/home/sobral/www/Doculler/server/src/application/services/projectServices/create-project-service.ts","all":false,"statementMap":{"0":{"start":{"line":1,"column":0},"end":{"line":1,"column":66}},"1":{"start":{"line":2,"column":0},"end":{"line":2,"column":96}},"2":{"start":{"line":3,"column":0},"end":{"line":3,"column":90}},"3":{"start":{"line":4,"column":0},"end":{"line":4,"column":0}},"4":{"start":{"line":5,"column":0},"end":{"line":5,"column":39}},"5":{"start":{"line":6,"column":0},"end":{"line":6,"column":15}},"6":{"start":{"line":7,"column":0},"end":{"line":7,"column":23}},"7":{"start":{"line":8,"column":0},"end":{"line":8,"column":18}},"8":{"start":{"line":9,"column":0},"end":{"line":9,"column":1}},"9":{"start":{"line":10,"column":0},"end":{"line":10,"column":0}},"10":{"start":{"line":11,"column":0},"end":{"line":11,"column":35}},"11":{"start":{"line":12,"column":0},"end":{"line":12,"column":14}},"12":{"start":{"line":13,"column":0},"end":{"line":13,"column":49}},"13":{"start":{"line":14,"column":0},"end":{"line":14,"column":42}},"14":{"start":{"line":15,"column":0},"end":{"line":15,"column":6}},"15":{"start":{"line":16,"column":0},"end":{"line":16,"column":0}},"16":{"start":{"line":17,"column":0},"end":{"line":17,"column":66}},"17":{"start":{"line":18,"column":0},"end":{"line":18,"column":51}},"18":{"start":{"line":19,"column":0},"end":{"line":19,"column":0}},"19":{"start":{"line":20,"column":0},"end":{"line":20,"column":13}},"20":{"start":{"line":21,"column":0},"end":{"line":21,"column":43}},"21":{"start":{"line":22,"column":0},"end":{"line":22,"column":0}},"22":{"start":{"line":23,"column":0},"end":{"line":23,"column":16}},"23":{"start":{"line":24,"column":0},"end":{"line":24,"column":46}},"24":{"start":{"line":25,"column":0},"end":{"line":25,"column":0}},"25":{"start":{"line":26,"column":0},"end":{"line":26,"column":61}},"26":{"start":{"line":27,"column":0},"end":{"line":27,"column":0}},"27":{"start":{"line":28,"column":0},"end":{"line":28,"column":13}},"28":{"start":{"line":29,"column":0},"end":{"line":29,"column":56}},"29":{"start":{"line":30,"column":0},"end":{"line":30,"column":0}},"30":{"start":{"line":31,"column":0},"end":{"line":31,"column":36}},"31":{"start":{"line":32,"column":0},"end":{"line":32,"column":11}},"32":{"start":{"line":33,"column":0},"end":{"line":33,"column":37}},"33":{"start":{"line":34,"column":0},"end":{"line":34,"column":13}},"34":{"start":{"line":35,"column":0},"end":{"line":35,"column":7}},"35":{"start":{"line":36,"column":0},"end":{"line":36,"column":0}},"36":{"start":{"line":37,"column":0},"end":{"line":37,"column":49}},"37":{"start":{"line":38,"column":0},"end":{"line":38,"column":0}},"38":{"start":{"line":39,"column":0},"end":{"line":39,"column":19}},"39":{"start":{"line":40,"column":0},"end":{"line":40,"column":3}},"40":{"start":{"line":41,"column":0},"end":{"line":41,"column":1}}},"s":{"0":1,"1":1,"2":1,"3":1,"4":1,"5":1,"6":1,"7":1,"8":1,"9":1,"10":1,"11":1,"12":5,"13":5,"14":5,"15":1,"16":1,"17":5,"18":5,"19":5,"20":5,"21":4,"22":4,"23":5,"24":3,"25":3,"26":3,"27":3,"28":5,"29":2,"30":2,"31":2,"32":5,"33":5,"34":5,"35":5,"36":5,"37":2,"38":2,"39":2,"40":1},"branchMap":{"0":{"type":"branch","line":11,"loc":{"start":{"line":11,"column":13},"end":{"line":11,"column":33}},"locations":[{"start":{"line":11,"column":13},"end":{"line":11,"column":33}}]},"1":{"type":"branch","line":17,"loc":{"start":{"line":17,"column":2},"end":{"line":40,"column":3}},"locations":[{"start":{"line":17,"column":2},"end":{"line":40,"column":3}}]},"2":{"type":"branch","line":21,"loc":{"start":{"line":21,"column":6},"end":{"line":21,"column":43}},"locations":[{"start":{"line":21,"column":6},"end":{"line":21,"column":43}}]},"3":{"type":"branch","line":22,"loc":{"start":{"line":22,"column":-1},"end":{"line":23,"column":16}},"locations":[{"start":{"line":22,"column":-1},"end":{"line":23,"column":16}}]},"4":{"type":"branch","line":24,"loc":{"start":{"line":24,"column":6},"end":{"line":24,"column":46}},"locations":[{"start":{"line":24,"column":6},"end":{"line":24,"column":46}}]},"5":{"type":"branch","line":25,"loc":{"start":{"line":25,"column":-1},"end":{"line":28,"column":13}},"locations":[{"start":{"line":25,"column":-1},"end":{"line":28,"column":13}}]},"6":{"type":"branch","line":29,"loc":{"start":{"line":29,"column":6},"end":{"line":29,"column":56}},"locations":[{"start":{"line":29,"column":6},"end":{"line":29,"column":56}}]},"7":{"type":"branch","line":30,"loc":{"start":{"line":30,"column":-1},"end":{"line":33,"column":34}},"locations":[{"start":{"line":30,"column":-1},"end":{"line":33,"column":34}}]},"8":{"type":"branch","line":33,"loc":{"start":{"line":33,"column":30},"end":{"line":33,"column":36}},"locations":[{"start":{"line":33,"column":30},"end":{"line":33,"column":36}}]},"9":{"type":"branch","line":38,"loc":{"start":{"line":38,"column":-1},"end":{"line":40,"column":3}},"locations":[{"start":{"line":38,"column":-1},"end":{"line":40,"column":3}}]},"10":{"type":"branch","line":12,"loc":{"start":{"line":12,"column":2},"end":{"line":15,"column":6}},"locations":[{"start":{"line":12,"column":2},"end":{"line":15,"column":6}}]}},"b":{"0":[5],"1":[5],"2":[1],"3":[4],"4":[1],"5":[3],"6":[1],"7":[2],"8":[1],"9":[2],"10":[5]},"fnMap":{"0":{"name":"get","decl":{"start":{"line":11,"column":13},"end":{"line":11,"column":33}},"loc":{"start":{"line":11,"column":13},"end":{"line":11,"column":33}},"line":11},"1":{"name":"execute","decl":{"start":{"line":17,"column":2},"end":{"line":40,"column":3}},"loc":{"start":{"line":17,"column":2},"end":{"line":40,"column":3}},"line":17},"2":{"name":"CreateProjectService","decl":{"start":{"line":12,"column":2},"end":{"line":15,"column":6}},"loc":{"start":{"line":12,"column":2},"end":{"line":15,"column":6}},"line":12}},"f":{"0":5,"1":5,"2":5}}
,"/home/sobral/www/Doculler/server/src/application/services/teamMemberServices/create-team-member-service.ts": {"path":"/home/sobral/www/Doculler/server/src/application/services/teamMemberServices/create-team-member-service.ts","all":false,"statementMap":{"0":{"start":{"line":1,"column":0},"end":{"line":1,"column":90}},"1":{"start":{"line":2,"column":0},"end":{"line":2,"column":90}},"2":{"start":{"line":3,"column":0},"end":{"line":3,"column":72}},"3":{"start":{"line":4,"column":0},"end":{"line":4,"column":103}},"4":{"start":{"line":5,"column":0},"end":{"line":5,"column":0}},"5":{"start":{"line":6,"column":0},"end":{"line":6,"column":35}},"6":{"start":{"line":7,"column":0},"end":{"line":7,"column":18}},"7":{"start":{"line":8,"column":0},"end":{"line":8,"column":18}},"8":{"start":{"line":9,"column":0},"end":{"line":9,"column":1}},"9":{"start":{"line":10,"column":0},"end":{"line":10,"column":0}},"10":{"start":{"line":11,"column":0},"end":{"line":11,"column":31}},"11":{"start":{"line":12,"column":0},"end":{"line":12,"column":14}},"12":{"start":{"line":13,"column":0},"end":{"line":13,"column":55}},"13":{"start":{"line":14,"column":0},"end":{"line":14,"column":43}},"14":{"start":{"line":15,"column":0},"end":{"line":15,"column":43}},"15":{"start":{"line":16,"column":0},"end":{"line":16,"column":6}},"16":{"start":{"line":17,"column":0},"end":{"line":17,"column":0}},"17":{"start":{"line":18,"column":0},"end":{"line":18,"column":72}},"18":{"start":{"line":19,"column":0},"end":{"line":19,"column":41}},"19":{"start":{"line":20,"column":0},"end":{"line":20,"column":0}},"20":{"start":{"line":21,"column":0},"end":{"line":21,"column":16}},"21":{"start":{"line":22,"column":0},"end":{"line":22,"column":46}},"22":{"start":{"line":23,"column":0},"end":{"line":23,"column":0}},"23":{"start":{"line":24,"column":0},"end":{"line":24,"column":16}},"24":{"start":{"line":25,"column":0},"end":{"line":25,"column":46}},"25":{"start":{"line":26,"column":0},"end":{"line":26,"column":0}},"26":{"start":{"line":27,"column":0},"end":{"line":27,"column":61}},"27":{"start":{"line":28,"column":0},"end":{"line":28,"column":0}},"28":{"start":{"line":29,"column":0},"end":{"line":29,"column":13}},"29":{"start":{"line":30,"column":0},"end":{"line":30,"column":44}},"30":{"start":{"line":31,"column":0},"end":{"line":31,"column":0}},"31":{"start":{"line":32,"column":0},"end":{"line":32,"column":61}},"32":{"start":{"line":33,"column":0},"end":{"line":33,"column":0}},"33":{"start":{"line":34,"column":0},"end":{"line":34,"column":13}},"34":{"start":{"line":35,"column":0},"end":{"line":35,"column":44}},"35":{"start":{"line":36,"column":0},"end":{"line":36,"column":0}},"36":{"start":{"line":37,"column":0},"end":{"line":37,"column":45}},"37":{"start":{"line":38,"column":0},"end":{"line":38,"column":14}},"38":{"start":{"line":39,"column":0},"end":{"line":39,"column":13}},"39":{"start":{"line":40,"column":0},"end":{"line":40,"column":7}},"40":{"start":{"line":41,"column":0},"end":{"line":41,"column":0}},"41":{"start":{"line":42,"column":0},"end":{"line":42,"column":55}},"42":{"start":{"line":43,"column":0},"end":{"line":43,"column":0}},"43":{"start":{"line":44,"column":0},"end":{"line":44,"column":25}},"44":{"start":{"line":45,"column":0},"end":{"line":45,"column":3}},"45":{"start":{"line":46,"column":0},"end":{"line":46,"column":1}}},"s":{"0":1,"1":1,"2":1,"3":1,"4":1,"5":1,"6":1,"7":1,"8":1,"9":1,"10":1,"11":1,"12":5,"13":5,"14":5,"15":5,"16":1,"17":1,"18":5,"19":5,"20":5,"21":5,"22":4,"23":4,"24":5,"25":3,"26":3,"27":3,"28":3,"29":5,"30":2,"31":2,"32":2,"33":2,"34":5,"35":1,"36":1,"37":1,"38":1,"39":1,"40":1,"41":1,"42":1,"43":1,"44":1,"45":1},"branchMap":{"0":{"type":"branch","line":11,"loc":{"start":{"line":11,"column":13},"end":{"line":11,"column":29}},"locations":[{"start":{"line":11,"column":13},"end":{"line":11,"column":29}}]},"1":{"type":"branch","line":18,"loc":{"start":{"line":18,"column":2},"end":{"line":45,"column":3}},"locations":[{"start":{"line":18,"column":2},"end":{"line":45,"column":3}}]},"2":{"type":"branch","line":22,"loc":{"start":{"line":22,"column":6},"end":{"line":22,"column":46}},"locations":[{"start":{"line":22,"column":6},"end":{"line":22,"column":46}}]},"3":{"type":"branch","line":23,"loc":{"start":{"line":23,"column":-1},"end":{"line":24,"column":16}},"locations":[{"start":{"line":23,"column":-1},"end":{"line":24,"column":16}}]},"4":{"type":"branch","line":25,"loc":{"start":{"line":25,"column":6},"end":{"line":25,"column":46}},"locations":[{"start":{"line":25,"column":6},"end":{"line":25,"column":46}}]},"5":{"type":"branch","line":26,"loc":{"start":{"line":26,"column":-1},"end":{"line":29,"column":13}},"locations":[{"start":{"line":26,"column":-1},"end":{"line":29,"column":13}}]},"6":{"type":"branch","line":30,"loc":{"start":{"line":30,"column":6},"end":{"line":30,"column":44}},"locations":[{"start":{"line":30,"column":6},"end":{"line":30,"column":44}}]},"7":{"type":"branch","line":31,"loc":{"start":{"line":31,"column":-1},"end":{"line":34,"column":13}},"locations":[{"start":{"line":31,"column":-1},"end":{"line":34,"column":13}}]},"8":{"type":"branch","line":35,"loc":{"start":{"line":35,"column":6},"end":{"line":45,"column":3}},"locations":[{"start":{"line":35,"column":6},"end":{"line":45,"column":3}}]},"9":{"type":"branch","line":12,"loc":{"start":{"line":12,"column":2},"end":{"line":16,"column":6}},"locations":[{"start":{"line":12,"column":2},"end":{"line":16,"column":6}}]}},"b":{"0":[5],"1":[5],"2":[1],"3":[4],"4":[1],"5":[3],"6":[1],"7":[2],"8":[1],"9":[5]},"fnMap":{"0":{"name":"get","decl":{"start":{"line":11,"column":13},"end":{"line":11,"column":29}},"loc":{"start":{"line":11,"column":13},"end":{"line":11,"column":29}},"line":11},"1":{"name":"execute","decl":{"start":{"line":18,"column":2},"end":{"line":45,"column":3}},"loc":{"start":{"line":18,"column":2},"end":{"line":45,"column":3}},"line":18},"2":{"name":"CreateTeamMember","decl":{"start":{"line":12,"column":2},"end":{"line":16,"column":6}},"loc":{"start":{"line":12,"column":2},"end":{"line":16,"column":6}},"line":12}},"f":{"0":5,"1":5,"2":5}}
,"/home/sobral/www/Doculler/server/src/application/services/teamMemberServices/remove-team-member-service.ts": {"path":"/home/sobral/www/Doculler/server/src/application/services/teamMemberServices/remove-team-member-service.ts","all":false,"statementMap":{"0":{"start":{"line":1,"column":0},"end":{"line":1,"column":90}},"1":{"start":{"line":2,"column":0},"end":{"line":2,"column":103}},"2":{"start":{"line":3,"column":0},"end":{"line":3,"column":0}},"3":{"start":{"line":4,"column":0},"end":{"line":4,"column":42}},"4":{"start":{"line":5,"column":0},"end":{"line":5,"column":18}},"5":{"start":{"line":6,"column":0},"end":{"line":6,"column":18}},"6":{"start":{"line":7,"column":0},"end":{"line":7,"column":1}},"7":{"start":{"line":8,"column":0},"end":{"line":8,"column":0}},"8":{"start":{"line":9,"column":0},"end":{"line":9,"column":38}},"9":{"start":{"line":10,"column":0},"end":{"line":10,"column":14}},"10":{"start":{"line":11,"column":0},"end":{"line":11,"column":55}},"11":{"start":{"line":12,"column":0},"end":{"line":12,"column":43}},"12":{"start":{"line":13,"column":0},"end":{"line":13,"column":6}},"13":{"start":{"line":14,"column":0},"end":{"line":14,"column":2}},"14":{"start":{"line":15,"column":0},"end":{"line":15,"column":51}},"15":{"start":{"line":16,"column":0},"end":{"line":16,"column":41}},"16":{"start":{"line":17,"column":0},"end":{"line":17,"column":0}},"17":{"start":{"line":18,"column":0},"end":{"line":18,"column":16}},"18":{"start":{"line":19,"column":0},"end":{"line":19,"column":46}},"19":{"start":{"line":20,"column":0},"end":{"line":20,"column":0}},"20":{"start":{"line":21,"column":0},"end":{"line":21,"column":16}},"21":{"start":{"line":22,"column":0},"end":{"line":22,"column":46}},"22":{"start":{"line":23,"column":0},"end":{"line":23,"column":0}},"23":{"start":{"line":24,"column":0},"end":{"line":24,"column":61}},"24":{"start":{"line":25,"column":0},"end":{"line":25,"column":0}},"25":{"start":{"line":26,"column":0},"end":{"line":26,"column":13}},"26":{"start":{"line":27,"column":0},"end":{"line":27,"column":44}},"27":{"start":{"line":28,"column":0},"end":{"line":28,"column":0}},"28":{"start":{"line":29,"column":0},"end":{"line":29,"column":48}},"29":{"start":{"line":30,"column":0},"end":{"line":30,"column":14}},"30":{"start":{"line":31,"column":0},"end":{"line":31,"column":13}},"31":{"start":{"line":32,"column":0},"end":{"line":32,"column":7}},"32":{"start":{"line":33,"column":0},"end":{"line":33,"column":3}},"33":{"start":{"line":34,"column":0},"end":{"line":34,"column":1}}},"s":{"0":1,"1":1,"2":1,"3":1,"4":1,"5":1,"6":1,"7":1,"8":1,"9":1,"10":4,"11":4,"12":4,"13":1,"14":1,"15":4,"16":4,"17":4,"18":4,"19":3,"20":3,"21":4,"22":2,"23":2,"24":2,"25":2,"26":4,"27":1,"28":1,"29":1,"30":1,"31":1,"32":1,"33":1},"branchMap":{"0":{"type":"branch","line":9,"loc":{"start":{"line":9,"column":13},"end":{"line":9,"column":36}},"locations":[{"start":{"line":9,"column":13},"end":{"line":9,"column":36}}]},"1":{"type":"branch","line":15,"loc":{"start":{"line":15,"column":2},"end":{"line":33,"column":3}},"locations":[{"start":{"line":15,"column":2},"end":{"line":33,"column":3}}]},"2":{"type":"branch","line":19,"loc":{"start":{"line":19,"column":6},"end":{"line":19,"column":46}},"locations":[{"start":{"line":19,"column":6},"end":{"line":19,"column":46}}]},"3":{"type":"branch","line":20,"loc":{"start":{"line":20,"column":-1},"end":{"line":21,"column":16}},"locations":[{"start":{"line":20,"column":-1},"end":{"line":21,"column":16}}]},"4":{"type":"branch","line":22,"loc":{"start":{"line":22,"column":6},"end":{"line":22,"column":46}},"locations":[{"start":{"line":22,"column":6},"end":{"line":22,"column":46}}]},"5":{"type":"branch","line":23,"loc":{"start":{"line":23,"column":-1},"end":{"line":26,"column":13}},"locations":[{"start":{"line":23,"column":-1},"end":{"line":26,"column":13}}]},"6":{"type":"branch","line":27,"loc":{"start":{"line":27,"column":6},"end":{"line":33,"column":3}},"locations":[{"start":{"line":27,"column":6},"end":{"line":33,"column":3}}]},"7":{"type":"branch","line":10,"loc":{"start":{"line":10,"column":2},"end":{"line":13,"column":6}},"locations":[{"start":{"line":10,"column":2},"end":{"line":13,"column":6}}]}},"b":{"0":[4],"1":[4],"2":[1],"3":[3],"4":[1],"5":[2],"6":[1],"7":[4]},"fnMap":{"0":{"name":"get","decl":{"start":{"line":9,"column":13},"end":{"line":9,"column":36}},"loc":{"start":{"line":9,"column":13},"end":{"line":9,"column":36}},"line":9},"1":{"name":"execute","decl":{"start":{"line":15,"column":2},"end":{"line":33,"column":3}},"loc":{"start":{"line":15,"column":2},"end":{"line":33,"column":3}},"line":15},"2":{"name":"RemoveTeamMemberService","decl":{"start":{"line":10,"column":2},"end":{"line":13,"column":6}},"loc":{"start":{"line":10,"column":2},"end":{"line":13,"column":6}},"line":10}},"f":{"0":4,"1":4,"2":4}}
,"/home/sobral/www/Doculler/server/src/application/services/teamServices/create-team-service.ts": {"path":"/home/sobral/www/Doculler/server/src/application/services/teamServices/create-team-service.ts","all":false,"statementMap":{"0":{"start":{"line":1,"column":0},"end":{"line":1,"column":90}},"1":{"start":{"line":2,"column":0},"end":{"line":2,"column":0}},"2":{"start":{"line":3,"column":0},"end":{"line":3,"column":36}},"3":{"start":{"line":4,"column":0},"end":{"line":4,"column":15}},"4":{"start":{"line":5,"column":0},"end":{"line":5,"column":22}},"5":{"start":{"line":6,"column":0},"end":{"line":6,"column":1}},"6":{"start":{"line":7,"column":0},"end":{"line":7,"column":0}},"7":{"start":{"line":8,"column":0},"end":{"line":8,"column":32}},"8":{"start":{"line":9,"column":0},"end":{"line":9,"column":15}},"9":{"start":{"line":10,"column":0},"end":{"line":10,"column":43}},"10":{"start":{"line":11,"column":0},"end":{"line":11,"column":6}},"11":{"start":{"line":12,"column":0},"end":{"line":12,"column":0}},"12":{"start":{"line":13,"column":0},"end":{"line":13,"column":45}},"13":{"start":{"line":14,"column":0},"end":{"line":14,"column":42}},"14":{"start":{"line":15,"column":0},"end":{"line":15,"column":0}},"15":{"start":{"line":16,"column":0},"end":{"line":16,"column":13}},"16":{"start":{"line":17,"column":0},"end":{"line":17,"column":47}},"17":{"start":{"line":18,"column":0},"end":{"line":18,"column":0}},"18":{"start":{"line":19,"column":0},"end":{"line":19,"column":55}},"19":{"start":{"line":20,"column":0},"end":{"line":20,"column":11}},"20":{"start":{"line":21,"column":0},"end":{"line":21,"column":17}},"21":{"start":{"line":22,"column":0},"end":{"line":22,"column":7}},"22":{"start":{"line":23,"column":0},"end":{"line":23,"column":0}},"23":{"start":{"line":24,"column":0},"end":{"line":24,"column":19}},"24":{"start":{"line":25,"column":0},"end":{"line":25,"column":3}},"25":{"start":{"line":26,"column":0},"end":{"line":26,"column":1}}},"s":{"0":1,"1":1,"2":1,"3":1,"4":1,"5":1,"6":1,"7":1,"8":1,"9":2,"10":2,"11":1,"12":1,"13":2,"14":2,"15":2,"16":2,"17":1,"18":1,"19":1,"20":1,"21":1,"22":1,"23":1,"24":1,"25":1},"branchMap":{"0":{"type":"branch","line":8,"loc":{"start":{"line":8,"column":13},"end":{"line":8,"column":30}},"locations":[{"start":{"line":8,"column":13},"end":{"line":8,"column":30}}]},"1":{"type":"branch","line":13,"loc":{"start":{"line":13,"column":2},"end":{"line":25,"column":3}},"locations":[{"start":{"line":13,"column":2},"end":{"line":25,"column":3}}]},"2":{"type":"branch","line":17,"loc":{"start":{"line":17,"column":6},"end":{"line":25,"column":3}},"locations":[{"start":{"line":17,"column":6},"end":{"line":25,"column":3}}]},"3":{"type":"branch","line":9,"loc":{"start":{"line":9,"column":2},"end":{"line":11,"column":6}},"locations":[{"start":{"line":9,"column":2},"end":{"line":11,"column":6}}]}},"b":{"0":[2],"1":[2],"2":[1],"3":[2]},"fnMap":{"0":{"name":"get","decl":{"start":{"line":8,"column":13},"end":{"line":8,"column":30}},"loc":{"start":{"line":8,"column":13},"end":{"line":8,"column":30}},"line":8},"1":{"name":"execute","decl":{"start":{"line":13,"column":2},"end":{"line":25,"column":3}},"loc":{"start":{"line":13,"column":2},"end":{"line":25,"column":3}},"line":13},"2":{"name":"CreateTeamService","decl":{"start":{"line":9,"column":2},"end":{"line":11,"column":6}},"loc":{"start":{"line":9,"column":2},"end":{"line":11,"column":6}},"line":9}},"f":{"0":2,"1":2,"2":2}}
,"/home/sobral/www/Doculler/server/src/application/services/teamServices/delete-team-service.ts": {"path":"/home/sobral/www/Doculler/server/src/application/services/teamServices/delete-team-service.ts","all":false,"statementMap":{"0":{"start":{"line":1,"column":0},"end":{"line":1,"column":90}},"1":{"start":{"line":2,"column":0},"end":{"line":2,"column":0}},"2":{"start":{"line":3,"column":0},"end":{"line":3,"column":32}},"3":{"start":{"line":4,"column":0},"end":{"line":4,"column":15}},"4":{"start":{"line":5,"column":0},"end":{"line":5,"column":43}},"5":{"start":{"line":6,"column":0},"end":{"line":6,"column":6}},"6":{"start":{"line":7,"column":0},"end":{"line":7,"column":0}},"7":{"start":{"line":8,"column":0},"end":{"line":8,"column":49}},"8":{"start":{"line":9,"column":0},"end":{"line":9,"column":16}},"9":{"start":{"line":10,"column":0},"end":{"line":10,"column":45}},"10":{"start":{"line":11,"column":0},"end":{"line":11,"column":0}},"11":{"start":{"line":12,"column":0},"end":{"line":12,"column":51}},"12":{"start":{"line":13,"column":0},"end":{"line":13,"column":3}},"13":{"start":{"line":14,"column":0},"end":{"line":14,"column":1}}},"s":{"0":1,"1":1,"2":1,"3":1,"4":2,"5":2,"6":1,"7":1,"8":2,"9":2,"10":1,"11":1,"12":1,"13":1},"branchMap":{"0":{"type":"branch","line":3,"loc":{"start":{"line":3,"column":13},"end":{"line":3,"column":30}},"locations":[{"start":{"line":3,"column":13},"end":{"line":3,"column":30}}]},"1":{"type":"branch","line":8,"loc":{"start":{"line":8,"column":2},"end":{"line":13,"column":3}},"locations":[{"start":{"line":8,"column":2},"end":{"line":13,"column":3}}]},"2":{"type":"branch","line":10,"loc":{"start":{"line":10,"column":6},"end":{"line":13,"column":3}},"locations":[{"start":{"line":10,"column":6},"end":{"line":13,"column":3}}]},"3":{"type":"branch","line":4,"loc":{"start":{"line":4,"column":2},"end":{"line":6,"column":6}},"locations":[{"start":{"line":4,"column":2},"end":{"line":6,"column":6}}]}},"b":{"0":[2],"1":[2],"2":[1],"3":[2]},"fnMap":{"0":{"name":"get","decl":{"start":{"line":3,"column":13},"end":{"line":3,"column":30}},"loc":{"start":{"line":3,"column":13},"end":{"line":3,"column":30}},"line":3},"1":{"name":"execute","decl":{"start":{"line":8,"column":2},"end":{"line":13,"column":3}},"loc":{"start":{"line":8,"column":2},"end":{"line":13,"column":3}},"line":8},"2":{"name":"DeleteTeamService","decl":{"start":{"line":4,"column":2},"end":{"line":6,"column":6}},"loc":{"start":{"line":4,"column":2},"end":{"line":6,"column":6}},"line":4}},"f":{"0":2,"1":2,"2":2}}
,"/home/sobral/www/Doculler/server/src/application/services/userServices/user-login-service.ts": {"path":"/home/sobral/www/Doculler/server/src/application/services/userServices/user-login-service.ts","all":false,"statementMap":{"0":{"start":{"line":1,"column":0},"end":{"line":1,"column":28}},"1":{"start":{"line":2,"column":0},"end":{"line":2,"column":86}},"2":{"start":{"line":3,"column":0},"end":{"line":3,"column":0}},"3":{"start":{"line":4,"column":0},"end":{"line":4,"column":78}},"4":{"start":{"line":5,"column":0},"end":{"line":5,"column":48}},"5":{"start":{"line":6,"column":0},"end":{"line":6,"column":0}},"6":{"start":{"line":7,"column":0},"end":{"line":7,"column":28}},"7":{"start":{"line":8,"column":0},"end":{"line":8,"column":16}},"8":{"start":{"line":9,"column":0},"end":{"line":9,"column":19}},"9":{"start":{"line":10,"column":0},"end":{"line":10,"column":1}},"10":{"start":{"line":11,"column":0},"end":{"line":11,"column":0}},"11":{"start":{"line":12,"column":0},"end":{"line":12,"column":38}},"12":{"start":{"line":13,"column":0},"end":{"line":13,"column":0}},"13":{"start":{"line":14,"column":0},"end":{"line":14,"column":31}},"14":{"start":{"line":15,"column":0},"end":{"line":15,"column":14}},"15":{"start":{"line":16,"column":0},"end":{"line":16,"column":43}},"16":{"start":{"line":17,"column":0},"end":{"line":17,"column":46}},"17":{"start":{"line":18,"column":0},"end":{"line":18,"column":6}},"18":{"start":{"line":19,"column":0},"end":{"line":19,"column":0}},"19":{"start":{"line":20,"column":0},"end":{"line":20,"column":62}},"20":{"start":{"line":21,"column":0},"end":{"line":21,"column":40}},"21":{"start":{"line":22,"column":0},"end":{"line":22,"column":0}},"22":{"start":{"line":23,"column":0},"end":{"line":23,"column":27}},"23":{"start":{"line":24,"column":0},"end":{"line":24,"column":49}},"24":{"start":{"line":25,"column":0},"end":{"line":25,"column":4}},"25":{"start":{"line":26,"column":0},"end":{"line":26,"column":62}},"26":{"start":{"line":27,"column":0},"end":{"line":27,"column":0}},"27":{"start":{"line":28,"column":0},"end":{"line":28,"column":14}},"28":{"start":{"line":29,"column":0},"end":{"line":29,"column":41}},"29":{"start":{"line":30,"column":0},"end":{"line":30,"column":0}},"30":{"start":{"line":31,"column":0},"end":{"line":31,"column":76}},"31":{"start":{"line":32,"column":0},"end":{"line":32,"column":0}},"32":{"start":{"line":33,"column":0},"end":{"line":33,"column":26}},"33":{"start":{"line":34,"column":0},"end":{"line":34,"column":49}},"34":{"start":{"line":35,"column":0},"end":{"line":35,"column":0}},"35":{"start":{"line":36,"column":0},"end":{"line":36,"column":50}},"36":{"start":{"line":37,"column":0},"end":{"line":37,"column":24}},"37":{"start":{"line":38,"column":0},"end":{"line":38,"column":24}},"38":{"start":{"line":39,"column":0},"end":{"line":39,"column":3}},"39":{"start":{"line":40,"column":0},"end":{"line":40,"column":0}},"40":{"start":{"line":41,"column":0},"end":{"line":41,"column":40}},"41":{"start":{"line":42,"column":0},"end":{"line":42,"column":3}},"42":{"start":{"line":43,"column":0},"end":{"line":43,"column":1}}},"s":{"0":1,"1":1,"2":1,"3":1,"4":1,"5":1,"6":1,"7":1,"8":1,"9":1,"10":1,"11":1,"12":1,"13":1,"14":1,"15":1,"16":1,"17":1,"18":1,"19":1,"20":5,"21":5,"22":5,"23":5,"24":3,"25":3,"26":3,"27":3,"28":5,"29":2,"30":2,"31":2,"32":2,"33":5,"34":1,"35":1,"36":1,"37":1,"38":1,"39":1,"40":1,"41":1,"42":1},"branchMap":{"0":{"type":"branch","line":14,"loc":{"start":{"line":14,"column":13},"end":{"line":14,"column":29}},"locations":[{"start":{"line":14,"column":13},"end":{"line":14,"column":29}}]},"1":{"type":"branch","line":20,"loc":{"start":{"line":20,"column":2},"end":{"line":42,"column":3}},"locations":[{"start":{"line":20,"column":2},"end":{"line":42,"column":3}}]},"2":{"type":"branch","line":23,"loc":{"start":{"line":23,"column":13},"end":{"line":23,"column":26}},"locations":[{"start":{"line":23,"column":13},"end":{"line":23,"column":26}}]},"3":{"type":"branch","line":24,"loc":{"start":{"line":24,"column":6},"end":{"line":24,"column":49}},"locations":[{"start":{"line":24,"column":6},"end":{"line":24,"column":49}}]},"4":{"type":"branch","line":25,"loc":{"start":{"line":25,"column":-1},"end":{"line":28,"column":14}},"locations":[{"start":{"line":25,"column":-1},"end":{"line":28,"column":14}}]},"5":{"type":"branch","line":29,"loc":{"start":{"line":29,"column":6},"end":{"line":29,"column":41}},"locations":[{"start":{"line":29,"column":6},"end":{"line":29,"column":41}}]},"6":{"type":"branch","line":30,"loc":{"start":{"line":30,"column":-1},"end":{"line":33,"column":26}},"locations":[{"start":{"line":30,"column":-1},"end":{"line":33,"column":26}}]},"7":{"type":"branch","line":34,"loc":{"start":{"line":34,"column":6},"end":{"line":42,"column":3}},"locations":[{"start":{"line":34,"column":6},"end":{"line":42,"column":3}}]},"8":{"type":"branch","line":15,"loc":{"start":{"line":15,"column":2},"end":{"line":18,"column":6}},"locations":[{"start":{"line":15,"column":2},"end":{"line":18,"column":6}}]}},"b":{"0":[1],"1":[5],"2":[4],"3":[2],"4":[3],"5":[1],"6":[2],"7":[1],"8":[1]},"fnMap":{"0":{"name":"get","decl":{"start":{"line":14,"column":13},"end":{"line":14,"column":29}},"loc":{"start":{"line":14,"column":13},"end":{"line":14,"column":29}},"line":14},"1":{"name":"execute","decl":{"start":{"line":20,"column":2},"end":{"line":42,"column":3}},"loc":{"start":{"line":20,"column":2},"end":{"line":42,"column":3}},"line":20},"2":{"name":"UserLoginService","decl":{"start":{"line":15,"column":2},"end":{"line":18,"column":6}},"loc":{"start":{"line":15,"column":2},"end":{"line":18,"column":6}},"line":15}},"f":{"0":1,"1":5,"2":1}}
,"/home/sobral/www/Doculler/server/src/application/services/userServices/user-register-service.ts": {"path":"/home/sobral/www/Doculler/server/src/application/services/userServices/user-register-service.ts","all":false,"statementMap":{"0":{"start":{"line":1,"column":0},"end":{"line":1,"column":28}},"1":{"start":{"line":2,"column":0},"end":{"line":2,"column":0}},"2":{"start":{"line":3,"column":0},"end":{"line":3,"column":68}},"3":{"start":{"line":4,"column":0},"end":{"line":4,"column":53}},"4":{"start":{"line":5,"column":0},"end":{"line":5,"column":86}},"5":{"start":{"line":6,"column":0},"end":{"line":6,"column":0}},"6":{"start":{"line":7,"column":0},"end":{"line":7,"column":31}},"7":{"start":{"line":8,"column":0},"end":{"line":8,"column":15}},"8":{"start":{"line":9,"column":0},"end":{"line":9,"column":16}},"9":{"start":{"line":10,"column":0},"end":{"line":10,"column":19}},"10":{"start":{"line":11,"column":0},"end":{"line":11,"column":1}},"11":{"start":{"line":12,"column":0},"end":{"line":12,"column":0}},"12":{"start":{"line":13,"column":0},"end":{"line":13,"column":38}},"13":{"start":{"line":14,"column":0},"end":{"line":14,"column":0}},"14":{"start":{"line":15,"column":0},"end":{"line":15,"column":34}},"15":{"start":{"line":16,"column":0},"end":{"line":16,"column":14}},"16":{"start":{"line":17,"column":0},"end":{"line":17,"column":43}},"17":{"start":{"line":18,"column":0},"end":{"line":18,"column":46}},"18":{"start":{"line":19,"column":0},"end":{"line":19,"column":6}},"19":{"start":{"line":20,"column":0},"end":{"line":20,"column":0}},"20":{"start":{"line":21,"column":0},"end":{"line":21,"column":65}},"21":{"start":{"line":22,"column":0},"end":{"line":22,"column":11}},"22":{"start":{"line":23,"column":0},"end":{"line":23,"column":12}},"23":{"start":{"line":24,"column":0},"end":{"line":24,"column":11}},"24":{"start":{"line":25,"column":0},"end":{"line":25,"column":14}},"25":{"start":{"line":26,"column":0},"end":{"line":26,"column":16}},"26":{"start":{"line":27,"column":0},"end":{"line":27,"column":0}},"27":{"start":{"line":28,"column":0},"end":{"line":28,"column":71}},"28":{"start":{"line":29,"column":0},"end":{"line":29,"column":0}},"29":{"start":{"line":30,"column":0},"end":{"line":30,"column":21}},"30":{"start":{"line":31,"column":0},"end":{"line":31,"column":51}},"31":{"start":{"line":32,"column":0},"end":{"line":32,"column":4}},"32":{"start":{"line":33,"column":0},"end":{"line":33,"column":13}},"33":{"start":{"line":34,"column":0},"end":{"line":34,"column":49}},"34":{"start":{"line":35,"column":0},"end":{"line":35,"column":0}},"35":{"start":{"line":36,"column":0},"end":{"line":36,"column":17}},"36":{"start":{"line":37,"column":0},"end":{"line":37,"column":53}},"37":{"start":{"line":38,"column":0},"end":{"line":38,"column":0}},"38":{"start":{"line":39,"column":0},"end":{"line":39,"column":62}},"39":{"start":{"line":40,"column":0},"end":{"line":40,"column":0}},"40":{"start":{"line":41,"column":0},"end":{"line":41,"column":33}},"41":{"start":{"line":42,"column":0},"end":{"line":42,"column":11}},"42":{"start":{"line":43,"column":0},"end":{"line":43,"column":12}},"43":{"start":{"line":44,"column":0},"end":{"line":44,"column":33}},"44":{"start":{"line":45,"column":0},"end":{"line":45,"column":7}},"45":{"start":{"line":46,"column":0},"end":{"line":46,"column":0}},"46":{"start":{"line":47,"column":0},"end":{"line":47,"column":48}},"47":{"start":{"line":48,"column":0},"end":{"line":48,"column":0}},"48":{"start":{"line":49,"column":0},"end":{"line":49,"column":50}},"49":{"start":{"line":50,"column":0},"end":{"line":50,"column":29}},"50":{"start":{"line":51,"column":0},"end":{"line":51,"column":26}},"51":{"start":{"line":52,"column":0},"end":{"line":52,"column":5}},"52":{"start":{"line":53,"column":0},"end":{"line":53,"column":0}},"53":{"start":{"line":54,"column":0},"end":{"line":54,"column":43}},"54":{"start":{"line":55,"column":0},"end":{"line":55,"column":3}},"55":{"start":{"line":56,"column":0},"end":{"line":56,"column":1}}},"s":{"0":1,"1":1,"2":1,"3":1,"4":1,"5":1,"6":1,"7":1,"8":1,"9":1,"10":1,"11":1,"12":1,"13":1,"14":1,"15":1,"16":5,"17":5,"18":5,"19":1,"20":1,"21":6,"22":6,"23":6,"24":6,"25":6,"26":6,"27":6,"28":6,"29":6,"30":6,"31":5,"32":5,"33":6,"34":4,"35":4,"36":6,"37":3,"38":3,"39":3,"40":3,"41":3,"42":3,"43":3,"44":3,"45":3,"46":3,"47":3,"48":3,"49":3,"50":3,"51":3,"52":3,"53":3,"54":3,"55":1},"branchMap":{"0":{"type":"branch","line":15,"loc":{"start":{"line":15,"column":13},"end":{"line":15,"column":32}},"locations":[{"start":{"line":15,"column":13},"end":{"line":15,"column":32}}]},"1":{"type":"branch","line":21,"loc":{"start":{"line":21,"column":2},"end":{"line":55,"column":3}},"locations":[{"start":{"line":21,"column":2},"end":{"line":55,"column":3}}]},"2":{"type":"branch","line":31,"loc":{"start":{"line":31,"column":6},"end":{"line":31,"column":51}},"locations":[{"start":{"line":31,"column":6},"end":{"line":31,"column":51}}]},"3":{"type":"branch","line":32,"loc":{"start":{"line":32,"column":-1},"end":{"line":33,"column":13}},"locations":[{"start":{"line":32,"column":-1},"end":{"line":33,"column":13}}]},"4":{"type":"branch","line":34,"loc":{"start":{"line":34,"column":6},"end":{"line":34,"column":49}},"locations":[{"start":{"line":34,"column":6},"end":{"line":34,"column":49}}]},"5":{"type":"branch","line":35,"loc":{"start":{"line":35,"column":-1},"end":{"line":36,"column":17}},"locations":[{"start":{"line":35,"column":-1},"end":{"line":36,"column":17}}]},"6":{"type":"branch","line":37,"loc":{"start":{"line":37,"column":6},"end":{"line":37,"column":53}},"locations":[{"start":{"line":37,"column":6},"end":{"line":37,"column":53}}]},"7":{"type":"branch","line":38,"loc":{"start":{"line":38,"column":-1},"end":{"line":55,"column":3}},"locations":[{"start":{"line":38,"column":-1},"end":{"line":55,"column":3}}]},"8":{"type":"branch","line":16,"loc":{"start":{"line":16,"column":2},"end":{"line":19,"column":6}},"locations":[{"start":{"line":16,"column":2},"end":{"line":19,"column":6}}]}},"b":{"0":[5],"1":[6],"2":[1],"3":[5],"4":[1],"5":[4],"6":[1],"7":[3],"8":[5]},"fnMap":{"0":{"name":"get","decl":{"start":{"line":15,"column":13},"end":{"line":15,"column":32}},"loc":{"start":{"line":15,"column":13},"end":{"line":15,"column":32}},"line":15},"1":{"name":"execute","decl":{"start":{"line":21,"column":2},"end":{"line":55,"column":3}},"loc":{"start":{"line":21,"column":2},"end":{"line":55,"column":3}},"line":21},"2":{"name":"UserRegisterService","decl":{"start":{"line":16,"column":2},"end":{"line":19,"column":6}},"loc":{"start":{"line":16,"column":2},"end":{"line":19,"column":6}},"line":16}},"f":{"0":5,"1":6,"2":5}}
,"/home/sobral/www/Doculler/server/src/domain/core/Entity.ts": {"path":"/home/sobral/www/Doculler/server/src/domain/core/Entity.ts","all":false,"statementMap":{"0":{"start":{"line":1,"column":0},"end":{"line":1,"column":28}},"1":{"start":{"line":2,"column":0},"end":{"line":2,"column":0}},"2":{"start":{"line":3,"column":0},"end":{"line":3,"column":33}},"3":{"start":{"line":4,"column":0},"end":{"line":4,"column":24}},"4":{"start":{"line":5,"column":0},"end":{"line":5,"column":21}},"5":{"start":{"line":6,"column":0},"end":{"line":6,"column":0}},"6":{"start":{"line":7,"column":0},"end":{"line":7,"column":39}},"7":{"start":{"line":8,"column":0},"end":{"line":8,"column":41}},"8":{"start":{"line":9,"column":0},"end":{"line":9,"column":23}},"9":{"start":{"line":10,"column":0},"end":{"line":10,"column":3}},"10":{"start":{"line":11,"column":0},"end":{"line":11,"column":1}}},"s":{"0":1,"1":1,"2":1,"3":1,"4":1,"5":1,"6":1,"7":40,"8":40,"9":40,"10":1},"branchMap":{"0":{"type":"branch","line":3,"loc":{"start":{"line":3,"column":22},"end":{"line":3,"column":28}},"locations":[{"start":{"line":3,"column":22},"end":{"line":3,"column":28}}]},"1":{"type":"branch","line":7,"loc":{"start":{"line":7,"column":2},"end":{"line":10,"column":3}},"locations":[{"start":{"line":7,"column":2},"end":{"line":10,"column":3}}]}},"b":{"0":[12],"1":[40]},"fnMap":{"0":{"name":"get","decl":{"start":{"line":3,"column":22},"end":{"line":3,"column":28}},"loc":{"start":{"line":3,"column":22},"end":{"line":3,"column":28}},"line":3},"1":{"name":"Entity","decl":{"start":{"line":7,"column":2},"end":{"line":10,"column":3}},"loc":{"start":{"line":7,"column":2},"end":{"line":10,"column":3}},"line":7}},"f":{"0":12,"1":40}}
,"/home/sobral/www/Doculler/server/src/domain/entities/Project.ts": {"path":"/home/sobral/www/Doculler/server/src/domain/entities/Project.ts","all":false,"statementMap":{"0":{"start":{"line":1,"column":0},"end":{"line":1,"column":40}},"1":{"start":{"line":2,"column":0},"end":{"line":2,"column":0}},"2":{"start":{"line":3,"column":0},"end":{"line":3,"column":24}},"3":{"start":{"line":4,"column":0},"end":{"line":4,"column":15}},"4":{"start":{"line":5,"column":0},"end":{"line":5,"column":22}},"5":{"start":{"line":6,"column":0},"end":{"line":6,"column":18}},"6":{"start":{"line":7,"column":0},"end":{"line":7,"column":20}},"7":{"start":{"line":8,"column":0},"end":{"line":8,"column":20}},"8":{"start":{"line":9,"column":0},"end":{"line":9,"column":1}},"9":{"start":{"line":10,"column":0},"end":{"line":10,"column":0}},"10":{"start":{"line":11,"column":0},"end":{"line":11,"column":51}},"11":{"start":{"line":12,"column":0},"end":{"line":12,"column":58}},"12":{"start":{"line":13,"column":0},"end":{"line":13,"column":20}},"13":{"start":{"line":14,"column":0},"end":{"line":14,"column":3}},"14":{"start":{"line":15,"column":0},"end":{"line":15,"column":2}},"15":{"start":{"line":16,"column":0},"end":{"line":16,"column":13}},"16":{"start":{"line":17,"column":0},"end":{"line":17,"column":20}},"17":{"start":{"line":18,"column":0},"end":{"line":18,"column":3}},"18":{"start":{"line":19,"column":0},"end":{"line":19,"column":15}},"19":{"start":{"line":20,"column":0},"end":{"line":20,"column":27}},"20":{"start":{"line":21,"column":0},"end":{"line":21,"column":3}},"21":{"start":{"line":22,"column":0},"end":{"line":22,"column":22}},"22":{"start":{"line":23,"column":0},"end":{"line":23,"column":34}},"23":{"start":{"line":24,"column":0},"end":{"line":24,"column":3}},"24":{"start":{"line":25,"column":0},"end":{"line":25,"column":18}},"25":{"start":{"line":26,"column":0},"end":{"line":26,"column":30}},"26":{"start":{"line":27,"column":0},"end":{"line":27,"column":3}},"27":{"start":{"line":28,"column":0},"end":{"line":28,"column":21}},"28":{"start":{"line":29,"column":0},"end":{"line":29,"column":33}},"29":{"start":{"line":30,"column":0},"end":{"line":30,"column":3}},"30":{"start":{"line":31,"column":0},"end":{"line":31,"column":21}},"31":{"start":{"line":32,"column":0},"end":{"line":32,"column":33}},"32":{"start":{"line":33,"column":0},"end":{"line":33,"column":3}},"33":{"start":{"line":34,"column":0},"end":{"line":34,"column":0}},"34":{"start":{"line":35,"column":0},"end":{"line":35,"column":51}},"35":{"start":{"line":36,"column":0},"end":{"line":36,"column":33}},"36":{"start":{"line":37,"column":0},"end":{"line":37,"column":15}},"37":{"start":{"line":38,"column":0},"end":{"line":38,"column":49}},"38":{"start":{"line":39,"column":0},"end":{"line":39,"column":48}},"39":{"start":{"line":40,"column":0},"end":{"line":40,"column":11}},"40":{"start":{"line":41,"column":0},"end":{"line":41,"column":0}},"41":{"start":{"line":42,"column":0},"end":{"line":42,"column":19}},"42":{"start":{"line":43,"column":0},"end":{"line":43,"column":3}},"43":{"start":{"line":44,"column":0},"end":{"line":44,"column":1}}},"s":{"0":1,"1":1,"2":1,"3":1,"4":1,"5":1,"6":1,"7":1,"8":1,"9":1,"10":1,"11":1,"12":8,"13":8,"14":1,"15":1,"16":0,"17":0,"18":1,"19":6,"20":6,"21":1,"22":6,"23":6,"24":1,"25":6,"26":6,"27":1,"28":0,"29":0,"30":1,"31":0,"32":0,"33":1,"34":1,"35":8,"36":8,"37":8,"38":8,"39":8,"40":8,"41":8,"42":8,"43":1},"branchMap":{"0":{"type":"branch","line":11,"loc":{"start":{"line":11,"column":13},"end":{"line":11,"column":20}},"locations":[{"start":{"line":11,"column":13},"end":{"line":11,"column":20}}]},"1":{"type":"branch","line":19,"loc":{"start":{"line":19,"column":2},"end":{"line":21,"column":3}},"locations":[{"start":{"line":19,"column":2},"end":{"line":21,"column":3}}]},"2":{"type":"branch","line":22,"loc":{"start":{"line":22,"column":2},"end":{"line":24,"column":3}},"locations":[{"start":{"line":22,"column":2},"end":{"line":24,"column":3}}]},"3":{"type":"branch","line":25,"loc":{"start":{"line":25,"column":2},"end":{"line":27,"column":3}},"locations":[{"start":{"line":25,"column":2},"end":{"line":27,"column":3}}]},"4":{"type":"branch","line":35,"loc":{"start":{"line":35,"column":9},"end":{"line":43,"column":3}},"locations":[{"start":{"line":35,"column":9},"end":{"line":43,"column":3}}]},"5":{"type":"branch","line":12,"loc":{"start":{"line":12,"column":2},"end":{"line":14,"column":3}},"locations":[{"start":{"line":12,"column":2},"end":{"line":14,"column":3}}]}},"b":{"0":[8],"1":[6],"2":[6],"3":[6],"4":[8],"5":[8]},"fnMap":{"0":{"name":"get","decl":{"start":{"line":11,"column":13},"end":{"line":11,"column":20}},"loc":{"start":{"line":11,"column":13},"end":{"line":11,"column":20}},"line":11},"1":{"name":"get id","decl":{"start":{"line":16,"column":2},"end":{"line":18,"column":3}},"loc":{"start":{"line":16,"column":2},"end":{"line":18,"column":3}},"line":16},"2":{"name":"get name","decl":{"start":{"line":19,"column":2},"end":{"line":21,"column":3}},"loc":{"start":{"line":19,"column":2},"end":{"line":21,"column":3}},"line":19},"3":{"name":"get description","decl":{"start":{"line":22,"column":2},"end":{"line":24,"column":3}},"loc":{"start":{"line":22,"column":2},"end":{"line":24,"column":3}},"line":22},"4":{"name":"get team_id","decl":{"start":{"line":25,"column":2},"end":{"line":27,"column":3}},"loc":{"start":{"line":25,"column":2},"end":{"line":27,"column":3}},"line":25},"5":{"name":"get created_at","decl":{"start":{"line":28,"column":2},"end":{"line":30,"column":3}},"loc":{"start":{"line":28,"column":2},"end":{"line":30,"column":3}},"line":28},"6":{"name":"get updated_at","decl":{"start":{"line":31,"column":2},"end":{"line":33,"column":3}},"loc":{"start":{"line":31,"column":2},"end":{"line":33,"column":3}},"line":31},"7":{"name":"create","decl":{"start":{"line":35,"column":9},"end":{"line":43,"column":3}},"loc":{"start":{"line":35,"column":9},"end":{"line":43,"column":3}},"line":35},"8":{"name":"Project","decl":{"start":{"line":12,"column":2},"end":{"line":14,"column":3}},"loc":{"start":{"line":12,"column":2},"end":{"line":14,"column":3}},"line":12}},"f":{"0":8,"1":0,"2":6,"3":6,"4":6,"5":0,"6":0,"7":8,"8":8}}
,"/home/sobral/www/Doculler/server/src/domain/entities/Team.ts": {"path":"/home/sobral/www/Doculler/server/src/domain/entities/Team.ts","all":false,"statementMap":{"0":{"start":{"line":1,"column":0},"end":{"line":1,"column":40}},"1":{"start":{"line":2,"column":0},"end":{"line":2,"column":0}},"2":{"start":{"line":3,"column":0},"end":{"line":3,"column":21}},"3":{"start":{"line":4,"column":0},"end":{"line":4,"column":15}},"4":{"start":{"line":5,"column":0},"end":{"line":5,"column":22}},"5":{"start":{"line":6,"column":0},"end":{"line":6,"column":20}},"6":{"start":{"line":7,"column":0},"end":{"line":7,"column":20}},"7":{"start":{"line":8,"column":0},"end":{"line":8,"column":1}},"8":{"start":{"line":9,"column":0},"end":{"line":9,"column":0}},"9":{"start":{"line":10,"column":0},"end":{"line":10,"column":45}},"10":{"start":{"line":11,"column":0},"end":{"line":11,"column":55}},"11":{"start":{"line":12,"column":0},"end":{"line":12,"column":20}},"12":{"start":{"line":13,"column":0},"end":{"line":13,"column":3}},"13":{"start":{"line":14,"column":0},"end":{"line":14,"column":0}},"14":{"start":{"line":15,"column":0},"end":{"line":15,"column":13}},"15":{"start":{"line":16,"column":0},"end":{"line":16,"column":20}},"16":{"start":{"line":17,"column":0},"end":{"line":17,"column":3}},"17":{"start":{"line":18,"column":0},"end":{"line":18,"column":15}},"18":{"start":{"line":19,"column":0},"end":{"line":19,"column":27}},"19":{"start":{"line":20,"column":0},"end":{"line":20,"column":3}},"20":{"start":{"line":21,"column":0},"end":{"line":21,"column":22}},"21":{"start":{"line":22,"column":0},"end":{"line":22,"column":34}},"22":{"start":{"line":23,"column":0},"end":{"line":23,"column":3}},"23":{"start":{"line":24,"column":0},"end":{"line":24,"column":21}},"24":{"start":{"line":25,"column":0},"end":{"line":25,"column":33}},"25":{"start":{"line":26,"column":0},"end":{"line":26,"column":3}},"26":{"start":{"line":27,"column":0},"end":{"line":27,"column":21}},"27":{"start":{"line":28,"column":0},"end":{"line":28,"column":33}},"28":{"start":{"line":29,"column":0},"end":{"line":29,"column":3}},"29":{"start":{"line":30,"column":0},"end":{"line":30,"column":0}},"30":{"start":{"line":31,"column":0},"end":{"line":31,"column":48}},"31":{"start":{"line":32,"column":0},"end":{"line":32,"column":27}},"32":{"start":{"line":33,"column":0},"end":{"line":33,"column":15}},"33":{"start":{"line":34,"column":0},"end":{"line":34,"column":49}},"34":{"start":{"line":35,"column":0},"end":{"line":35,"column":48}},"35":{"start":{"line":36,"column":0},"end":{"line":36,"column":11}},"36":{"start":{"line":37,"column":0},"end":{"line":37,"column":0}},"37":{"start":{"line":38,"column":0},"end":{"line":38,"column":16}},"38":{"start":{"line":39,"column":0},"end":{"line":39,"column":3}},"39":{"start":{"line":40,"column":0},"end":{"line":40,"column":1}}},"s":{"0":1,"1":1,"2":1,"3":1,"4":1,"5":1,"6":1,"7":1,"8":1,"9":1,"10":1,"11":13,"12":13,"13":1,"14":1,"15":19,"16":19,"17":1,"18":0,"19":0,"20":1,"21":0,"22":0,"23":1,"24":0,"25":0,"26":1,"27":0,"28":0,"29":1,"30":1,"31":13,"32":13,"33":13,"34":13,"35":13,"36":13,"37":13,"38":13,"39":1},"branchMap":{"0":{"type":"branch","line":10,"loc":{"start":{"line":10,"column":13},"end":{"line":10,"column":17}},"locations":[{"start":{"line":10,"column":13},"end":{"line":10,"column":17}}]},"1":{"type":"branch","line":15,"loc":{"start":{"line":15,"column":2},"end":{"line":17,"column":3}},"locations":[{"start":{"line":15,"column":2},"end":{"line":17,"column":3}}]},"2":{"type":"branch","line":31,"loc":{"start":{"line":31,"column":9},"end":{"line":39,"column":3}},"locations":[{"start":{"line":31,"column":9},"end":{"line":39,"column":3}}]},"3":{"type":"branch","line":11,"loc":{"start":{"line":11,"column":2},"end":{"line":13,"column":3}},"locations":[{"start":{"line":11,"column":2},"end":{"line":13,"column":3}}]}},"b":{"0":[13],"1":[19],"2":[13],"3":[13]},"fnMap":{"0":{"name":"get","decl":{"start":{"line":10,"column":13},"end":{"line":10,"column":17}},"loc":{"start":{"line":10,"column":13},"end":{"line":10,"column":17}},"line":10},"1":{"name":"get id","decl":{"start":{"line":15,"column":2},"end":{"line":17,"column":3}},"loc":{"start":{"line":15,"column":2},"end":{"line":17,"column":3}},"line":15},"2":{"name":"get name","decl":{"start":{"line":18,"column":2},"end":{"line":20,"column":3}},"loc":{"start":{"line":18,"column":2},"end":{"line":20,"column":3}},"line":18},"3":{"name":"get description","decl":{"start":{"line":21,"column":2},"end":{"line":23,"column":3}},"loc":{"start":{"line":21,"column":2},"end":{"line":23,"column":3}},"line":21},"4":{"name":"get created_at","decl":{"start":{"line":24,"column":2},"end":{"line":26,"column":3}},"loc":{"start":{"line":24,"column":2},"end":{"line":26,"column":3}},"line":24},"5":{"name":"get updated_at","decl":{"start":{"line":27,"column":2},"end":{"line":29,"column":3}},"loc":{"start":{"line":27,"column":2},"end":{"line":29,"column":3}},"line":27},"6":{"name":"create","decl":{"start":{"line":31,"column":9},"end":{"line":39,"column":3}},"loc":{"start":{"line":31,"column":9},"end":{"line":39,"column":3}},"line":31},"7":{"name":"Team","decl":{"start":{"line":11,"column":2},"end":{"line":13,"column":3}},"loc":{"start":{"line":11,"column":2},"end":{"line":13,"column":3}},"line":11}},"f":{"0":13,"1":19,"2":0,"3":0,"4":0,"5":0,"6":13,"7":13}}
,"/home/sobral/www/Doculler/server/src/domain/entities/TeamMember.ts": {"path":"/home/sobral/www/Doculler/server/src/domain/entities/TeamMember.ts","all":false,"statementMap":{"0":{"start":{"line":1,"column":0},"end":{"line":1,"column":40}},"1":{"start":{"line":2,"column":0},"end":{"line":2,"column":0}},"2":{"start":{"line":3,"column":0},"end":{"line":3,"column":27}},"3":{"start":{"line":4,"column":0},"end":{"line":4,"column":18}},"4":{"start":{"line":5,"column":0},"end":{"line":5,"column":18}},"5":{"start":{"line":6,"column":0},"end":{"line":6,"column":19}},"6":{"start":{"line":7,"column":0},"end":{"line":7,"column":1}},"7":{"start":{"line":8,"column":0},"end":{"line":8,"column":0}},"8":{"start":{"line":9,"column":0},"end":{"line":9,"column":57}},"9":{"start":{"line":10,"column":0},"end":{"line":10,"column":61}},"10":{"start":{"line":11,"column":0},"end":{"line":11,"column":20}},"11":{"start":{"line":12,"column":0},"end":{"line":12,"column":3}},"12":{"start":{"line":13,"column":0},"end":{"line":13,"column":0}},"13":{"start":{"line":14,"column":0},"end":{"line":14,"column":17}},"14":{"start":{"line":15,"column":0},"end":{"line":15,"column":30}},"15":{"start":{"line":16,"column":0},"end":{"line":16,"column":3}},"16":{"start":{"line":17,"column":0},"end":{"line":17,"column":17}},"17":{"start":{"line":18,"column":0},"end":{"line":18,"column":30}},"18":{"start":{"line":19,"column":0},"end":{"line":19,"column":3}},"19":{"start":{"line":20,"column":0},"end":{"line":20,"column":19}},"20":{"start":{"line":21,"column":0},"end":{"line":21,"column":32}},"21":{"start":{"line":22,"column":0},"end":{"line":22,"column":3}},"22":{"start":{"line":23,"column":0},"end":{"line":23,"column":0}},"23":{"start":{"line":24,"column":0},"end":{"line":24,"column":54}},"24":{"start":{"line":25,"column":0},"end":{"line":25,"column":39}},"25":{"start":{"line":26,"column":0},"end":{"line":26,"column":15}},"26":{"start":{"line":27,"column":0},"end":{"line":27,"column":46}},"27":{"start":{"line":28,"column":0},"end":{"line":28,"column":11}},"28":{"start":{"line":29,"column":0},"end":{"line":29,"column":0}},"29":{"start":{"line":30,"column":0},"end":{"line":30,"column":22}},"30":{"start":{"line":31,"column":0},"end":{"line":31,"column":3}},"31":{"start":{"line":32,"column":0},"end":{"line":32,"column":1}}},"s":{"0":1,"1":1,"2":1,"3":1,"4":1,"5":1,"6":1,"7":1,"8":1,"9":1,"10":6,"11":6,"12":1,"13":1,"14":6,"15":6,"16":1,"17":6,"18":6,"19":1,"20":0,"21":0,"22":1,"23":1,"24":6,"25":6,"26":6,"27":6,"28":6,"29":6,"30":6,"31":1},"branchMap":{"0":{"type":"branch","line":9,"loc":{"start":{"line":9,"column":13},"end":{"line":9,"column":23}},"locations":[{"start":{"line":9,"column":13},"end":{"line":9,"column":23}}]},"1":{"type":"branch","line":14,"loc":{"start":{"line":14,"column":2},"end":{"line":16,"column":3}},"locations":[{"start":{"line":14,"column":2},"end":{"line":16,"column":3}}]},"2":{"type":"branch","line":17,"loc":{"start":{"line":17,"column":2},"end":{"line":19,"column":3}},"locations":[{"start":{"line":17,"column":2},"end":{"line":19,"column":3}}]},"3":{"type":"branch","line":24,"loc":{"start":{"line":24,"column":9},"end":{"line":31,"column":3}},"locations":[{"start":{"line":24,"column":9},"end":{"line":31,"column":3}}]},"4":{"type":"branch","line":10,"loc":{"start":{"line":10,"column":2},"end":{"line":12,"column":3}},"locations":[{"start":{"line":10,"column":2},"end":{"line":12,"column":3}}]}},"b":{"0":[6],"1":[6],"2":[6],"3":[6],"4":[6]},"fnMap":{"0":{"name":"get","decl":{"start":{"line":9,"column":13},"end":{"line":9,"column":23}},"loc":{"start":{"line":9,"column":13},"end":{"line":9,"column":23}},"line":9},"1":{"name":"get team_id","decl":{"start":{"line":14,"column":2},"end":{"line":16,"column":3}},"loc":{"start":{"line":14,"column":2},"end":{"line":16,"column":3}},"line":14},"2":{"name":"get user_id","decl":{"start":{"line":17,"column":2},"end":{"line":19,"column":3}},"loc":{"start":{"line":17,"column":2},"end":{"line":19,"column":3}},"line":17},"3":{"name":"get joined_at","decl":{"start":{"line":20,"column":2},"end":{"line":22,"column":3}},"loc":{"start":{"line":20,"column":2},"end":{"line":22,"column":3}},"line":20},"4":{"name":"create","decl":{"start":{"line":24,"column":9},"end":{"line":31,"column":3}},"loc":{"start":{"line":24,"column":9},"end":{"line":31,"column":3}},"line":24},"5":{"name":"TeamMember","decl":{"start":{"line":10,"column":2},"end":{"line":12,"column":3}},"loc":{"start":{"line":10,"column":2},"end":{"line":12,"column":3}},"line":10}},"f":{"0":6,"1":6,"2":6,"3":0,"4":6,"5":6}}
,"/home/sobral/www/Doculler/server/src/domain/entities/User.ts": {"path":"/home/sobral/www/Doculler/server/src/domain/entities/User.ts","all":false,"statementMap":{"0":{"start":{"line":1,"column":0},"end":{"line":1,"column":40}},"1":{"start":{"line":2,"column":0},"end":{"line":2,"column":0}},"2":{"start":{"line":3,"column":0},"end":{"line":3,"column":21}},"3":{"start":{"line":4,"column":0},"end":{"line":4,"column":15}},"4":{"start":{"line":5,"column":0},"end":{"line":5,"column":16}},"5":{"start":{"line":6,"column":0},"end":{"line":6,"column":19}},"6":{"start":{"line":7,"column":0},"end":{"line":7,"column":20}},"7":{"start":{"line":8,"column":0},"end":{"line":8,"column":20}},"8":{"start":{"line":9,"column":0},"end":{"line":9,"column":1}},"9":{"start":{"line":10,"column":0},"end":{"line":10,"column":0}},"10":{"start":{"line":11,"column":0},"end":{"line":11,"column":45}},"11":{"start":{"line":12,"column":0},"end":{"line":12,"column":55}},"12":{"start":{"line":13,"column":0},"end":{"line":13,"column":20}},"13":{"start":{"line":14,"column":0},"end":{"line":14,"column":3}},"14":{"start":{"line":15,"column":0},"end":{"line":15,"column":0}},"15":{"start":{"line":16,"column":0},"end":{"line":16,"column":12}},"16":{"start":{"line":17,"column":0},"end":{"line":17,"column":20}},"17":{"start":{"line":18,"column":0},"end":{"line":18,"column":3}},"18":{"start":{"line":19,"column":0},"end":{"line":19,"column":14}},"19":{"start":{"line":20,"column":0},"end":{"line":20,"column":27}},"20":{"start":{"line":21,"column":0},"end":{"line":21,"column":3}},"21":{"start":{"line":22,"column":0},"end":{"line":22,"column":15}},"22":{"start":{"line":23,"column":0},"end":{"line":23,"column":28}},"23":{"start":{"line":24,"column":0},"end":{"line":24,"column":3}},"24":{"start":{"line":25,"column":0},"end":{"line":25,"column":18}},"25":{"start":{"line":26,"column":0},"end":{"line":26,"column":31}},"26":{"start":{"line":27,"column":0},"end":{"line":27,"column":3}},"27":{"start":{"line":28,"column":0},"end":{"line":28,"column":20}},"28":{"start":{"line":29,"column":0},"end":{"line":29,"column":33}},"29":{"start":{"line":30,"column":0},"end":{"line":30,"column":3}},"30":{"start":{"line":31,"column":0},"end":{"line":31,"column":20}},"31":{"start":{"line":32,"column":0},"end":{"line":32,"column":33}},"32":{"start":{"line":33,"column":0},"end":{"line":33,"column":3}},"33":{"start":{"line":34,"column":0},"end":{"line":34,"column":0}},"34":{"start":{"line":35,"column":0},"end":{"line":35,"column":48}},"35":{"start":{"line":36,"column":0},"end":{"line":36,"column":27}},"36":{"start":{"line":37,"column":0},"end":{"line":37,"column":15}},"37":{"start":{"line":38,"column":0},"end":{"line":38,"column":49}},"38":{"start":{"line":39,"column":0},"end":{"line":39,"column":48}},"39":{"start":{"line":40,"column":0},"end":{"line":40,"column":11}},"40":{"start":{"line":41,"column":0},"end":{"line":41,"column":0}},"41":{"start":{"line":42,"column":0},"end":{"line":42,"column":16}},"42":{"start":{"line":43,"column":0},"end":{"line":43,"column":3}},"43":{"start":{"line":44,"column":0},"end":{"line":44,"column":1}}},"s":{"0":1,"1":1,"2":1,"3":1,"4":1,"5":1,"6":1,"7":1,"8":1,"9":1,"10":1,"11":1,"12":13,"13":13,"14":1,"15":1,"16":7,"17":7,"18":1,"19":3,"20":3,"21":1,"22":14,"23":14,"24":1,"25":6,"26":6,"27":1,"28":0,"29":0,"30":1,"31":0,"32":0,"33":1,"34":1,"35":13,"36":13,"37":13,"38":13,"39":13,"40":13,"41":13,"42":13,"43":1},"branchMap":{"0":{"type":"branch","line":11,"loc":{"start":{"line":11,"column":13},"end":{"line":11,"column":17}},"locations":[{"start":{"line":11,"column":13},"end":{"line":11,"column":17}}]},"1":{"type":"branch","line":16,"loc":{"start":{"line":16,"column":2},"end":{"line":18,"column":3}},"locations":[{"start":{"line":16,"column":2},"end":{"line":18,"column":3}}]},"2":{"type":"branch","line":19,"loc":{"start":{"line":19,"column":2},"end":{"line":21,"column":3}},"locations":[{"start":{"line":19,"column":2},"end":{"line":21,"column":3}}]},"3":{"type":"branch","line":22,"loc":{"start":{"line":22,"column":2},"end":{"line":24,"column":3}},"locations":[{"start":{"line":22,"column":2},"end":{"line":24,"column":3}}]},"4":{"type":"branch","line":25,"loc":{"start":{"line":25,"column":2},"end":{"line":27,"column":3}},"locations":[{"start":{"line":25,"column":2},"end":{"line":27,"column":3}}]},"5":{"type":"branch","line":35,"loc":{"start":{"line":35,"column":9},"end":{"line":43,"column":3}},"locations":[{"start":{"line":35,"column":9},"end":{"line":43,"column":3}}]},"6":{"type":"branch","line":12,"loc":{"start":{"line":12,"column":2},"end":{"line":14,"column":3}},"locations":[{"start":{"line":12,"column":2},"end":{"line":14,"column":3}}]}},"b":{"0":[13],"1":[7],"2":[3],"3":[14],"4":[6],"5":[13],"6":[13]},"fnMap":{"0":{"name":"get","decl":{"start":{"line":11,"column":13},"end":{"line":11,"column":17}},"loc":{"start":{"line":11,"column":13},"end":{"line":11,"column":17}},"line":11},"1":{"name":"get id","decl":{"start":{"line":16,"column":2},"end":{"line":18,"column":3}},"loc":{"start":{"line":16,"column":2},"end":{"line":18,"column":3}},"line":16},"2":{"name":"get name","decl":{"start":{"line":19,"column":2},"end":{"line":21,"column":3}},"loc":{"start":{"line":19,"column":2},"end":{"line":21,"column":3}},"line":19},"3":{"name":"get email","decl":{"start":{"line":22,"column":2},"end":{"line":24,"column":3}},"loc":{"start":{"line":22,"column":2},"end":{"line":24,"column":3}},"line":22},"4":{"name":"get password","decl":{"start":{"line":25,"column":2},"end":{"line":27,"column":3}},"loc":{"start":{"line":25,"column":2},"end":{"line":27,"column":3}},"line":25},"5":{"name":"get created_at","decl":{"start":{"line":28,"column":2},"end":{"line":30,"column":3}},"loc":{"start":{"line":28,"column":2},"end":{"line":30,"column":3}},"line":28},"6":{"name":"get updated_at","decl":{"start":{"line":31,"column":2},"end":{"line":33,"column":3}},"loc":{"start":{"line":31,"column":2},"end":{"line":33,"column":3}},"line":31},"7":{"name":"create","decl":{"start":{"line":35,"column":9},"end":{"line":43,"column":3}},"loc":{"start":{"line":35,"column":9},"end":{"line":43,"column":3}},"line":35},"8":{"name":"User","decl":{"start":{"line":12,"column":2},"end":{"line":14,"column":3}},"loc":{"start":{"line":12,"column":2},"end":{"line":14,"column":3}},"line":12}},"f":{"0":13,"1":7,"2":3,"3":14,"4":6,"5":0,"6":0,"7":13,"8":13}}
,"/home/sobral/www/Doculler/server/tests/repositories/in-memory-project-repository.ts": {"path":"/home/sobral/www/Doculler/server/tests/repositories/in-memory-project-repository.ts","all":false,"statementMap":{"0":{"start":{"line":1,"column":0},"end":{"line":1,"column":90}},"1":{"start":{"line":2,"column":0},"end":{"line":2,"column":59}},"2":{"start":{"line":3,"column":0},"end":{"line":3,"column":0}},"3":{"start":{"line":4,"column":0},"end":{"line":4,"column":40}},"4":{"start":{"line":5,"column":0},"end":{"line":5,"column":30}},"5":{"start":{"line":6,"column":0},"end":{"line":6,"column":0}},"6":{"start":{"line":7,"column":0},"end":{"line":7,"column":59}},"7":{"start":{"line":8,"column":0},"end":{"line":8,"column":48}},"8":{"start":{"line":9,"column":0},"end":{"line":9,"column":0}},"9":{"start":{"line":10,"column":0},"end":{"line":10,"column":36}},"10":{"start":{"line":11,"column":0},"end":{"line":11,"column":11}},"11":{"start":{"line":12,"column":0},"end":{"line":12,"column":18}},"12":{"start":{"line":13,"column":0},"end":{"line":13,"column":13}},"13":{"start":{"line":14,"column":0},"end":{"line":14,"column":7}},"14":{"start":{"line":15,"column":0},"end":{"line":15,"column":0}},"15":{"start":{"line":16,"column":0},"end":{"line":16,"column":19}},"16":{"start":{"line":17,"column":0},"end":{"line":17,"column":3}},"17":{"start":{"line":18,"column":0},"end":{"line":18,"column":51}},"18":{"start":{"line":19,"column":0},"end":{"line":19,"column":0}},"19":{"start":{"line":20,"column":0},"end":{"line":20,"column":14}},"20":{"start":{"line":21,"column":0},"end":{"line":21,"column":3}},"21":{"start":{"line":22,"column":0},"end":{"line":22,"column":1}}},"s":{"0":1,"1":1,"2":1,"3":1,"4":1,"5":1,"6":1,"7":2,"8":2,"9":2,"10":2,"11":2,"12":2,"13":2,"14":2,"15":2,"16":2,"17":1,"18":0,"19":0,"20":0,"21":1},"branchMap":{"0":{"type":"branch","line":4,"loc":{"start":{"line":4,"column":13},"end":{"line":4,"column":38}},"locations":[{"start":{"line":4,"column":13},"end":{"line":4,"column":38}}]},"1":{"type":"branch","line":7,"loc":{"start":{"line":7,"column":2},"end":{"line":17,"column":3}},"locations":[{"start":{"line":7,"column":2},"end":{"line":17,"column":3}}]}},"b":{"0":[5],"1":[2]},"fnMap":{"0":{"name":"get","decl":{"start":{"line":4,"column":13},"end":{"line":4,"column":38}},"loc":{"start":{"line":4,"column":13},"end":{"line":4,"column":38}},"line":4},"1":{"name":"create","decl":{"start":{"line":7,"column":2},"end":{"line":17,"column":3}},"loc":{"start":{"line":7,"column":2},"end":{"line":17,"column":3}},"line":7},"2":{"name":"getProjectsFromTeam","decl":{"start":{"line":18,"column":2},"end":{"line":21,"column":3}},"loc":{"start":{"line":18,"column":2},"end":{"line":21,"column":3}},"line":18}},"f":{"0":5,"1":2,"2":0}}
,"/home/sobral/www/Doculler/server/tests/repositories/in-memory-team-member-repository.ts": {"path":"/home/sobral/www/Doculler/server/tests/repositories/in-memory-team-member-repository.ts","all":false,"statementMap":{"0":{"start":{"line":1,"column":0},"end":{"line":1,"column":111}},"1":{"start":{"line":2,"column":0},"end":{"line":2,"column":66}},"2":{"start":{"line":3,"column":0},"end":{"line":3,"column":0}},"3":{"start":{"line":4,"column":0},"end":{"line":4,"column":43}},"4":{"start":{"line":5,"column":0},"end":{"line":5,"column":33}},"5":{"start":{"line":6,"column":0},"end":{"line":6,"column":0}},"6":{"start":{"line":7,"column":0},"end":{"line":7,"column":61}},"7":{"start":{"line":8,"column":0},"end":{"line":8,"column":45}},"8":{"start":{"line":9,"column":0},"end":{"line":9,"column":28}},"9":{"start":{"line":10,"column":0},"end":{"line":10,"column":27}},"10":{"start":{"line":11,"column":0},"end":{"line":11,"column":7}},"11":{"start":{"line":12,"column":0},"end":{"line":12,"column":0}},"12":{"start":{"line":13,"column":0},"end":{"line":13,"column":35}},"13":{"start":{"line":14,"column":0},"end":{"line":14,"column":0}},"14":{"start":{"line":15,"column":0},"end":{"line":15,"column":25}},"15":{"start":{"line":16,"column":0},"end":{"line":16,"column":3}},"16":{"start":{"line":17,"column":0},"end":{"line":17,"column":0}},"17":{"start":{"line":18,"column":0},"end":{"line":18,"column":60}},"18":{"start":{"line":19,"column":0},"end":{"line":19,"column":114}},"19":{"start":{"line":20,"column":0},"end":{"line":20,"column":3}},"20":{"start":{"line":21,"column":0},"end":{"line":21,"column":1}}},"s":{"0":1,"1":1,"2":1,"3":1,"4":1,"5":1,"6":1,"7":1,"8":1,"9":1,"10":1,"11":1,"12":1,"13":1,"14":1,"15":1,"16":1,"17":1,"18":1,"19":1,"20":1},"branchMap":{"0":{"type":"branch","line":4,"loc":{"start":{"line":4,"column":13},"end":{"line":4,"column":41}},"locations":[{"start":{"line":4,"column":13},"end":{"line":4,"column":41}}]},"1":{"type":"branch","line":7,"loc":{"start":{"line":7,"column":2},"end":{"line":16,"column":3}},"locations":[{"start":{"line":7,"column":2},"end":{"line":16,"column":3}}]},"2":{"type":"branch","line":18,"loc":{"start":{"line":18,"column":2},"end":{"line":20,"column":3}},"locations":[{"start":{"line":18,"column":2},"end":{"line":20,"column":3}}]},"3":{"type":"branch","line":19,"loc":{"start":{"line":19,"column":35},"end":{"line":19,"column":112}},"locations":[{"start":{"line":19,"column":35},"end":{"line":19,"column":112}}]}},"b":{"0":[9],"1":[1],"2":[1],"3":[1]},"fnMap":{"0":{"name":"get","decl":{"start":{"line":4,"column":13},"end":{"line":4,"column":41}},"loc":{"start":{"line":4,"column":13},"end":{"line":4,"column":41}},"line":4},"1":{"name":"add","decl":{"start":{"line":7,"column":2},"end":{"line":16,"column":3}},"loc":{"start":{"line":7,"column":2},"end":{"line":16,"column":3}},"line":7},"2":{"name":"deleteById","decl":{"start":{"line":18,"column":2},"end":{"line":20,"column":3}},"loc":{"start":{"line":18,"column":2},"end":{"line":20,"column":3}},"line":18}},"f":{"0":9,"1":1,"2":1}}
,"/home/sobral/www/Doculler/server/tests/repositories/in-memory-team-repository.ts": {"path":"/home/sobral/www/Doculler/server/tests/repositories/in-memory-team-repository.ts","all":false,"statementMap":{"0":{"start":{"line":1,"column":0},"end":{"line":1,"column":84}},"1":{"start":{"line":2,"column":0},"end":{"line":2,"column":54}},"2":{"start":{"line":3,"column":0},"end":{"line":3,"column":0}},"3":{"start":{"line":4,"column":0},"end":{"line":4,"column":37}},"4":{"start":{"line":5,"column":0},"end":{"line":5,"column":27}},"5":{"start":{"line":6,"column":0},"end":{"line":6,"column":0}},"6":{"start":{"line":7,"column":0},"end":{"line":7,"column":55}},"7":{"start":{"line":8,"column":0},"end":{"line":8,"column":33}},"8":{"start":{"line":9,"column":0},"end":{"line":9,"column":22}},"9":{"start":{"line":10,"column":0},"end":{"line":10,"column":35}},"10":{"start":{"line":11,"column":0},"end":{"line":11,"column":7}},"11":{"start":{"line":12,"column":0},"end":{"line":12,"column":0}},"12":{"start":{"line":13,"column":0},"end":{"line":13,"column":29}},"13":{"start":{"line":14,"column":0},"end":{"line":14,"column":0}},"14":{"start":{"line":15,"column":0},"end":{"line":15,"column":19}},"15":{"start":{"line":16,"column":0},"end":{"line":16,"column":3}},"16":{"start":{"line":17,"column":0},"end":{"line":17,"column":0}},"17":{"start":{"line":18,"column":0},"end":{"line":18,"column":57}},"18":{"start":{"line":19,"column":0},"end":{"line":19,"column":62}},"19":{"start":{"line":20,"column":0},"end":{"line":20,"column":0}},"20":{"start":{"line":21,"column":0},"end":{"line":21,"column":13}},"21":{"start":{"line":22,"column":0},"end":{"line":22,"column":18}},"22":{"start":{"line":23,"column":0},"end":{"line":23,"column":0}},"23":{"start":{"line":24,"column":0},"end":{"line":24,"column":16}},"24":{"start":{"line":25,"column":0},"end":{"line":25,"column":3}},"25":{"start":{"line":26,"column":0},"end":{"line":26,"column":0}},"26":{"start":{"line":27,"column":0},"end":{"line":27,"column":52}},"27":{"start":{"line":28,"column":0},"end":{"line":28,"column":65}},"28":{"start":{"line":29,"column":0},"end":{"line":29,"column":3}},"29":{"start":{"line":30,"column":0},"end":{"line":30,"column":1}}},"s":{"0":1,"1":1,"2":1,"3":1,"4":1,"5":1,"6":1,"7":1,"8":1,"9":1,"10":1,"11":1,"12":1,"13":1,"14":1,"15":1,"16":1,"17":1,"18":8,"19":8,"20":8,"21":8,"22":5,"23":5,"24":5,"25":1,"26":1,"27":1,"28":1,"29":1},"branchMap":{"0":{"type":"branch","line":4,"loc":{"start":{"line":4,"column":13},"end":{"line":4,"column":35}},"locations":[{"start":{"line":4,"column":13},"end":{"line":4,"column":35}}]},"1":{"type":"branch","line":7,"loc":{"start":{"line":7,"column":2},"end":{"line":16,"column":3}},"locations":[{"start":{"line":7,"column":2},"end":{"line":16,"column":3}}]},"2":{"type":"branch","line":18,"loc":{"start":{"line":18,"column":2},"end":{"line":25,"column":3}},"locations":[{"start":{"line":18,"column":2},"end":{"line":25,"column":3}}]},"3":{"type":"branch","line":22,"loc":{"start":{"line":22,"column":6},"end":{"line":25,"column":3}},"locations":[{"start":{"line":22,"column":6},"end":{"line":25,"column":3}}]},"4":{"type":"branch","line":22,"loc":{"start":{"line":22,"column":6},"end":{"line":22,"column":18}},"locations":[{"start":{"line":22,"column":6},"end":{"line":22,"column":18}}]},"5":{"type":"branch","line":23,"loc":{"start":{"line":23,"column":-1},"end":{"line":25,"column":3}},"locations":[{"start":{"line":23,"column":-1},"end":{"line":25,"column":3}}]},"6":{"type":"branch","line":19,"loc":{"start":{"line":19,"column":33},"end":{"line":19,"column":60}},"locations":[{"start":{"line":19,"column":33},"end":{"line":19,"column":60}}]},"7":{"type":"branch","line":27,"loc":{"start":{"line":27,"column":2},"end":{"line":29,"column":3}},"locations":[{"start":{"line":27,"column":2},"end":{"line":29,"column":3}}]},"8":{"type":"branch","line":28,"loc":{"start":{"line":28,"column":35},"end":{"line":28,"column":63}},"locations":[{"start":{"line":28,"column":35},"end":{"line":28,"column":63}}]}},"b":{"0":[18],"1":[1],"2":[8],"3":[7],"4":[3],"5":[5],"6":[7],"7":[1],"8":[1]},"fnMap":{"0":{"name":"get","decl":{"start":{"line":4,"column":13},"end":{"line":4,"column":35}},"loc":{"start":{"line":4,"column":13},"end":{"line":4,"column":35}},"line":4},"1":{"name":"create","decl":{"start":{"line":7,"column":2},"end":{"line":16,"column":3}},"loc":{"start":{"line":7,"column":2},"end":{"line":16,"column":3}},"line":7},"2":{"name":"findById","decl":{"start":{"line":18,"column":2},"end":{"line":25,"column":3}},"loc":{"start":{"line":18,"column":2},"end":{"line":25,"column":3}},"line":18},"3":{"name":"deleteById","decl":{"start":{"line":27,"column":2},"end":{"line":29,"column":3}},"loc":{"start":{"line":27,"column":2},"end":{"line":29,"column":3}},"line":27}},"f":{"0":18,"1":1,"2":8,"3":1}}
,"/home/sobral/www/Doculler/server/tests/repositories/in-memory-user-repository.ts": {"path":"/home/sobral/www/Doculler/server/tests/repositories/in-memory-user-repository.ts","all":false,"statementMap":{"0":{"start":{"line":1,"column":0},"end":{"line":1,"column":76}},"1":{"start":{"line":2,"column":0},"end":{"line":2,"column":53}},"2":{"start":{"line":3,"column":0},"end":{"line":3,"column":0}},"3":{"start":{"line":4,"column":0},"end":{"line":4,"column":37}},"4":{"start":{"line":5,"column":0},"end":{"line":5,"column":27}},"5":{"start":{"line":6,"column":0},"end":{"line":6,"column":0}},"6":{"start":{"line":7,"column":0},"end":{"line":7,"column":64}},"7":{"start":{"line":8,"column":0},"end":{"line":8,"column":68}},"8":{"start":{"line":9,"column":0},"end":{"line":9,"column":0}},"9":{"start":{"line":10,"column":0},"end":{"line":10,"column":13}},"10":{"start":{"line":11,"column":0},"end":{"line":11,"column":18}},"11":{"start":{"line":12,"column":0},"end":{"line":12,"column":0}},"12":{"start":{"line":13,"column":0},"end":{"line":13,"column":16}},"13":{"start":{"line":14,"column":0},"end":{"line":14,"column":3}},"14":{"start":{"line":15,"column":0},"end":{"line":15,"column":0}},"15":{"start":{"line":16,"column":0},"end":{"line":16,"column":55}},"16":{"start":{"line":17,"column":0},"end":{"line":17,"column":33}},"17":{"start":{"line":18,"column":0},"end":{"line":18,"column":22}},"18":{"start":{"line":19,"column":0},"end":{"line":19,"column":24}},"19":{"start":{"line":20,"column":0},"end":{"line":20,"column":30}},"20":{"start":{"line":21,"column":0},"end":{"line":21,"column":7}},"21":{"start":{"line":22,"column":0},"end":{"line":22,"column":0}},"22":{"start":{"line":23,"column":0},"end":{"line":23,"column":29}},"23":{"start":{"line":24,"column":0},"end":{"line":24,"column":0}},"24":{"start":{"line":25,"column":0},"end":{"line":25,"column":19}},"25":{"start":{"line":26,"column":0},"end":{"line":26,"column":3}},"26":{"start":{"line":27,"column":0},"end":{"line":27,"column":0}},"27":{"start":{"line":28,"column":0},"end":{"line":28,"column":57}},"28":{"start":{"line":29,"column":0},"end":{"line":29,"column":62}},"29":{"start":{"line":30,"column":0},"end":{"line":30,"column":0}},"30":{"start":{"line":31,"column":0},"end":{"line":31,"column":13}},"31":{"start":{"line":32,"column":0},"end":{"line":32,"column":18}},"32":{"start":{"line":33,"column":0},"end":{"line":33,"column":0}},"33":{"start":{"line":34,"column":0},"end":{"line":34,"column":16}},"34":{"start":{"line":35,"column":0},"end":{"line":35,"column":3}},"35":{"start":{"line":36,"column":0},"end":{"line":36,"column":1}}},"s":{"0":1,"1":1,"2":1,"3":1,"4":1,"5":1,"6":1,"7":11,"8":11,"9":11,"10":11,"11":4,"12":4,"13":4,"14":1,"15":1,"16":4,"17":4,"18":4,"19":4,"20":4,"21":4,"22":4,"23":4,"24":4,"25":4,"26":1,"27":1,"28":2,"29":2,"30":2,"31":2,"32":1,"33":1,"34":1,"35":1},"branchMap":{"0":{"type":"branch","line":4,"loc":{"start":{"line":4,"column":13},"end":{"line":4,"column":35}},"locations":[{"start":{"line":4,"column":13},"end":{"line":4,"column":35}}]},"1":{"type":"branch","line":7,"loc":{"start":{"line":7,"column":2},"end":{"line":14,"column":3}},"locations":[{"start":{"line":7,"column":2},"end":{"line":14,"column":3}}]},"2":{"type":"branch","line":11,"loc":{"start":{"line":11,"column":6},"end":{"line":11,"column":18}},"locations":[{"start":{"line":11,"column":6},"end":{"line":11,"column":18}}]},"3":{"type":"branch","line":12,"loc":{"start":{"line":12,"column":-1},"end":{"line":14,"column":3}},"locations":[{"start":{"line":12,"column":-1},"end":{"line":14,"column":3}}]},"4":{"type":"branch","line":8,"loc":{"start":{"line":8,"column":33},"end":{"line":8,"column":66}},"locations":[{"start":{"line":8,"column":33},"end":{"line":8,"column":66}}]},"5":{"type":"branch","line":16,"loc":{"start":{"line":16,"column":2},"end":{"line":26,"column":3}},"locations":[{"start":{"line":16,"column":2},"end":{"line":26,"column":3}}]},"6":{"type":"branch","line":28,"loc":{"start":{"line":28,"column":2},"end":{"line":35,"column":3}},"locations":[{"start":{"line":28,"column":2},"end":{"line":35,"column":3}}]},"7":{"type":"branch","line":32,"loc":{"start":{"line":32,"column":6},"end":{"line":35,"column":3}},"locations":[{"start":{"line":32,"column":6},"end":{"line":35,"column":3}}]},"8":{"type":"branch","line":29,"loc":{"start":{"line":29,"column":33},"end":{"line":29,"column":60}},"locations":[{"start":{"line":29,"column":33},"end":{"line":29,"column":60}}]}},"b":{"0":[10],"1":[11],"2":[7],"3":[4],"4":[7],"5":[4],"6":[2],"7":[1],"8":[1]},"fnMap":{"0":{"name":"get","decl":{"start":{"line":4,"column":13},"end":{"line":4,"column":35}},"loc":{"start":{"line":4,"column":13},"end":{"line":4,"column":35}},"line":4},"1":{"name":"findByEmail","decl":{"start":{"line":7,"column":2},"end":{"line":14,"column":3}},"loc":{"start":{"line":7,"column":2},"end":{"line":14,"column":3}},"line":7},"2":{"name":"register","decl":{"start":{"line":16,"column":2},"end":{"line":26,"column":3}},"loc":{"start":{"line":16,"column":2},"end":{"line":26,"column":3}},"line":16},"3":{"name":"findById","decl":{"start":{"line":28,"column":2},"end":{"line":35,"column":3}},"loc":{"start":{"line":28,"column":2},"end":{"line":35,"column":3}},"line":28}},"f":{"0":10,"1":11,"2":4,"3":2}}
}
