{"/home/sobral/www/Doculler/server/src/adapters/json-web-token/json-web-token-jwt-adapter.ts": {"path":"/home/sobral/www/Doculler/server/src/adapters/json-web-token/json-web-token-jwt-adapter.ts","all":false,"statementMap":{"0":{"start":{"line":1,"column":0},"end":{"line":1,"column":23}},"1":{"start":{"line":2,"column":0},"end":{"line":2,"column":31}},"2":{"start":{"line":3,"column":0},"end":{"line":3,"column":0}},"3":{"start":{"line":4,"column":0},"end":{"line":4,"column":64}},"4":{"start":{"line":5,"column":0},"end":{"line":5,"column":0}},"5":{"start":{"line":6,"column":0},"end":{"line":6,"column":22}},"6":{"start":{"line":7,"column":0},"end":{"line":7,"column":16}},"7":{"start":{"line":8,"column":0},"end":{"line":8,"column":1}},"8":{"start":{"line":9,"column":0},"end":{"line":9,"column":0}},"9":{"start":{"line":10,"column":0},"end":{"line":10,"column":70}},"10":{"start":{"line":11,"column":0},"end":{"line":11,"column":18}},"11":{"start":{"line":12,"column":0},"end":{"line":12,"column":0}},"12":{"start":{"line":13,"column":0},"end":{"line":13,"column":17}},"13":{"start":{"line":14,"column":0},"end":{"line":14,"column":42}},"14":{"start":{"line":15,"column":0},"end":{"line":15,"column":3}},"15":{"start":{"line":16,"column":0},"end":{"line":16,"column":0}},"16":{"start":{"line":17,"column":0},"end":{"line":17,"column":61}},"17":{"start":{"line":18,"column":0},"end":{"line":18,"column":27}},"18":{"start":{"line":19,"column":0},"end":{"line":19,"column":15}},"19":{"start":{"line":20,"column":0},"end":{"line":20,"column":20}},"20":{"start":{"line":21,"column":0},"end":{"line":21,"column":37}},"21":{"start":{"line":22,"column":0},"end":{"line":22,"column":6}},"22":{"start":{"line":23,"column":0},"end":{"line":23,"column":0}},"23":{"start":{"line":24,"column":0},"end":{"line":24,"column":17}},"24":{"start":{"line":25,"column":0},"end":{"line":25,"column":4}},"25":{"start":{"line":26,"column":0},"end":{"line":26,"column":1}}},"s":{"0":1,"1":1,"2":1,"3":1,"4":1,"5":1,"6":1,"7":1,"8":1,"9":1,"10":1,"11":1,"12":1,"13":3,"14":3,"15":1,"16":1,"17":5,"18":5,"19":5,"20":5,"21":5,"22":5,"23":5,"24":5,"25":1},"branchMap":{"0":{"type":"branch","line":10,"loc":{"start":{"line":10,"column":13},"end":{"line":10,"column":25}},"locations":[{"start":{"line":10,"column":13},"end":{"line":10,"column":25}}]},"1":{"type":"branch","line":17,"loc":{"start":{"line":17,"column":2},"end":{"line":25,"column":4}},"locations":[{"start":{"line":17,"column":2},"end":{"line":25,"column":4}}]},"2":{"type":"branch","line":13,"loc":{"start":{"line":13,"column":2},"end":{"line":15,"column":3}},"locations":[{"start":{"line":13,"column":2},"end":{"line":15,"column":3}}]}},"b":{"0":[3],"1":[5],"2":[3]},"fnMap":{"0":{"name":"get","decl":{"start":{"line":10,"column":13},"end":{"line":10,"column":25}},"loc":{"start":{"line":10,"column":13},"end":{"line":10,"column":25}},"line":10},"1":{"name":"sign","decl":{"start":{"line":17,"column":2},"end":{"line":25,"column":4}},"loc":{"start":{"line":17,"column":2},"end":{"line":25,"column":4}},"line":17},"2":{"name":"JsonWebToken","decl":{"start":{"line":13,"column":2},"end":{"line":15,"column":3}},"loc":{"start":{"line":13,"column":2},"end":{"line":15,"column":3}},"line":13}},"f":{"0":3,"1":5,"2":3}}
,"/home/sobral/www/Doculler/server/src/application/services/document-services/create-document-service.ts": {"path":"/home/sobral/www/Doculler/server/src/application/services/document-services/create-document-service.ts","all":false,"statementMap":{"0":{"start":{"line":1,"column":0},"end":{"line":1,"column":76}},"1":{"start":{"line":2,"column":0},"end":{"line":2,"column":74}},"2":{"start":{"line":3,"column":0},"end":{"line":3,"column":68}},"3":{"start":{"line":4,"column":0},"end":{"line":4,"column":70}},"4":{"start":{"line":5,"column":0},"end":{"line":5,"column":61}},"5":{"start":{"line":6,"column":0},"end":{"line":6,"column":0}},"6":{"start":{"line":7,"column":0},"end":{"line":7,"column":39}},"7":{"start":{"line":8,"column":0},"end":{"line":8,"column":15}},"8":{"start":{"line":9,"column":0},"end":{"line":9,"column":18}},"9":{"start":{"line":10,"column":0},"end":{"line":10,"column":21}},"10":{"start":{"line":11,"column":0},"end":{"line":11,"column":18}},"11":{"start":{"line":12,"column":0},"end":{"line":12,"column":1}},"12":{"start":{"line":13,"column":0},"end":{"line":13,"column":0}},"13":{"start":{"line":14,"column":0},"end":{"line":14,"column":36}},"14":{"start":{"line":15,"column":0},"end":{"line":15,"column":14}},"15":{"start":{"line":16,"column":0},"end":{"line":16,"column":60}},"16":{"start":{"line":17,"column":0},"end":{"line":17,"column":52}},"17":{"start":{"line":18,"column":0},"end":{"line":18,"column":57}},"18":{"start":{"line":19,"column":0},"end":{"line":19,"column":6}},"19":{"start":{"line":20,"column":0},"end":{"line":20,"column":0}},"20":{"start":{"line":21,"column":0},"end":{"line":21,"column":89}},"21":{"start":{"line":22,"column":0},"end":{"line":22,"column":59}},"22":{"start":{"line":23,"column":0},"end":{"line":23,"column":0}},"23":{"start":{"line":24,"column":0},"end":{"line":24,"column":13}},"24":{"start":{"line":25,"column":0},"end":{"line":25,"column":62}},"25":{"start":{"line":26,"column":0},"end":{"line":26,"column":0}},"26":{"start":{"line":27,"column":0},"end":{"line":27,"column":16}},"27":{"start":{"line":28,"column":0},"end":{"line":28,"column":65}},"28":{"start":{"line":29,"column":0},"end":{"line":29,"column":0}},"29":{"start":{"line":30,"column":0},"end":{"line":30,"column":19}},"30":{"start":{"line":31,"column":0},"end":{"line":31,"column":70}},"31":{"start":{"line":32,"column":0},"end":{"line":32,"column":0}},"32":{"start":{"line":33,"column":0},"end":{"line":33,"column":69}},"33":{"start":{"line":34,"column":0},"end":{"line":34,"column":0}},"34":{"start":{"line":35,"column":0},"end":{"line":35,"column":16}},"35":{"start":{"line":36,"column":0},"end":{"line":36,"column":76}},"36":{"start":{"line":37,"column":0},"end":{"line":37,"column":0}},"37":{"start":{"line":38,"column":0},"end":{"line":38,"column":16}},"38":{"start":{"line":39,"column":0},"end":{"line":39,"column":67}},"39":{"start":{"line":40,"column":0},"end":{"line":40,"column":0}},"40":{"start":{"line":41,"column":0},"end":{"line":41,"column":61}},"41":{"start":{"line":42,"column":0},"end":{"line":42,"column":0}},"42":{"start":{"line":43,"column":0},"end":{"line":43,"column":13}},"43":{"start":{"line":44,"column":0},"end":{"line":44,"column":73}},"44":{"start":{"line":45,"column":0},"end":{"line":45,"column":0}},"45":{"start":{"line":46,"column":0},"end":{"line":46,"column":45}},"46":{"start":{"line":47,"column":0},"end":{"line":47,"column":11}},"47":{"start":{"line":48,"column":0},"end":{"line":48,"column":17}},"48":{"start":{"line":49,"column":0},"end":{"line":49,"column":14}},"49":{"start":{"line":50,"column":0},"end":{"line":50,"column":13}},"50":{"start":{"line":51,"column":0},"end":{"line":51,"column":7}},"51":{"start":{"line":52,"column":0},"end":{"line":52,"column":0}},"52":{"start":{"line":53,"column":0},"end":{"line":53,"column":32}},"53":{"start":{"line":54,"column":0},"end":{"line":54,"column":75}},"54":{"start":{"line":55,"column":0},"end":{"line":55,"column":0}},"55":{"start":{"line":56,"column":0},"end":{"line":56,"column":64}},"56":{"start":{"line":57,"column":0},"end":{"line":57,"column":0}},"57":{"start":{"line":58,"column":0},"end":{"line":58,"column":40}},"58":{"start":{"line":59,"column":0},"end":{"line":59,"column":3}},"59":{"start":{"line":60,"column":0},"end":{"line":60,"column":1}}},"s":{"0":1,"1":1,"2":1,"3":1,"4":1,"5":1,"6":1,"7":1,"8":1,"9":1,"10":1,"11":1,"12":1,"13":1,"14":1,"15":1,"16":1,"17":1,"18":1,"19":1,"20":1,"21":8,"22":8,"23":8,"24":8,"25":7,"26":7,"27":8,"28":6,"29":6,"30":8,"31":5,"32":5,"33":5,"34":5,"35":8,"36":4,"37":4,"38":8,"39":3,"40":3,"41":3,"42":3,"43":8,"44":2,"45":2,"46":2,"47":2,"48":2,"49":2,"50":2,"51":2,"52":2,"53":8,"54":1,"55":1,"56":1,"57":1,"58":1,"59":1},"branchMap":{"0":{"type":"branch","line":14,"loc":{"start":{"line":14,"column":13},"end":{"line":14,"column":34}},"locations":[{"start":{"line":14,"column":13},"end":{"line":14,"column":34}}]},"1":{"type":"branch","line":21,"loc":{"start":{"line":21,"column":2},"end":{"line":59,"column":3}},"locations":[{"start":{"line":21,"column":2},"end":{"line":59,"column":3}}]},"2":{"type":"branch","line":25,"loc":{"start":{"line":25,"column":6},"end":{"line":25,"column":62}},"locations":[{"start":{"line":25,"column":6},"end":{"line":25,"column":62}}]},"3":{"type":"branch","line":26,"loc":{"start":{"line":26,"column":-1},"end":{"line":27,"column":16}},"locations":[{"start":{"line":26,"column":-1},"end":{"line":27,"column":16}}]},"4":{"type":"branch","line":28,"loc":{"start":{"line":28,"column":6},"end":{"line":28,"column":65}},"locations":[{"start":{"line":28,"column":6},"end":{"line":28,"column":65}}]},"5":{"type":"branch","line":29,"loc":{"start":{"line":29,"column":-1},"end":{"line":30,"column":19}},"locations":[{"start":{"line":29,"column":-1},"end":{"line":30,"column":19}}]},"6":{"type":"branch","line":31,"loc":{"start":{"line":31,"column":6},"end":{"line":31,"column":70}},"locations":[{"start":{"line":31,"column":6},"end":{"line":31,"column":70}}]},"7":{"type":"branch","line":32,"loc":{"start":{"line":32,"column":-1},"end":{"line":35,"column":16}},"locations":[{"start":{"line":32,"column":-1},"end":{"line":35,"column":16}}]},"8":{"type":"branch","line":36,"loc":{"start":{"line":36,"column":6},"end":{"line":36,"column":76}},"locations":[{"start":{"line":36,"column":6},"end":{"line":36,"column":76}}]},"9":{"type":"branch","line":37,"loc":{"start":{"line":37,"column":-1},"end":{"line":38,"column":16}},"locations":[{"start":{"line":37,"column":-1},"end":{"line":38,"column":16}}]},"10":{"type":"branch","line":39,"loc":{"start":{"line":39,"column":6},"end":{"line":39,"column":67}},"locations":[{"start":{"line":39,"column":6},"end":{"line":39,"column":67}}]},"11":{"type":"branch","line":40,"loc":{"start":{"line":40,"column":-1},"end":{"line":43,"column":13}},"locations":[{"start":{"line":40,"column":-1},"end":{"line":43,"column":13}}]},"12":{"type":"branch","line":44,"loc":{"start":{"line":44,"column":6},"end":{"line":44,"column":73}},"locations":[{"start":{"line":44,"column":6},"end":{"line":44,"column":73}}]},"13":{"type":"branch","line":45,"loc":{"start":{"line":45,"column":-1},"end":{"line":53,"column":32}},"locations":[{"start":{"line":45,"column":-1},"end":{"line":53,"column":32}}]},"14":{"type":"branch","line":54,"loc":{"start":{"line":54,"column":6},"end":{"line":59,"column":3}},"locations":[{"start":{"line":54,"column":6},"end":{"line":59,"column":3}}]},"15":{"type":"branch","line":15,"loc":{"start":{"line":15,"column":2},"end":{"line":19,"column":6}},"locations":[{"start":{"line":15,"column":2},"end":{"line":19,"column":6}}]}},"b":{"0":[1],"1":[8],"2":[1],"3":[7],"4":[1],"5":[6],"6":[1],"7":[5],"8":[1],"9":[4],"10":[1],"11":[3],"12":[1],"13":[2],"14":[1],"15":[1]},"fnMap":{"0":{"name":"get","decl":{"start":{"line":14,"column":13},"end":{"line":14,"column":34}},"loc":{"start":{"line":14,"column":13},"end":{"line":14,"column":34}},"line":14},"1":{"name":"execute","decl":{"start":{"line":21,"column":2},"end":{"line":59,"column":3}},"loc":{"start":{"line":21,"column":2},"end":{"line":59,"column":3}},"line":21},"2":{"name":"CreateDocumentService","decl":{"start":{"line":15,"column":2},"end":{"line":19,"column":6}},"loc":{"start":{"line":15,"column":2},"end":{"line":19,"column":6}},"line":15}},"f":{"0":1,"1":8,"2":1}}
,"/home/sobral/www/Doculler/server/src/application/services/project-member-services/create-project-member-service.ts": {"path":"/home/sobral/www/Doculler/server/src/application/services/project-member-services/create-project-member-service.ts","all":false,"statementMap":{"0":{"start":{"line":1,"column":0},"end":{"line":1,"column":74}},"1":{"start":{"line":2,"column":0},"end":{"line":2,"column":87}},"2":{"start":{"line":3,"column":0},"end":{"line":3,"column":81}},"3":{"start":{"line":4,"column":0},"end":{"line":4,"column":85}},"4":{"start":{"line":5,"column":0},"end":{"line":5,"column":53}},"5":{"start":{"line":6,"column":0},"end":{"line":6,"column":0}},"6":{"start":{"line":7,"column":0},"end":{"line":7,"column":43}},"7":{"start":{"line":8,"column":0},"end":{"line":8,"column":21}},"8":{"start":{"line":9,"column":0},"end":{"line":9,"column":18}},"9":{"start":{"line":10,"column":0},"end":{"line":10,"column":18}},"10":{"start":{"line":11,"column":0},"end":{"line":11,"column":1}},"11":{"start":{"line":12,"column":0},"end":{"line":12,"column":0}},"12":{"start":{"line":13,"column":0},"end":{"line":13,"column":41}},"13":{"start":{"line":14,"column":0},"end":{"line":14,"column":14}},"14":{"start":{"line":15,"column":0},"end":{"line":15,"column":49}},"15":{"start":{"line":16,"column":0},"end":{"line":16,"column":61}},"16":{"start":{"line":17,"column":0},"end":{"line":17,"column":55}},"17":{"start":{"line":18,"column":0},"end":{"line":18,"column":6}},"18":{"start":{"line":19,"column":0},"end":{"line":19,"column":2}},"19":{"start":{"line":20,"column":0},"end":{"line":20,"column":59}},"20":{"start":{"line":21,"column":0},"end":{"line":21,"column":53}},"21":{"start":{"line":22,"column":0},"end":{"line":22,"column":0}},"22":{"start":{"line":23,"column":0},"end":{"line":23,"column":19}},"23":{"start":{"line":24,"column":0},"end":{"line":24,"column":62}},"24":{"start":{"line":25,"column":0},"end":{"line":25,"column":0}},"25":{"start":{"line":26,"column":0},"end":{"line":26,"column":16}},"26":{"start":{"line":27,"column":0},"end":{"line":27,"column":59}},"27":{"start":{"line":28,"column":0},"end":{"line":28,"column":0}},"28":{"start":{"line":29,"column":0},"end":{"line":29,"column":16}},"29":{"start":{"line":30,"column":0},"end":{"line":30,"column":59}},"30":{"start":{"line":31,"column":0},"end":{"line":31,"column":0}},"31":{"start":{"line":32,"column":0},"end":{"line":32,"column":69}},"32":{"start":{"line":33,"column":0},"end":{"line":33,"column":0}},"33":{"start":{"line":34,"column":0},"end":{"line":34,"column":16}},"34":{"start":{"line":35,"column":0},"end":{"line":35,"column":77}},"35":{"start":{"line":36,"column":0},"end":{"line":36,"column":6}},"36":{"start":{"line":37,"column":0},"end":{"line":37,"column":35}},"37":{"start":{"line":38,"column":0},"end":{"line":38,"column":51}},"38":{"start":{"line":39,"column":0},"end":{"line":39,"column":0}},"39":{"start":{"line":40,"column":0},"end":{"line":40,"column":64}},"40":{"start":{"line":41,"column":0},"end":{"line":41,"column":23}},"41":{"start":{"line":42,"column":0},"end":{"line":42,"column":22}},"42":{"start":{"line":43,"column":0},"end":{"line":43,"column":7}},"43":{"start":{"line":44,"column":0},"end":{"line":44,"column":0}},"44":{"start":{"line":45,"column":0},"end":{"line":45,"column":19}},"45":{"start":{"line":46,"column":0},"end":{"line":46,"column":63}},"46":{"start":{"line":47,"column":0},"end":{"line":47,"column":0}},"47":{"start":{"line":48,"column":0},"end":{"line":48,"column":48}},"48":{"start":{"line":49,"column":0},"end":{"line":49,"column":14}},"49":{"start":{"line":50,"column":0},"end":{"line":50,"column":17}},"50":{"start":{"line":51,"column":0},"end":{"line":51,"column":13}},"51":{"start":{"line":52,"column":0},"end":{"line":52,"column":7}},"52":{"start":{"line":53,"column":0},"end":{"line":53,"column":0}},"53":{"start":{"line":54,"column":0},"end":{"line":54,"column":30}},"54":{"start":{"line":55,"column":0},"end":{"line":55,"column":76}},"55":{"start":{"line":56,"column":0},"end":{"line":56,"column":0}},"56":{"start":{"line":57,"column":0},"end":{"line":57,"column":64}},"57":{"start":{"line":58,"column":0},"end":{"line":58,"column":0}},"58":{"start":{"line":59,"column":0},"end":{"line":59,"column":38}},"59":{"start":{"line":60,"column":0},"end":{"line":60,"column":3}},"60":{"start":{"line":61,"column":0},"end":{"line":61,"column":1}}},"s":{"0":1,"1":1,"2":1,"3":1,"4":1,"5":1,"6":1,"7":1,"8":1,"9":1,"10":1,"11":1,"12":1,"13":1,"14":6,"15":6,"16":6,"17":6,"18":1,"19":1,"20":6,"21":6,"22":6,"23":6,"24":6,"25":6,"26":6,"27":6,"28":6,"29":6,"30":4,"31":4,"32":4,"33":4,"34":6,"35":3,"36":3,"37":6,"38":2,"39":2,"40":2,"41":2,"42":2,"43":2,"44":2,"45":6,"46":1,"47":1,"48":1,"49":1,"50":1,"51":1,"52":1,"53":1,"54":6,"55":1,"56":1,"57":1,"58":1,"59":1,"60":1},"branchMap":{"0":{"type":"branch","line":13,"loc":{"start":{"line":13,"column":13},"end":{"line":13,"column":39}},"locations":[{"start":{"line":13,"column":13},"end":{"line":13,"column":39}}]},"1":{"type":"branch","line":20,"loc":{"start":{"line":20,"column":2},"end":{"line":60,"column":3}},"locations":[{"start":{"line":20,"column":2},"end":{"line":60,"column":3}}]},"2":{"type":"branch","line":24,"loc":{"start":{"line":24,"column":6},"end":{"line":24,"column":62}},"locations":[{"start":{"line":24,"column":6},"end":{"line":24,"column":62}}]},"3":{"type":"branch","line":27,"loc":{"start":{"line":27,"column":6},"end":{"line":27,"column":59}},"locations":[{"start":{"line":27,"column":6},"end":{"line":27,"column":59}}]},"4":{"type":"branch","line":30,"loc":{"start":{"line":30,"column":6},"end":{"line":30,"column":59}},"locations":[{"start":{"line":30,"column":6},"end":{"line":30,"column":59}}]},"5":{"type":"branch","line":31,"loc":{"start":{"line":31,"column":-1},"end":{"line":34,"column":16}},"locations":[{"start":{"line":31,"column":-1},"end":{"line":34,"column":16}}]},"6":{"type":"branch","line":35,"loc":{"start":{"line":35,"column":6},"end":{"line":35,"column":77}},"locations":[{"start":{"line":35,"column":6},"end":{"line":35,"column":77}}]},"7":{"type":"branch","line":36,"loc":{"start":{"line":36,"column":-1},"end":{"line":37,"column":35}},"locations":[{"start":{"line":36,"column":-1},"end":{"line":37,"column":35}}]},"8":{"type":"branch","line":38,"loc":{"start":{"line":38,"column":6},"end":{"line":38,"column":51}},"locations":[{"start":{"line":38,"column":6},"end":{"line":38,"column":51}}]},"9":{"type":"branch","line":39,"loc":{"start":{"line":39,"column":-1},"end":{"line":45,"column":19}},"locations":[{"start":{"line":39,"column":-1},"end":{"line":45,"column":19}}]},"10":{"type":"branch","line":46,"loc":{"start":{"line":46,"column":6},"end":{"line":54,"column":30}},"locations":[{"start":{"line":46,"column":6},"end":{"line":54,"column":30}}]},"11":{"type":"branch","line":55,"loc":{"start":{"line":55,"column":6},"end":{"line":55,"column":76}},"locations":[{"start":{"line":55,"column":6},"end":{"line":55,"column":76}}]},"12":{"type":"branch","line":56,"loc":{"start":{"line":56,"column":-1},"end":{"line":60,"column":3}},"locations":[{"start":{"line":56,"column":-1},"end":{"line":60,"column":3}}]},"13":{"type":"branch","line":14,"loc":{"start":{"line":14,"column":2},"end":{"line":18,"column":6}},"locations":[{"start":{"line":14,"column":2},"end":{"line":18,"column":6}}]}},"b":{"0":[6],"1":[6],"2":[0],"3":[0],"4":[2],"5":[4],"6":[1],"7":[3],"8":[1],"9":[2],"10":[1],"11":[0],"12":[1],"13":[6]},"fnMap":{"0":{"name":"get","decl":{"start":{"line":13,"column":13},"end":{"line":13,"column":39}},"loc":{"start":{"line":13,"column":13},"end":{"line":13,"column":39}},"line":13},"1":{"name":"execute","decl":{"start":{"line":20,"column":2},"end":{"line":60,"column":3}},"loc":{"start":{"line":20,"column":2},"end":{"line":60,"column":3}},"line":20},"2":{"name":"CreateProjectMemberService","decl":{"start":{"line":14,"column":2},"end":{"line":18,"column":6}},"loc":{"start":{"line":14,"column":2},"end":{"line":18,"column":6}},"line":14}},"f":{"0":6,"1":6,"2":6}}
,"/home/sobral/www/Doculler/server/src/application/services/project-member-services/remove-project-member-service.ts": {"path":"/home/sobral/www/Doculler/server/src/application/services/project-member-services/remove-project-member-service.ts","all":false,"statementMap":{"0":{"start":{"line":1,"column":0},"end":{"line":1,"column":74}},"1":{"start":{"line":2,"column":0},"end":{"line":2,"column":87}},"2":{"start":{"line":3,"column":0},"end":{"line":3,"column":68}},"3":{"start":{"line":4,"column":0},"end":{"line":4,"column":61}},"4":{"start":{"line":5,"column":0},"end":{"line":5,"column":0}},"5":{"start":{"line":6,"column":0},"end":{"line":6,"column":43}},"6":{"start":{"line":7,"column":0},"end":{"line":7,"column":18}},"7":{"start":{"line":8,"column":0},"end":{"line":8,"column":21}},"8":{"start":{"line":9,"column":0},"end":{"line":9,"column":18}},"9":{"start":{"line":10,"column":0},"end":{"line":10,"column":1}},"10":{"start":{"line":11,"column":0},"end":{"line":11,"column":0}},"11":{"start":{"line":12,"column":0},"end":{"line":12,"column":41}},"12":{"start":{"line":13,"column":0},"end":{"line":13,"column":14}},"13":{"start":{"line":14,"column":0},"end":{"line":14,"column":43}},"14":{"start":{"line":15,"column":0},"end":{"line":15,"column":49}},"15":{"start":{"line":16,"column":0},"end":{"line":16,"column":60}},"16":{"start":{"line":17,"column":0},"end":{"line":17,"column":6}},"17":{"start":{"line":18,"column":0},"end":{"line":18,"column":0}},"18":{"start":{"line":19,"column":0},"end":{"line":19,"column":88}},"19":{"start":{"line":20,"column":0},"end":{"line":20,"column":53}},"20":{"start":{"line":21,"column":0},"end":{"line":21,"column":0}},"21":{"start":{"line":22,"column":0},"end":{"line":22,"column":16}},"22":{"start":{"line":23,"column":0},"end":{"line":23,"column":59}},"23":{"start":{"line":24,"column":0},"end":{"line":24,"column":0}},"24":{"start":{"line":25,"column":0},"end":{"line":25,"column":19}},"25":{"start":{"line":26,"column":0},"end":{"line":26,"column":62}},"26":{"start":{"line":27,"column":0},"end":{"line":27,"column":0}},"27":{"start":{"line":28,"column":0},"end":{"line":28,"column":16}},"28":{"start":{"line":29,"column":0},"end":{"line":29,"column":59}},"29":{"start":{"line":30,"column":0},"end":{"line":30,"column":4}},"30":{"start":{"line":31,"column":0},"end":{"line":31,"column":61}},"31":{"start":{"line":32,"column":0},"end":{"line":32,"column":0}},"32":{"start":{"line":33,"column":0},"end":{"line":33,"column":13}},"33":{"start":{"line":34,"column":0},"end":{"line":34,"column":70}},"34":{"start":{"line":35,"column":0},"end":{"line":35,"column":0}},"35":{"start":{"line":36,"column":0},"end":{"line":36,"column":69}},"36":{"start":{"line":37,"column":0},"end":{"line":37,"column":0}},"37":{"start":{"line":38,"column":0},"end":{"line":38,"column":16}},"38":{"start":{"line":39,"column":0},"end":{"line":39,"column":76}},"39":{"start":{"line":40,"column":0},"end":{"line":40,"column":6}},"40":{"start":{"line":41,"column":0},"end":{"line":41,"column":60}},"41":{"start":{"line":42,"column":0},"end":{"line":42,"column":14}},"42":{"start":{"line":43,"column":0},"end":{"line":43,"column":14}},"43":{"start":{"line":44,"column":0},"end":{"line":44,"column":17}},"44":{"start":{"line":45,"column":0},"end":{"line":45,"column":7}},"45":{"start":{"line":46,"column":0},"end":{"line":46,"column":3}},"46":{"start":{"line":47,"column":0},"end":{"line":47,"column":1}}},"s":{"0":1,"1":1,"2":1,"3":1,"4":1,"5":1,"6":1,"7":1,"8":1,"9":1,"10":1,"11":1,"12":1,"13":1,"14":1,"15":1,"16":1,"17":1,"18":1,"19":6,"20":6,"21":6,"22":6,"23":5,"24":5,"25":6,"26":4,"27":4,"28":6,"29":3,"30":3,"31":3,"32":3,"33":6,"34":2,"35":2,"36":2,"37":2,"38":6,"39":1,"40":1,"41":1,"42":1,"43":1,"44":1,"45":1,"46":1},"branchMap":{"0":{"type":"branch","line":12,"loc":{"start":{"line":12,"column":13},"end":{"line":12,"column":39}},"locations":[{"start":{"line":12,"column":13},"end":{"line":12,"column":39}}]},"1":{"type":"branch","line":19,"loc":{"start":{"line":19,"column":2},"end":{"line":46,"column":3}},"locations":[{"start":{"line":19,"column":2},"end":{"line":46,"column":3}}]},"2":{"type":"branch","line":23,"loc":{"start":{"line":23,"column":6},"end":{"line":23,"column":59}},"locations":[{"start":{"line":23,"column":6},"end":{"line":23,"column":59}}]},"3":{"type":"branch","line":24,"loc":{"start":{"line":24,"column":-1},"end":{"line":25,"column":19}},"locations":[{"start":{"line":24,"column":-1},"end":{"line":25,"column":19}}]},"4":{"type":"branch","line":26,"loc":{"start":{"line":26,"column":6},"end":{"line":26,"column":62}},"locations":[{"start":{"line":26,"column":6},"end":{"line":26,"column":62}}]},"5":{"type":"branch","line":27,"loc":{"start":{"line":27,"column":-1},"end":{"line":28,"column":16}},"locations":[{"start":{"line":27,"column":-1},"end":{"line":28,"column":16}}]},"6":{"type":"branch","line":29,"loc":{"start":{"line":29,"column":6},"end":{"line":29,"column":59}},"locations":[{"start":{"line":29,"column":6},"end":{"line":29,"column":59}}]},"7":{"type":"branch","line":30,"loc":{"start":{"line":30,"column":-1},"end":{"line":33,"column":13}},"locations":[{"start":{"line":30,"column":-1},"end":{"line":33,"column":13}}]},"8":{"type":"branch","line":34,"loc":{"start":{"line":34,"column":6},"end":{"line":34,"column":70}},"locations":[{"start":{"line":34,"column":6},"end":{"line":34,"column":70}}]},"9":{"type":"branch","line":35,"loc":{"start":{"line":35,"column":-1},"end":{"line":38,"column":16}},"locations":[{"start":{"line":35,"column":-1},"end":{"line":38,"column":16}}]},"10":{"type":"branch","line":39,"loc":{"start":{"line":39,"column":6},"end":{"line":46,"column":3}},"locations":[{"start":{"line":39,"column":6},"end":{"line":46,"column":3}}]},"11":{"type":"branch","line":13,"loc":{"start":{"line":13,"column":2},"end":{"line":17,"column":6}},"locations":[{"start":{"line":13,"column":2},"end":{"line":17,"column":6}}]}},"b":{"0":[1],"1":[6],"2":[1],"3":[5],"4":[1],"5":[4],"6":[1],"7":[3],"8":[1],"9":[2],"10":[1],"11":[1]},"fnMap":{"0":{"name":"get","decl":{"start":{"line":12,"column":13},"end":{"line":12,"column":39}},"loc":{"start":{"line":12,"column":13},"end":{"line":12,"column":39}},"line":12},"1":{"name":"execute","decl":{"start":{"line":19,"column":2},"end":{"line":46,"column":3}},"loc":{"start":{"line":19,"column":2},"end":{"line":46,"column":3}},"line":19},"2":{"name":"RemoveProjectMemberService","decl":{"start":{"line":13,"column":2},"end":{"line":17,"column":6}},"loc":{"start":{"line":13,"column":2},"end":{"line":17,"column":6}},"line":13}},"f":{"0":1,"1":6,"2":1}}
,"/home/sobral/www/Doculler/server/src/application/services/project-services/create-project-service.ts": {"path":"/home/sobral/www/Doculler/server/src/application/services/project-services/create-project-service.ts","all":false,"statementMap":{"0":{"start":{"line":1,"column":0},"end":{"line":1,"column":61}},"1":{"start":{"line":2,"column":0},"end":{"line":2,"column":67}},"2":{"start":{"line":3,"column":0},"end":{"line":3,"column":74}},"3":{"start":{"line":4,"column":0},"end":{"line":4,"column":68}},"4":{"start":{"line":5,"column":0},"end":{"line":5,"column":0}},"5":{"start":{"line":6,"column":0},"end":{"line":6,"column":32}},"6":{"start":{"line":7,"column":0},"end":{"line":7,"column":15}},"7":{"start":{"line":8,"column":0},"end":{"line":8,"column":23}},"8":{"start":{"line":9,"column":0},"end":{"line":9,"column":18}},"9":{"start":{"line":10,"column":0},"end":{"line":10,"column":1}},"10":{"start":{"line":11,"column":0},"end":{"line":11,"column":0}},"11":{"start":{"line":12,"column":0},"end":{"line":12,"column":35}},"12":{"start":{"line":13,"column":0},"end":{"line":13,"column":14}},"13":{"start":{"line":14,"column":0},"end":{"line":14,"column":58}},"14":{"start":{"line":15,"column":0},"end":{"line":15,"column":51}},"15":{"start":{"line":16,"column":0},"end":{"line":16,"column":6}},"16":{"start":{"line":17,"column":0},"end":{"line":17,"column":0}},"17":{"start":{"line":18,"column":0},"end":{"line":18,"column":81}},"18":{"start":{"line":19,"column":0},"end":{"line":19,"column":51}},"19":{"start":{"line":20,"column":0},"end":{"line":20,"column":0}},"20":{"start":{"line":21,"column":0},"end":{"line":21,"column":16}},"21":{"start":{"line":22,"column":0},"end":{"line":22,"column":53}},"22":{"start":{"line":23,"column":0},"end":{"line":23,"column":0}},"23":{"start":{"line":24,"column":0},"end":{"line":24,"column":61}},"24":{"start":{"line":25,"column":0},"end":{"line":25,"column":0}},"25":{"start":{"line":26,"column":0},"end":{"line":26,"column":13}},"26":{"start":{"line":27,"column":0},"end":{"line":27,"column":63}},"27":{"start":{"line":28,"column":0},"end":{"line":28,"column":0}},"28":{"start":{"line":29,"column":0},"end":{"line":29,"column":36}},"29":{"start":{"line":30,"column":0},"end":{"line":30,"column":11}},"30":{"start":{"line":31,"column":0},"end":{"line":31,"column":37}},"31":{"start":{"line":32,"column":0},"end":{"line":32,"column":13}},"32":{"start":{"line":33,"column":0},"end":{"line":33,"column":7}},"33":{"start":{"line":34,"column":0},"end":{"line":34,"column":0}},"34":{"start":{"line":35,"column":0},"end":{"line":35,"column":24}},"35":{"start":{"line":36,"column":0},"end":{"line":36,"column":76}},"36":{"start":{"line":37,"column":0},"end":{"line":37,"column":0}},"37":{"start":{"line":38,"column":0},"end":{"line":38,"column":55}},"38":{"start":{"line":39,"column":0},"end":{"line":39,"column":0}},"39":{"start":{"line":40,"column":0},"end":{"line":40,"column":32}},"40":{"start":{"line":41,"column":0},"end":{"line":41,"column":3}},"41":{"start":{"line":42,"column":0},"end":{"line":42,"column":1}}},"s":{"0":1,"1":1,"2":1,"3":1,"4":1,"5":1,"6":1,"7":1,"8":1,"9":1,"10":1,"11":1,"12":1,"13":4,"14":4,"15":4,"16":1,"17":1,"18":4,"19":4,"20":4,"21":4,"22":3,"23":3,"24":3,"25":3,"26":4,"27":2,"28":2,"29":2,"30":4,"31":4,"32":4,"33":4,"34":4,"35":4,"36":2,"37":2,"38":2,"39":2,"40":2,"41":1},"branchMap":{"0":{"type":"branch","line":12,"loc":{"start":{"line":12,"column":13},"end":{"line":12,"column":33}},"locations":[{"start":{"line":12,"column":13},"end":{"line":12,"column":33}}]},"1":{"type":"branch","line":18,"loc":{"start":{"line":18,"column":2},"end":{"line":41,"column":3}},"locations":[{"start":{"line":18,"column":2},"end":{"line":41,"column":3}}]},"2":{"type":"branch","line":22,"loc":{"start":{"line":22,"column":6},"end":{"line":22,"column":53}},"locations":[{"start":{"line":22,"column":6},"end":{"line":22,"column":53}}]},"3":{"type":"branch","line":23,"loc":{"start":{"line":23,"column":-1},"end":{"line":26,"column":13}},"locations":[{"start":{"line":23,"column":-1},"end":{"line":26,"column":13}}]},"4":{"type":"branch","line":27,"loc":{"start":{"line":27,"column":6},"end":{"line":27,"column":63}},"locations":[{"start":{"line":27,"column":6},"end":{"line":27,"column":63}}]},"5":{"type":"branch","line":28,"loc":{"start":{"line":28,"column":-1},"end":{"line":31,"column":34}},"locations":[{"start":{"line":28,"column":-1},"end":{"line":31,"column":34}}]},"6":{"type":"branch","line":31,"loc":{"start":{"line":31,"column":30},"end":{"line":31,"column":36}},"locations":[{"start":{"line":31,"column":30},"end":{"line":31,"column":36}}]},"7":{"type":"branch","line":36,"loc":{"start":{"line":36,"column":6},"end":{"line":36,"column":76}},"locations":[{"start":{"line":36,"column":6},"end":{"line":36,"column":76}}]},"8":{"type":"branch","line":37,"loc":{"start":{"line":37,"column":-1},"end":{"line":41,"column":3}},"locations":[{"start":{"line":37,"column":-1},"end":{"line":41,"column":3}}]},"9":{"type":"branch","line":13,"loc":{"start":{"line":13,"column":2},"end":{"line":16,"column":6}},"locations":[{"start":{"line":13,"column":2},"end":{"line":16,"column":6}}]}},"b":{"0":[4],"1":[4],"2":[1],"3":[3],"4":[1],"5":[2],"6":[1],"7":[0],"8":[2],"9":[4]},"fnMap":{"0":{"name":"get","decl":{"start":{"line":12,"column":13},"end":{"line":12,"column":33}},"loc":{"start":{"line":12,"column":13},"end":{"line":12,"column":33}},"line":12},"1":{"name":"execute","decl":{"start":{"line":18,"column":2},"end":{"line":41,"column":3}},"loc":{"start":{"line":18,"column":2},"end":{"line":41,"column":3}},"line":18},"2":{"name":"CreateProjectService","decl":{"start":{"line":13,"column":2},"end":{"line":16,"column":6}},"loc":{"start":{"line":13,"column":2},"end":{"line":16,"column":6}},"line":13}},"f":{"0":4,"1":4,"2":4}}
,"/home/sobral/www/Doculler/server/src/application/services/project-services/get-projects-from-team-service.ts": {"path":"/home/sobral/www/Doculler/server/src/application/services/project-services/get-projects-from-team-service.ts","all":false,"statementMap":{"0":{"start":{"line":1,"column":0},"end":{"line":1,"column":61}},"1":{"start":{"line":2,"column":0},"end":{"line":2,"column":67}},"2":{"start":{"line":3,"column":0},"end":{"line":3,"column":0}},"3":{"start":{"line":4,"column":0},"end":{"line":4,"column":74}},"4":{"start":{"line":5,"column":0},"end":{"line":5,"column":81}},"5":{"start":{"line":6,"column":0},"end":{"line":6,"column":0}},"6":{"start":{"line":7,"column":0},"end":{"line":7,"column":38}},"7":{"start":{"line":8,"column":0},"end":{"line":8,"column":18}},"8":{"start":{"line":9,"column":0},"end":{"line":9,"column":18}},"9":{"start":{"line":10,"column":0},"end":{"line":10,"column":1}},"10":{"start":{"line":11,"column":0},"end":{"line":11,"column":0}},"11":{"start":{"line":12,"column":0},"end":{"line":12,"column":34}},"12":{"start":{"line":13,"column":0},"end":{"line":13,"column":14}},"13":{"start":{"line":14,"column":0},"end":{"line":14,"column":58}},"14":{"start":{"line":15,"column":0},"end":{"line":15,"column":63}},"15":{"start":{"line":16,"column":0},"end":{"line":16,"column":6}},"16":{"start":{"line":17,"column":0},"end":{"line":17,"column":0}},"17":{"start":{"line":18,"column":0},"end":{"line":18,"column":89}},"18":{"start":{"line":19,"column":0},"end":{"line":19,"column":41}},"19":{"start":{"line":20,"column":0},"end":{"line":20,"column":0}},"20":{"start":{"line":21,"column":0},"end":{"line":21,"column":16}},"21":{"start":{"line":22,"column":0},"end":{"line":22,"column":57}},"22":{"start":{"line":23,"column":0},"end":{"line":23,"column":0}},"23":{"start":{"line":24,"column":0},"end":{"line":24,"column":16}},"24":{"start":{"line":25,"column":0},"end":{"line":25,"column":64}},"25":{"start":{"line":26,"column":0},"end":{"line":26,"column":0}},"26":{"start":{"line":27,"column":0},"end":{"line":27,"column":64}},"27":{"start":{"line":28,"column":0},"end":{"line":28,"column":14}},"28":{"start":{"line":29,"column":0},"end":{"line":29,"column":22}},"29":{"start":{"line":30,"column":0},"end":{"line":30,"column":7}},"30":{"start":{"line":31,"column":0},"end":{"line":31,"column":0}},"31":{"start":{"line":32,"column":0},"end":{"line":32,"column":19}},"32":{"start":{"line":33,"column":0},"end":{"line":33,"column":92}},"33":{"start":{"line":34,"column":0},"end":{"line":34,"column":0}},"34":{"start":{"line":35,"column":0},"end":{"line":35,"column":87}},"35":{"start":{"line":36,"column":0},"end":{"line":36,"column":0}},"36":{"start":{"line":37,"column":0},"end":{"line":37,"column":35}},"37":{"start":{"line":38,"column":0},"end":{"line":38,"column":3}},"38":{"start":{"line":39,"column":0},"end":{"line":39,"column":1}}},"s":{"0":1,"1":1,"2":1,"3":1,"4":1,"5":1,"6":1,"7":1,"8":1,"9":1,"10":1,"11":1,"12":1,"13":4,"14":4,"15":4,"16":1,"17":1,"18":5,"19":5,"20":5,"21":5,"22":4,"23":4,"24":5,"25":3,"26":3,"27":3,"28":3,"29":3,"30":3,"31":3,"32":5,"33":2,"34":2,"35":2,"36":2,"37":2,"38":1},"branchMap":{"0":{"type":"branch","line":12,"loc":{"start":{"line":12,"column":13},"end":{"line":12,"column":32}},"locations":[{"start":{"line":12,"column":13},"end":{"line":12,"column":32}}]},"1":{"type":"branch","line":18,"loc":{"start":{"line":18,"column":2},"end":{"line":38,"column":3}},"locations":[{"start":{"line":18,"column":2},"end":{"line":38,"column":3}}]},"2":{"type":"branch","line":22,"loc":{"start":{"line":22,"column":6},"end":{"line":22,"column":57}},"locations":[{"start":{"line":22,"column":6},"end":{"line":22,"column":57}}]},"3":{"type":"branch","line":23,"loc":{"start":{"line":23,"column":-1},"end":{"line":24,"column":16}},"locations":[{"start":{"line":23,"column":-1},"end":{"line":24,"column":16}}]},"4":{"type":"branch","line":25,"loc":{"start":{"line":25,"column":6},"end":{"line":25,"column":64}},"locations":[{"start":{"line":25,"column":6},"end":{"line":25,"column":64}}]},"5":{"type":"branch","line":26,"loc":{"start":{"line":26,"column":-1},"end":{"line":32,"column":19}},"locations":[{"start":{"line":26,"column":-1},"end":{"line":32,"column":19}}]},"6":{"type":"branch","line":33,"loc":{"start":{"line":33,"column":6},"end":{"line":33,"column":92}},"locations":[{"start":{"line":33,"column":6},"end":{"line":33,"column":92}}]},"7":{"type":"branch","line":34,"loc":{"start":{"line":34,"column":-1},"end":{"line":38,"column":3}},"locations":[{"start":{"line":34,"column":-1},"end":{"line":38,"column":3}}]},"8":{"type":"branch","line":13,"loc":{"start":{"line":13,"column":2},"end":{"line":16,"column":6}},"locations":[{"start":{"line":13,"column":2},"end":{"line":16,"column":6}}]}},"b":{"0":[4],"1":[5],"2":[1],"3":[4],"4":[1],"5":[3],"6":[1],"7":[2],"8":[4]},"fnMap":{"0":{"name":"get","decl":{"start":{"line":12,"column":13},"end":{"line":12,"column":32}},"loc":{"start":{"line":12,"column":13},"end":{"line":12,"column":32}},"line":12},"1":{"name":"execute","decl":{"start":{"line":18,"column":2},"end":{"line":38,"column":3}},"loc":{"start":{"line":18,"column":2},"end":{"line":38,"column":3}},"line":18},"2":{"name":"GetProjectsFromTeam","decl":{"start":{"line":13,"column":2},"end":{"line":16,"column":6}},"loc":{"start":{"line":13,"column":2},"end":{"line":16,"column":6}},"line":13}},"f":{"0":4,"1":5,"2":4}}
,"/home/sobral/www/Doculler/server/src/application/services/project-tag-services/create-project-tag-service.ts": {"path":"/home/sobral/www/Doculler/server/src/application/services/project-tag-services/create-project-tag-service.ts","all":false,"statementMap":{"0":{"start":{"line":1,"column":0},"end":{"line":1,"column":61}},"1":{"start":{"line":2,"column":0},"end":{"line":2,"column":96}},"2":{"start":{"line":3,"column":0},"end":{"line":3,"column":103}},"3":{"start":{"line":4,"column":0},"end":{"line":4,"column":83}},"4":{"start":{"line":5,"column":0},"end":{"line":5,"column":0}},"5":{"start":{"line":6,"column":0},"end":{"line":6,"column":33}},"6":{"start":{"line":7,"column":0},"end":{"line":7,"column":15}},"7":{"start":{"line":8,"column":0},"end":{"line":8,"column":18}},"8":{"start":{"line":9,"column":0},"end":{"line":9,"column":21}},"9":{"start":{"line":10,"column":0},"end":{"line":10,"column":1}},"10":{"start":{"line":11,"column":0},"end":{"line":11,"column":0}},"11":{"start":{"line":12,"column":0},"end":{"line":12,"column":38}},"12":{"start":{"line":13,"column":0},"end":{"line":13,"column":14}},"13":{"start":{"line":14,"column":0},"end":{"line":14,"column":64}},"14":{"start":{"line":15,"column":0},"end":{"line":15,"column":57}},"15":{"start":{"line":16,"column":0},"end":{"line":16,"column":6}},"16":{"start":{"line":17,"column":0},"end":{"line":17,"column":2}},"17":{"start":{"line":18,"column":0},"end":{"line":18,"column":86}},"18":{"start":{"line":19,"column":0},"end":{"line":19,"column":50}},"19":{"start":{"line":20,"column":0},"end":{"line":20,"column":0}},"20":{"start":{"line":21,"column":0},"end":{"line":21,"column":13}},"21":{"start":{"line":22,"column":0},"end":{"line":22,"column":55}},"22":{"start":{"line":23,"column":0},"end":{"line":23,"column":0}},"23":{"start":{"line":24,"column":0},"end":{"line":24,"column":16}},"24":{"start":{"line":25,"column":0},"end":{"line":25,"column":58}},"25":{"start":{"line":26,"column":0},"end":{"line":26,"column":0}},"26":{"start":{"line":27,"column":0},"end":{"line":27,"column":19}},"27":{"start":{"line":28,"column":0},"end":{"line":28,"column":61}},"28":{"start":{"line":29,"column":0},"end":{"line":29,"column":0}},"29":{"start":{"line":30,"column":0},"end":{"line":30,"column":82}},"30":{"start":{"line":31,"column":0},"end":{"line":31,"column":0}},"31":{"start":{"line":32,"column":0},"end":{"line":32,"column":29}},"32":{"start":{"line":33,"column":0},"end":{"line":33,"column":50}},"33":{"start":{"line":34,"column":0},"end":{"line":34,"column":0}},"34":{"start":{"line":35,"column":0},"end":{"line":35,"column":38}},"35":{"start":{"line":36,"column":0},"end":{"line":36,"column":11}},"36":{"start":{"line":37,"column":0},"end":{"line":37,"column":17}},"37":{"start":{"line":38,"column":0},"end":{"line":38,"column":13}},"38":{"start":{"line":39,"column":0},"end":{"line":39,"column":7}},"39":{"start":{"line":40,"column":0},"end":{"line":40,"column":0}},"40":{"start":{"line":41,"column":0},"end":{"line":41,"column":23}},"41":{"start":{"line":42,"column":0},"end":{"line":42,"column":73}},"42":{"start":{"line":43,"column":0},"end":{"line":43,"column":0}},"43":{"start":{"line":44,"column":0},"end":{"line":44,"column":54}},"44":{"start":{"line":45,"column":0},"end":{"line":45,"column":0}},"45":{"start":{"line":46,"column":0},"end":{"line":46,"column":31}},"46":{"start":{"line":47,"column":0},"end":{"line":47,"column":3}},"47":{"start":{"line":48,"column":0},"end":{"line":48,"column":1}}},"s":{"0":1,"1":1,"2":1,"3":1,"4":1,"5":1,"6":1,"7":1,"8":1,"9":1,"10":1,"11":1,"12":1,"13":4,"14":4,"15":4,"16":1,"17":1,"18":4,"19":4,"20":4,"21":4,"22":4,"23":4,"24":4,"25":3,"26":3,"27":4,"28":2,"29":2,"30":2,"31":2,"32":4,"33":1,"34":1,"35":1,"36":1,"37":1,"38":1,"39":1,"40":1,"41":4,"42":1,"43":1,"44":1,"45":1,"46":1,"47":1},"branchMap":{"0":{"type":"branch","line":12,"loc":{"start":{"line":12,"column":13},"end":{"line":12,"column":36}},"locations":[{"start":{"line":12,"column":13},"end":{"line":12,"column":36}}]},"1":{"type":"branch","line":18,"loc":{"start":{"line":18,"column":2},"end":{"line":47,"column":3}},"locations":[{"start":{"line":18,"column":2},"end":{"line":47,"column":3}}]},"2":{"type":"branch","line":22,"loc":{"start":{"line":22,"column":6},"end":{"line":22,"column":55}},"locations":[{"start":{"line":22,"column":6},"end":{"line":22,"column":55}}]},"3":{"type":"branch","line":25,"loc":{"start":{"line":25,"column":6},"end":{"line":25,"column":58}},"locations":[{"start":{"line":25,"column":6},"end":{"line":25,"column":58}}]},"4":{"type":"branch","line":26,"loc":{"start":{"line":26,"column":-1},"end":{"line":27,"column":19}},"locations":[{"start":{"line":26,"column":-1},"end":{"line":27,"column":19}}]},"5":{"type":"branch","line":28,"loc":{"start":{"line":28,"column":6},"end":{"line":28,"column":61}},"locations":[{"start":{"line":28,"column":6},"end":{"line":28,"column":61}}]},"6":{"type":"branch","line":29,"loc":{"start":{"line":29,"column":-1},"end":{"line":32,"column":29}},"locations":[{"start":{"line":29,"column":-1},"end":{"line":32,"column":29}}]},"7":{"type":"branch","line":33,"loc":{"start":{"line":33,"column":6},"end":{"line":41,"column":23}},"locations":[{"start":{"line":33,"column":6},"end":{"line":41,"column":23}}]},"8":{"type":"branch","line":42,"loc":{"start":{"line":42,"column":6},"end":{"line":42,"column":73}},"locations":[{"start":{"line":42,"column":6},"end":{"line":42,"column":73}}]},"9":{"type":"branch","line":43,"loc":{"start":{"line":43,"column":-1},"end":{"line":47,"column":3}},"locations":[{"start":{"line":43,"column":-1},"end":{"line":47,"column":3}}]},"10":{"type":"branch","line":13,"loc":{"start":{"line":13,"column":2},"end":{"line":16,"column":6}},"locations":[{"start":{"line":13,"column":2},"end":{"line":16,"column":6}}]}},"b":{"0":[4],"1":[4],"2":[0],"3":[1],"4":[3],"5":[1],"6":[2],"7":[1],"8":[0],"9":[1],"10":[4]},"fnMap":{"0":{"name":"get","decl":{"start":{"line":12,"column":13},"end":{"line":12,"column":36}},"loc":{"start":{"line":12,"column":13},"end":{"line":12,"column":36}},"line":12},"1":{"name":"execute","decl":{"start":{"line":18,"column":2},"end":{"line":47,"column":3}},"loc":{"start":{"line":18,"column":2},"end":{"line":47,"column":3}},"line":18},"2":{"name":"CreateProjectTagService","decl":{"start":{"line":13,"column":2},"end":{"line":16,"column":6}},"loc":{"start":{"line":13,"column":2},"end":{"line":16,"column":6}},"line":13}},"f":{"0":4,"1":4,"2":4}}
,"/home/sobral/www/Doculler/server/src/application/services/project-tag-services/remove-project-tag-service.ts": {"path":"/home/sobral/www/Doculler/server/src/application/services/project-tag-services/remove-project-tag-service.ts","all":false,"statementMap":{"0":{"start":{"line":1,"column":0},"end":{"line":1,"column":74}},"1":{"start":{"line":2,"column":0},"end":{"line":2,"column":103}},"2":{"start":{"line":3,"column":0},"end":{"line":3,"column":0}},"3":{"start":{"line":4,"column":0},"end":{"line":4,"column":39}},"4":{"start":{"line":5,"column":0},"end":{"line":5,"column":25}},"5":{"start":{"line":6,"column":0},"end":{"line":6,"column":21}},"6":{"start":{"line":7,"column":0},"end":{"line":7,"column":1}},"7":{"start":{"line":8,"column":0},"end":{"line":8,"column":0}},"8":{"start":{"line":9,"column":0},"end":{"line":9,"column":38}},"9":{"start":{"line":10,"column":0},"end":{"line":10,"column":14}},"10":{"start":{"line":11,"column":0},"end":{"line":11,"column":55}},"11":{"start":{"line":12,"column":0},"end":{"line":12,"column":48}},"12":{"start":{"line":13,"column":0},"end":{"line":13,"column":6}},"13":{"start":{"line":14,"column":0},"end":{"line":14,"column":0}},"14":{"start":{"line":15,"column":0},"end":{"line":15,"column":70}},"15":{"start":{"line":16,"column":0},"end":{"line":16,"column":50}},"16":{"start":{"line":17,"column":0},"end":{"line":17,"column":0}},"17":{"start":{"line":18,"column":0},"end":{"line":18,"column":19}},"18":{"start":{"line":19,"column":0},"end":{"line":19,"column":54}},"19":{"start":{"line":20,"column":0},"end":{"line":20,"column":0}},"20":{"start":{"line":21,"column":0},"end":{"line":21,"column":23}},"21":{"start":{"line":22,"column":0},"end":{"line":22,"column":58}},"22":{"start":{"line":23,"column":0},"end":{"line":23,"column":0}},"23":{"start":{"line":24,"column":0},"end":{"line":24,"column":80}},"24":{"start":{"line":25,"column":0},"end":{"line":25,"column":0}},"25":{"start":{"line":26,"column":0},"end":{"line":26,"column":27}},"26":{"start":{"line":27,"column":0},"end":{"line":27,"column":69}},"27":{"start":{"line":28,"column":0},"end":{"line":28,"column":0}},"28":{"start":{"line":29,"column":0},"end":{"line":29,"column":59}},"29":{"start":{"line":30,"column":0},"end":{"line":30,"column":3}},"30":{"start":{"line":31,"column":0},"end":{"line":31,"column":1}}},"s":{"0":1,"1":1,"2":1,"3":1,"4":1,"5":1,"6":1,"7":1,"8":1,"9":1,"10":4,"11":4,"12":4,"13":1,"14":1,"15":4,"16":4,"17":4,"18":4,"19":3,"20":3,"21":4,"22":2,"23":2,"24":2,"25":2,"26":4,"27":1,"28":1,"29":1,"30":1},"branchMap":{"0":{"type":"branch","line":9,"loc":{"start":{"line":9,"column":13},"end":{"line":9,"column":36}},"locations":[{"start":{"line":9,"column":13},"end":{"line":9,"column":36}}]},"1":{"type":"branch","line":15,"loc":{"start":{"line":15,"column":2},"end":{"line":30,"column":3}},"locations":[{"start":{"line":15,"column":2},"end":{"line":30,"column":3}}]},"2":{"type":"branch","line":19,"loc":{"start":{"line":19,"column":6},"end":{"line":19,"column":54}},"locations":[{"start":{"line":19,"column":6},"end":{"line":19,"column":54}}]},"3":{"type":"branch","line":20,"loc":{"start":{"line":20,"column":-1},"end":{"line":21,"column":23}},"locations":[{"start":{"line":20,"column":-1},"end":{"line":21,"column":23}}]},"4":{"type":"branch","line":22,"loc":{"start":{"line":22,"column":6},"end":{"line":22,"column":58}},"locations":[{"start":{"line":22,"column":6},"end":{"line":22,"column":58}}]},"5":{"type":"branch","line":23,"loc":{"start":{"line":23,"column":-1},"end":{"line":26,"column":27}},"locations":[{"start":{"line":23,"column":-1},"end":{"line":26,"column":27}}]},"6":{"type":"branch","line":27,"loc":{"start":{"line":27,"column":6},"end":{"line":30,"column":3}},"locations":[{"start":{"line":27,"column":6},"end":{"line":30,"column":3}}]},"7":{"type":"branch","line":10,"loc":{"start":{"line":10,"column":2},"end":{"line":13,"column":6}},"locations":[{"start":{"line":10,"column":2},"end":{"line":13,"column":6}}]}},"b":{"0":[4],"1":[4],"2":[1],"3":[3],"4":[1],"5":[2],"6":[1],"7":[4]},"fnMap":{"0":{"name":"get","decl":{"start":{"line":9,"column":13},"end":{"line":9,"column":36}},"loc":{"start":{"line":9,"column":13},"end":{"line":9,"column":36}},"line":9},"1":{"name":"execute","decl":{"start":{"line":15,"column":2},"end":{"line":30,"column":3}},"loc":{"start":{"line":15,"column":2},"end":{"line":30,"column":3}},"line":15},"2":{"name":"RemoveProjectTagService","decl":{"start":{"line":10,"column":2},"end":{"line":13,"column":6}},"loc":{"start":{"line":10,"column":2},"end":{"line":13,"column":6}},"line":10}},"f":{"0":4,"1":4,"2":4}}
,"/home/sobral/www/Doculler/server/src/application/services/team-member-services/create-team-member-service.ts": {"path":"/home/sobral/www/Doculler/server/src/application/services/team-member-services/create-team-member-service.ts","all":false,"statementMap":{"0":{"start":{"line":1,"column":0},"end":{"line":1,"column":68}},"1":{"start":{"line":2,"column":0},"end":{"line":2,"column":68}},"2":{"start":{"line":3,"column":0},"end":{"line":3,"column":76}},"3":{"start":{"line":4,"column":0},"end":{"line":4,"column":81}},"4":{"start":{"line":5,"column":0},"end":{"line":5,"column":61}},"5":{"start":{"line":6,"column":0},"end":{"line":6,"column":0}},"6":{"start":{"line":7,"column":0},"end":{"line":7,"column":35}},"7":{"start":{"line":8,"column":0},"end":{"line":8,"column":18}},"8":{"start":{"line":9,"column":0},"end":{"line":9,"column":18}},"9":{"start":{"line":10,"column":0},"end":{"line":10,"column":1}},"10":{"start":{"line":11,"column":0},"end":{"line":11,"column":0}},"11":{"start":{"line":12,"column":0},"end":{"line":12,"column":31}},"12":{"start":{"line":13,"column":0},"end":{"line":13,"column":14}},"13":{"start":{"line":14,"column":0},"end":{"line":14,"column":64}},"14":{"start":{"line":15,"column":0},"end":{"line":15,"column":52}},"15":{"start":{"line":16,"column":0},"end":{"line":16,"column":52}},"16":{"start":{"line":17,"column":0},"end":{"line":17,"column":6}},"17":{"start":{"line":18,"column":0},"end":{"line":18,"column":0}},"18":{"start":{"line":19,"column":0},"end":{"line":19,"column":87}},"19":{"start":{"line":20,"column":0},"end":{"line":20,"column":41}},"20":{"start":{"line":21,"column":0},"end":{"line":21,"column":0}},"21":{"start":{"line":22,"column":0},"end":{"line":22,"column":16}},"22":{"start":{"line":23,"column":0},"end":{"line":23,"column":53}},"23":{"start":{"line":24,"column":0},"end":{"line":24,"column":0}},"24":{"start":{"line":25,"column":0},"end":{"line":25,"column":16}},"25":{"start":{"line":26,"column":0},"end":{"line":26,"column":53}},"26":{"start":{"line":27,"column":0},"end":{"line":27,"column":0}},"27":{"start":{"line":28,"column":0},"end":{"line":28,"column":61}},"28":{"start":{"line":29,"column":0},"end":{"line":29,"column":0}},"29":{"start":{"line":30,"column":0},"end":{"line":30,"column":13}},"30":{"start":{"line":31,"column":0},"end":{"line":31,"column":51}},"31":{"start":{"line":32,"column":0},"end":{"line":32,"column":0}},"32":{"start":{"line":33,"column":0},"end":{"line":33,"column":61}},"33":{"start":{"line":34,"column":0},"end":{"line":34,"column":0}},"34":{"start":{"line":35,"column":0},"end":{"line":35,"column":13}},"35":{"start":{"line":36,"column":0},"end":{"line":36,"column":51}},"36":{"start":{"line":37,"column":0},"end":{"line":37,"column":0}},"37":{"start":{"line":38,"column":0},"end":{"line":38,"column":45}},"38":{"start":{"line":39,"column":0},"end":{"line":39,"column":14}},"39":{"start":{"line":40,"column":0},"end":{"line":40,"column":13}},"40":{"start":{"line":41,"column":0},"end":{"line":41,"column":7}},"41":{"start":{"line":42,"column":0},"end":{"line":42,"column":0}},"42":{"start":{"line":43,"column":0},"end":{"line":43,"column":30}},"43":{"start":{"line":44,"column":0},"end":{"line":44,"column":39}},"44":{"start":{"line":45,"column":0},"end":{"line":45,"column":0}},"45":{"start":{"line":46,"column":0},"end":{"line":46,"column":61}},"46":{"start":{"line":47,"column":0},"end":{"line":47,"column":0}},"47":{"start":{"line":48,"column":0},"end":{"line":48,"column":38}},"48":{"start":{"line":49,"column":0},"end":{"line":49,"column":3}},"49":{"start":{"line":50,"column":0},"end":{"line":50,"column":1}}},"s":{"0":1,"1":1,"2":1,"3":1,"4":1,"5":1,"6":1,"7":1,"8":1,"9":1,"10":1,"11":1,"12":1,"13":5,"14":5,"15":5,"16":5,"17":1,"18":1,"19":5,"20":5,"21":5,"22":5,"23":4,"24":4,"25":5,"26":3,"27":3,"28":3,"29":3,"30":5,"31":2,"32":2,"33":2,"34":2,"35":5,"36":1,"37":1,"38":1,"39":1,"40":1,"41":1,"42":1,"43":5,"44":1,"45":1,"46":1,"47":1,"48":1,"49":1},"branchMap":{"0":{"type":"branch","line":12,"loc":{"start":{"line":12,"column":13},"end":{"line":12,"column":29}},"locations":[{"start":{"line":12,"column":13},"end":{"line":12,"column":29}}]},"1":{"type":"branch","line":19,"loc":{"start":{"line":19,"column":2},"end":{"line":49,"column":3}},"locations":[{"start":{"line":19,"column":2},"end":{"line":49,"column":3}}]},"2":{"type":"branch","line":23,"loc":{"start":{"line":23,"column":6},"end":{"line":23,"column":53}},"locations":[{"start":{"line":23,"column":6},"end":{"line":23,"column":53}}]},"3":{"type":"branch","line":24,"loc":{"start":{"line":24,"column":-1},"end":{"line":25,"column":16}},"locations":[{"start":{"line":24,"column":-1},"end":{"line":25,"column":16}}]},"4":{"type":"branch","line":26,"loc":{"start":{"line":26,"column":6},"end":{"line":26,"column":53}},"locations":[{"start":{"line":26,"column":6},"end":{"line":26,"column":53}}]},"5":{"type":"branch","line":27,"loc":{"start":{"line":27,"column":-1},"end":{"line":30,"column":13}},"locations":[{"start":{"line":27,"column":-1},"end":{"line":30,"column":13}}]},"6":{"type":"branch","line":31,"loc":{"start":{"line":31,"column":6},"end":{"line":31,"column":51}},"locations":[{"start":{"line":31,"column":6},"end":{"line":31,"column":51}}]},"7":{"type":"branch","line":32,"loc":{"start":{"line":32,"column":-1},"end":{"line":35,"column":13}},"locations":[{"start":{"line":32,"column":-1},"end":{"line":35,"column":13}}]},"8":{"type":"branch","line":36,"loc":{"start":{"line":36,"column":6},"end":{"line":43,"column":30}},"locations":[{"start":{"line":36,"column":6},"end":{"line":43,"column":30}}]},"9":{"type":"branch","line":44,"loc":{"start":{"line":44,"column":6},"end":{"line":44,"column":39}},"locations":[{"start":{"line":44,"column":6},"end":{"line":44,"column":39}}]},"10":{"type":"branch","line":45,"loc":{"start":{"line":45,"column":-1},"end":{"line":49,"column":3}},"locations":[{"start":{"line":45,"column":-1},"end":{"line":49,"column":3}}]},"11":{"type":"branch","line":13,"loc":{"start":{"line":13,"column":2},"end":{"line":17,"column":6}},"locations":[{"start":{"line":13,"column":2},"end":{"line":17,"column":6}}]}},"b":{"0":[5],"1":[5],"2":[1],"3":[4],"4":[1],"5":[3],"6":[1],"7":[2],"8":[1],"9":[0],"10":[1],"11":[5]},"fnMap":{"0":{"name":"get","decl":{"start":{"line":12,"column":13},"end":{"line":12,"column":29}},"loc":{"start":{"line":12,"column":13},"end":{"line":12,"column":29}},"line":12},"1":{"name":"execute","decl":{"start":{"line":19,"column":2},"end":{"line":49,"column":3}},"loc":{"start":{"line":19,"column":2},"end":{"line":49,"column":3}},"line":19},"2":{"name":"CreateTeamMember","decl":{"start":{"line":13,"column":2},"end":{"line":17,"column":6}},"loc":{"start":{"line":13,"column":2},"end":{"line":17,"column":6}},"line":13}},"f":{"0":5,"1":5,"2":5}}
,"/home/sobral/www/Doculler/server/src/application/services/team-member-services/remove-team-member-service.ts": {"path":"/home/sobral/www/Doculler/server/src/application/services/team-member-services/remove-team-member-service.ts","all":false,"statementMap":{"0":{"start":{"line":1,"column":0},"end":{"line":1,"column":68}},"1":{"start":{"line":2,"column":0},"end":{"line":2,"column":81}},"2":{"start":{"line":3,"column":0},"end":{"line":3,"column":46}},"3":{"start":{"line":4,"column":0},"end":{"line":4,"column":0}},"4":{"start":{"line":5,"column":0},"end":{"line":5,"column":35}},"5":{"start":{"line":6,"column":0},"end":{"line":6,"column":18}},"6":{"start":{"line":7,"column":0},"end":{"line":7,"column":18}},"7":{"start":{"line":8,"column":0},"end":{"line":8,"column":1}},"8":{"start":{"line":9,"column":0},"end":{"line":9,"column":0}},"9":{"start":{"line":10,"column":0},"end":{"line":10,"column":38}},"10":{"start":{"line":11,"column":0},"end":{"line":11,"column":14}},"11":{"start":{"line":12,"column":0},"end":{"line":12,"column":64}},"12":{"start":{"line":13,"column":0},"end":{"line":13,"column":52}},"13":{"start":{"line":14,"column":0},"end":{"line":14,"column":6}},"14":{"start":{"line":15,"column":0},"end":{"line":15,"column":2}},"15":{"start":{"line":16,"column":0},"end":{"line":16,"column":51}},"16":{"start":{"line":17,"column":0},"end":{"line":17,"column":41}},"17":{"start":{"line":18,"column":0},"end":{"line":18,"column":0}},"18":{"start":{"line":19,"column":0},"end":{"line":19,"column":16}},"19":{"start":{"line":20,"column":0},"end":{"line":20,"column":53}},"20":{"start":{"line":21,"column":0},"end":{"line":21,"column":0}},"21":{"start":{"line":22,"column":0},"end":{"line":22,"column":16}},"22":{"start":{"line":23,"column":0},"end":{"line":23,"column":53}},"23":{"start":{"line":24,"column":0},"end":{"line":24,"column":0}},"24":{"start":{"line":25,"column":0},"end":{"line":25,"column":61}},"25":{"start":{"line":26,"column":0},"end":{"line":26,"column":0}},"26":{"start":{"line":27,"column":0},"end":{"line":27,"column":13}},"27":{"start":{"line":28,"column":0},"end":{"line":28,"column":51}},"28":{"start":{"line":29,"column":0},"end":{"line":29,"column":0}},"29":{"start":{"line":30,"column":0},"end":{"line":30,"column":48}},"30":{"start":{"line":31,"column":0},"end":{"line":31,"column":14}},"31":{"start":{"line":32,"column":0},"end":{"line":32,"column":13}},"32":{"start":{"line":33,"column":0},"end":{"line":33,"column":7}},"33":{"start":{"line":34,"column":0},"end":{"line":34,"column":3}},"34":{"start":{"line":35,"column":0},"end":{"line":35,"column":1}}},"s":{"0":1,"1":1,"2":1,"3":1,"4":1,"5":1,"6":1,"7":1,"8":1,"9":1,"10":1,"11":2,"12":2,"13":2,"14":1,"15":1,"16":2,"17":2,"18":2,"19":2,"20":2,"21":2,"22":2,"23":2,"24":2,"25":2,"26":2,"27":2,"28":1,"29":1,"30":1,"31":1,"32":1,"33":1,"34":1},"branchMap":{"0":{"type":"branch","line":10,"loc":{"start":{"line":10,"column":13},"end":{"line":10,"column":36}},"locations":[{"start":{"line":10,"column":13},"end":{"line":10,"column":36}}]},"1":{"type":"branch","line":16,"loc":{"start":{"line":16,"column":2},"end":{"line":34,"column":3}},"locations":[{"start":{"line":16,"column":2},"end":{"line":34,"column":3}}]},"2":{"type":"branch","line":20,"loc":{"start":{"line":20,"column":6},"end":{"line":20,"column":53}},"locations":[{"start":{"line":20,"column":6},"end":{"line":20,"column":53}}]},"3":{"type":"branch","line":23,"loc":{"start":{"line":23,"column":6},"end":{"line":23,"column":53}},"locations":[{"start":{"line":23,"column":6},"end":{"line":23,"column":53}}]},"4":{"type":"branch","line":28,"loc":{"start":{"line":28,"column":6},"end":{"line":34,"column":3}},"locations":[{"start":{"line":28,"column":6},"end":{"line":34,"column":3}}]},"5":{"type":"branch","line":11,"loc":{"start":{"line":11,"column":2},"end":{"line":14,"column":6}},"locations":[{"start":{"line":11,"column":2},"end":{"line":14,"column":6}}]}},"b":{"0":[2],"1":[2],"2":[0],"3":[0],"4":[1],"5":[2]},"fnMap":{"0":{"name":"get","decl":{"start":{"line":10,"column":13},"end":{"line":10,"column":36}},"loc":{"start":{"line":10,"column":13},"end":{"line":10,"column":36}},"line":10},"1":{"name":"execute","decl":{"start":{"line":16,"column":2},"end":{"line":34,"column":3}},"loc":{"start":{"line":16,"column":2},"end":{"line":34,"column":3}},"line":16},"2":{"name":"RemoveTeamMemberService","decl":{"start":{"line":11,"column":2},"end":{"line":14,"column":6}},"loc":{"start":{"line":11,"column":2},"end":{"line":14,"column":6}},"line":11}},"f":{"0":2,"1":2,"2":2}}
,"/home/sobral/www/Doculler/server/src/application/services/team-services/create-team-service.ts": {"path":"/home/sobral/www/Doculler/server/src/application/services/team-services/create-team-service.ts","all":false,"statementMap":{"0":{"start":{"line":1,"column":0},"end":{"line":1,"column":58}},"1":{"start":{"line":2,"column":0},"end":{"line":2,"column":68}},"2":{"start":{"line":3,"column":0},"end":{"line":3,"column":60}},"3":{"start":{"line":4,"column":0},"end":{"line":4,"column":0}},"4":{"start":{"line":5,"column":0},"end":{"line":5,"column":29}},"5":{"start":{"line":6,"column":0},"end":{"line":6,"column":15}},"6":{"start":{"line":7,"column":0},"end":{"line":7,"column":22}},"7":{"start":{"line":8,"column":0},"end":{"line":8,"column":1}},"8":{"start":{"line":9,"column":0},"end":{"line":9,"column":0}},"9":{"start":{"line":10,"column":0},"end":{"line":10,"column":32}},"10":{"start":{"line":11,"column":0},"end":{"line":11,"column":15}},"11":{"start":{"line":12,"column":0},"end":{"line":12,"column":43}},"12":{"start":{"line":13,"column":0},"end":{"line":13,"column":6}},"13":{"start":{"line":14,"column":0},"end":{"line":14,"column":0}},"14":{"start":{"line":15,"column":0},"end":{"line":15,"column":75}},"15":{"start":{"line":16,"column":0},"end":{"line":16,"column":42}},"16":{"start":{"line":17,"column":0},"end":{"line":17,"column":0}},"17":{"start":{"line":18,"column":0},"end":{"line":18,"column":13}},"18":{"start":{"line":19,"column":0},"end":{"line":19,"column":54}},"19":{"start":{"line":20,"column":0},"end":{"line":20,"column":0}},"20":{"start":{"line":21,"column":0},"end":{"line":21,"column":55}},"21":{"start":{"line":22,"column":0},"end":{"line":22,"column":11}},"22":{"start":{"line":23,"column":0},"end":{"line":23,"column":17}},"23":{"start":{"line":24,"column":0},"end":{"line":24,"column":7}},"24":{"start":{"line":25,"column":0},"end":{"line":25,"column":0}},"25":{"start":{"line":26,"column":0},"end":{"line":26,"column":26}},"26":{"start":{"line":27,"column":0},"end":{"line":27,"column":3}},"27":{"start":{"line":28,"column":0},"end":{"line":28,"column":1}}},"s":{"0":1,"1":1,"2":1,"3":1,"4":1,"5":1,"6":1,"7":1,"8":1,"9":1,"10":1,"11":2,"12":2,"13":1,"14":1,"15":2,"16":2,"17":2,"18":2,"19":1,"20":1,"21":1,"22":1,"23":1,"24":1,"25":1,"26":1,"27":1},"branchMap":{"0":{"type":"branch","line":10,"loc":{"start":{"line":10,"column":13},"end":{"line":10,"column":30}},"locations":[{"start":{"line":10,"column":13},"end":{"line":10,"column":30}}]},"1":{"type":"branch","line":15,"loc":{"start":{"line":15,"column":2},"end":{"line":27,"column":3}},"locations":[{"start":{"line":15,"column":2},"end":{"line":27,"column":3}}]},"2":{"type":"branch","line":19,"loc":{"start":{"line":19,"column":6},"end":{"line":27,"column":3}},"locations":[{"start":{"line":19,"column":6},"end":{"line":27,"column":3}}]},"3":{"type":"branch","line":11,"loc":{"start":{"line":11,"column":2},"end":{"line":13,"column":6}},"locations":[{"start":{"line":11,"column":2},"end":{"line":13,"column":6}}]}},"b":{"0":[2],"1":[2],"2":[1],"3":[2]},"fnMap":{"0":{"name":"get","decl":{"start":{"line":10,"column":13},"end":{"line":10,"column":30}},"loc":{"start":{"line":10,"column":13},"end":{"line":10,"column":30}},"line":10},"1":{"name":"execute","decl":{"start":{"line":15,"column":2},"end":{"line":27,"column":3}},"loc":{"start":{"line":15,"column":2},"end":{"line":27,"column":3}},"line":15},"2":{"name":"CreateTeamService","decl":{"start":{"line":11,"column":2},"end":{"line":13,"column":6}},"loc":{"start":{"line":11,"column":2},"end":{"line":13,"column":6}},"line":11}},"f":{"0":2,"1":2,"2":2}}
,"/home/sobral/www/Doculler/server/src/application/services/team-services/delete-team-service.ts": {"path":"/home/sobral/www/Doculler/server/src/application/services/team-services/delete-team-service.ts","all":false,"statementMap":{"0":{"start":{"line":1,"column":0},"end":{"line":1,"column":61}},"1":{"start":{"line":2,"column":0},"end":{"line":2,"column":68}},"2":{"start":{"line":3,"column":0},"end":{"line":3,"column":0}},"3":{"start":{"line":4,"column":0},"end":{"line":4,"column":32}},"4":{"start":{"line":5,"column":0},"end":{"line":5,"column":15}},"5":{"start":{"line":6,"column":0},"end":{"line":6,"column":43}},"6":{"start":{"line":7,"column":0},"end":{"line":7,"column":6}},"7":{"start":{"line":8,"column":0},"end":{"line":8,"column":0}},"8":{"start":{"line":9,"column":0},"end":{"line":9,"column":64}},"9":{"start":{"line":10,"column":0},"end":{"line":10,"column":16}},"10":{"start":{"line":11,"column":0},"end":{"line":11,"column":52}},"11":{"start":{"line":12,"column":0},"end":{"line":12,"column":0}},"12":{"start":{"line":13,"column":0},"end":{"line":13,"column":65}},"13":{"start":{"line":14,"column":0},"end":{"line":14,"column":3}},"14":{"start":{"line":15,"column":0},"end":{"line":15,"column":1}}},"s":{"0":1,"1":1,"2":1,"3":1,"4":1,"5":2,"6":2,"7":1,"8":1,"9":2,"10":2,"11":1,"12":1,"13":1,"14":1},"branchMap":{"0":{"type":"branch","line":4,"loc":{"start":{"line":4,"column":13},"end":{"line":4,"column":30}},"locations":[{"start":{"line":4,"column":13},"end":{"line":4,"column":30}}]},"1":{"type":"branch","line":9,"loc":{"start":{"line":9,"column":2},"end":{"line":14,"column":3}},"locations":[{"start":{"line":9,"column":2},"end":{"line":14,"column":3}}]},"2":{"type":"branch","line":11,"loc":{"start":{"line":11,"column":6},"end":{"line":14,"column":3}},"locations":[{"start":{"line":11,"column":6},"end":{"line":14,"column":3}}]},"3":{"type":"branch","line":5,"loc":{"start":{"line":5,"column":2},"end":{"line":7,"column":6}},"locations":[{"start":{"line":5,"column":2},"end":{"line":7,"column":6}}]}},"b":{"0":[2],"1":[2],"2":[1],"3":[2]},"fnMap":{"0":{"name":"get","decl":{"start":{"line":4,"column":13},"end":{"line":4,"column":30}},"loc":{"start":{"line":4,"column":13},"end":{"line":4,"column":30}},"line":4},"1":{"name":"execute","decl":{"start":{"line":9,"column":2},"end":{"line":14,"column":3}},"loc":{"start":{"line":9,"column":2},"end":{"line":14,"column":3}},"line":9},"2":{"name":"DeleteTeamService","decl":{"start":{"line":5,"column":2},"end":{"line":7,"column":6}},"loc":{"start":{"line":5,"column":2},"end":{"line":7,"column":6}},"line":5}},"f":{"0":2,"1":2,"2":2}}
,"/home/sobral/www/Doculler/server/src/application/services/user-services/user-login-service.ts": {"path":"/home/sobral/www/Doculler/server/src/application/services/user-services/user-login-service.ts","all":false,"statementMap":{"0":{"start":{"line":1,"column":0},"end":{"line":1,"column":28}},"1":{"start":{"line":2,"column":0},"end":{"line":2,"column":91}},"2":{"start":{"line":3,"column":0},"end":{"line":3,"column":0}},"3":{"start":{"line":4,"column":0},"end":{"line":4,"column":83}},"4":{"start":{"line":5,"column":0},"end":{"line":5,"column":61}},"5":{"start":{"line":6,"column":0},"end":{"line":6,"column":58}},"6":{"start":{"line":7,"column":0},"end":{"line":7,"column":0}},"7":{"start":{"line":8,"column":0},"end":{"line":8,"column":28}},"8":{"start":{"line":9,"column":0},"end":{"line":9,"column":16}},"9":{"start":{"line":10,"column":0},"end":{"line":10,"column":19}},"10":{"start":{"line":11,"column":0},"end":{"line":11,"column":1}},"11":{"start":{"line":12,"column":0},"end":{"line":12,"column":0}},"12":{"start":{"line":13,"column":0},"end":{"line":13,"column":31}},"13":{"start":{"line":14,"column":0},"end":{"line":14,"column":14}},"14":{"start":{"line":15,"column":0},"end":{"line":15,"column":52}},"15":{"start":{"line":16,"column":0},"end":{"line":16,"column":55}},"16":{"start":{"line":17,"column":0},"end":{"line":17,"column":6}},"17":{"start":{"line":18,"column":0},"end":{"line":18,"column":0}},"18":{"start":{"line":19,"column":0},"end":{"line":19,"column":86}},"19":{"start":{"line":20,"column":0},"end":{"line":20,"column":40}},"20":{"start":{"line":21,"column":0},"end":{"line":21,"column":0}},"21":{"start":{"line":22,"column":0},"end":{"line":22,"column":27}},"22":{"start":{"line":23,"column":0},"end":{"line":23,"column":56}},"23":{"start":{"line":24,"column":0},"end":{"line":24,"column":4}},"24":{"start":{"line":25,"column":0},"end":{"line":25,"column":62}},"25":{"start":{"line":26,"column":0},"end":{"line":26,"column":0}},"26":{"start":{"line":27,"column":0},"end":{"line":27,"column":14}},"27":{"start":{"line":28,"column":0},"end":{"line":28,"column":48}},"28":{"start":{"line":29,"column":0},"end":{"line":29,"column":0}},"29":{"start":{"line":30,"column":0},"end":{"line":30,"column":76}},"30":{"start":{"line":31,"column":0},"end":{"line":31,"column":0}},"31":{"start":{"line":32,"column":0},"end":{"line":32,"column":26}},"32":{"start":{"line":33,"column":0},"end":{"line":33,"column":56}},"33":{"start":{"line":34,"column":0},"end":{"line":34,"column":0}},"34":{"start":{"line":35,"column":0},"end":{"line":35,"column":50}},"35":{"start":{"line":36,"column":0},"end":{"line":36,"column":24}},"36":{"start":{"line":37,"column":0},"end":{"line":37,"column":24}},"37":{"start":{"line":38,"column":0},"end":{"line":38,"column":6}},"38":{"start":{"line":39,"column":0},"end":{"line":39,"column":0}},"39":{"start":{"line":40,"column":0},"end":{"line":40,"column":18}},"40":{"start":{"line":41,"column":0},"end":{"line":41,"column":18}},"41":{"start":{"line":42,"column":0},"end":{"line":42,"column":22}},"42":{"start":{"line":43,"column":0},"end":{"line":43,"column":24}},"43":{"start":{"line":44,"column":0},"end":{"line":44,"column":30}},"44":{"start":{"line":45,"column":0},"end":{"line":45,"column":34}},"45":{"start":{"line":46,"column":0},"end":{"line":46,"column":34}},"46":{"start":{"line":47,"column":0},"end":{"line":47,"column":18}},"47":{"start":{"line":48,"column":0},"end":{"line":48,"column":26}},"48":{"start":{"line":49,"column":0},"end":{"line":49,"column":3}},"49":{"start":{"line":50,"column":0},"end":{"line":50,"column":1}}},"s":{"0":1,"1":1,"2":1,"3":1,"4":1,"5":1,"6":1,"7":1,"8":1,"9":1,"10":1,"11":1,"12":1,"13":1,"14":1,"15":1,"16":1,"17":1,"18":1,"19":5,"20":5,"21":5,"22":5,"23":3,"24":3,"25":3,"26":3,"27":5,"28":2,"29":2,"30":2,"31":2,"32":5,"33":1,"34":1,"35":1,"36":1,"37":1,"38":1,"39":1,"40":1,"41":1,"42":1,"43":1,"44":1,"45":1,"46":1,"47":1,"48":1,"49":1},"branchMap":{"0":{"type":"branch","line":13,"loc":{"start":{"line":13,"column":13},"end":{"line":13,"column":29}},"locations":[{"start":{"line":13,"column":13},"end":{"line":13,"column":29}}]},"1":{"type":"branch","line":19,"loc":{"start":{"line":19,"column":2},"end":{"line":49,"column":3}},"locations":[{"start":{"line":19,"column":2},"end":{"line":49,"column":3}}]},"2":{"type":"branch","line":22,"loc":{"start":{"line":22,"column":13},"end":{"line":22,"column":26}},"locations":[{"start":{"line":22,"column":13},"end":{"line":22,"column":26}}]},"3":{"type":"branch","line":23,"loc":{"start":{"line":23,"column":6},"end":{"line":23,"column":56}},"locations":[{"start":{"line":23,"column":6},"end":{"line":23,"column":56}}]},"4":{"type":"branch","line":24,"loc":{"start":{"line":24,"column":-1},"end":{"line":27,"column":14}},"locations":[{"start":{"line":24,"column":-1},"end":{"line":27,"column":14}}]},"5":{"type":"branch","line":28,"loc":{"start":{"line":28,"column":6},"end":{"line":28,"column":48}},"locations":[{"start":{"line":28,"column":6},"end":{"line":28,"column":48}}]},"6":{"type":"branch","line":29,"loc":{"start":{"line":29,"column":-1},"end":{"line":32,"column":26}},"locations":[{"start":{"line":29,"column":-1},"end":{"line":32,"column":26}}]},"7":{"type":"branch","line":33,"loc":{"start":{"line":33,"column":6},"end":{"line":49,"column":3}},"locations":[{"start":{"line":33,"column":6},"end":{"line":49,"column":3}}]},"8":{"type":"branch","line":14,"loc":{"start":{"line":14,"column":2},"end":{"line":17,"column":6}},"locations":[{"start":{"line":14,"column":2},"end":{"line":17,"column":6}}]}},"b":{"0":[1],"1":[5],"2":[4],"3":[2],"4":[3],"5":[1],"6":[2],"7":[1],"8":[1]},"fnMap":{"0":{"name":"get","decl":{"start":{"line":13,"column":13},"end":{"line":13,"column":29}},"loc":{"start":{"line":13,"column":13},"end":{"line":13,"column":29}},"line":13},"1":{"name":"execute","decl":{"start":{"line":19,"column":2},"end":{"line":49,"column":3}},"loc":{"start":{"line":19,"column":2},"end":{"line":49,"column":3}},"line":19},"2":{"name":"UserLoginService","decl":{"start":{"line":14,"column":2},"end":{"line":17,"column":6}},"loc":{"start":{"line":14,"column":2},"end":{"line":17,"column":6}},"line":14}},"f":{"0":1,"1":5,"2":1}}
,"/home/sobral/www/Doculler/server/src/application/services/user-services/user-register-service.ts": {"path":"/home/sobral/www/Doculler/server/src/application/services/user-services/user-register-service.ts","all":false,"statementMap":{"0":{"start":{"line":1,"column":0},"end":{"line":1,"column":28}},"1":{"start":{"line":2,"column":0},"end":{"line":2,"column":0}},"2":{"start":{"line":3,"column":0},"end":{"line":3,"column":58}},"3":{"start":{"line":4,"column":0},"end":{"line":4,"column":68}},"4":{"start":{"line":5,"column":0},"end":{"line":5,"column":98}},"5":{"start":{"line":6,"column":0},"end":{"line":6,"column":0}},"6":{"start":{"line":7,"column":0},"end":{"line":7,"column":68}},"7":{"start":{"line":8,"column":0},"end":{"line":8,"column":0}},"8":{"start":{"line":9,"column":0},"end":{"line":9,"column":31}},"9":{"start":{"line":10,"column":0},"end":{"line":10,"column":15}},"10":{"start":{"line":11,"column":0},"end":{"line":11,"column":16}},"11":{"start":{"line":12,"column":0},"end":{"line":12,"column":19}},"12":{"start":{"line":13,"column":0},"end":{"line":13,"column":1}},"13":{"start":{"line":14,"column":0},"end":{"line":14,"column":0}},"14":{"start":{"line":15,"column":0},"end":{"line":15,"column":63}},"15":{"start":{"line":16,"column":0},"end":{"line":16,"column":0}},"16":{"start":{"line":17,"column":0},"end":{"line":17,"column":34}},"17":{"start":{"line":18,"column":0},"end":{"line":18,"column":14}},"18":{"start":{"line":19,"column":0},"end":{"line":19,"column":52}},"19":{"start":{"line":20,"column":0},"end":{"line":20,"column":55}},"20":{"start":{"line":21,"column":0},"end":{"line":21,"column":6}},"21":{"start":{"line":22,"column":0},"end":{"line":22,"column":0}},"22":{"start":{"line":23,"column":0},"end":{"line":23,"column":88}},"23":{"start":{"line":24,"column":0},"end":{"line":24,"column":11}},"24":{"start":{"line":25,"column":0},"end":{"line":25,"column":12}},"25":{"start":{"line":26,"column":0},"end":{"line":26,"column":11}},"26":{"start":{"line":27,"column":0},"end":{"line":27,"column":14}},"27":{"start":{"line":28,"column":0},"end":{"line":28,"column":16}},"28":{"start":{"line":29,"column":0},"end":{"line":29,"column":0}},"29":{"start":{"line":30,"column":0},"end":{"line":30,"column":71}},"30":{"start":{"line":31,"column":0},"end":{"line":31,"column":0}},"31":{"start":{"line":32,"column":0},"end":{"line":32,"column":21}},"32":{"start":{"line":33,"column":0},"end":{"line":33,"column":62}},"33":{"start":{"line":34,"column":0},"end":{"line":34,"column":4}},"34":{"start":{"line":35,"column":0},"end":{"line":35,"column":13}},"35":{"start":{"line":36,"column":0},"end":{"line":36,"column":60}},"36":{"start":{"line":37,"column":0},"end":{"line":37,"column":0}},"37":{"start":{"line":38,"column":0},"end":{"line":38,"column":17}},"38":{"start":{"line":39,"column":0},"end":{"line":39,"column":64}},"39":{"start":{"line":40,"column":0},"end":{"line":40,"column":0}},"40":{"start":{"line":41,"column":0},"end":{"line":41,"column":62}},"41":{"start":{"line":42,"column":0},"end":{"line":42,"column":0}},"42":{"start":{"line":43,"column":0},"end":{"line":43,"column":33}},"43":{"start":{"line":44,"column":0},"end":{"line":44,"column":11}},"44":{"start":{"line":45,"column":0},"end":{"line":45,"column":12}},"45":{"start":{"line":46,"column":0},"end":{"line":46,"column":33}},"46":{"start":{"line":47,"column":0},"end":{"line":47,"column":7}},"47":{"start":{"line":48,"column":0},"end":{"line":48,"column":0}},"48":{"start":{"line":49,"column":0},"end":{"line":49,"column":24}},"49":{"start":{"line":50,"column":0},"end":{"line":50,"column":64}},"50":{"start":{"line":51,"column":0},"end":{"line":51,"column":0}},"51":{"start":{"line":52,"column":0},"end":{"line":52,"column":54}},"52":{"start":{"line":53,"column":0},"end":{"line":53,"column":0}},"53":{"start":{"line":54,"column":0},"end":{"line":54,"column":50}},"54":{"start":{"line":55,"column":0},"end":{"line":55,"column":40}},"55":{"start":{"line":56,"column":0},"end":{"line":56,"column":26}},"56":{"start":{"line":57,"column":0},"end":{"line":57,"column":5}},"57":{"start":{"line":58,"column":0},"end":{"line":58,"column":0}},"58":{"start":{"line":59,"column":0},"end":{"line":59,"column":18}},"59":{"start":{"line":60,"column":0},"end":{"line":60,"column":27}},"60":{"start":{"line":61,"column":0},"end":{"line":61,"column":31}},"61":{"start":{"line":62,"column":0},"end":{"line":62,"column":33}},"62":{"start":{"line":63,"column":0},"end":{"line":63,"column":39}},"63":{"start":{"line":64,"column":0},"end":{"line":64,"column":43}},"64":{"start":{"line":65,"column":0},"end":{"line":65,"column":43}},"65":{"start":{"line":66,"column":0},"end":{"line":66,"column":18}},"66":{"start":{"line":67,"column":0},"end":{"line":67,"column":26}},"67":{"start":{"line":68,"column":0},"end":{"line":68,"column":3}},"68":{"start":{"line":69,"column":0},"end":{"line":69,"column":1}}},"s":{"0":1,"1":1,"2":1,"3":1,"4":1,"5":1,"6":1,"7":1,"8":1,"9":1,"10":1,"11":1,"12":1,"13":1,"14":1,"15":1,"16":1,"17":1,"18":6,"19":6,"20":6,"21":1,"22":1,"23":7,"24":7,"25":7,"26":7,"27":7,"28":7,"29":7,"30":7,"31":7,"32":7,"33":6,"34":6,"35":7,"36":5,"37":5,"38":7,"39":4,"40":4,"41":4,"42":4,"43":4,"44":4,"45":4,"46":4,"47":4,"48":4,"49":7,"50":3,"51":3,"52":3,"53":3,"54":3,"55":3,"56":3,"57":3,"58":3,"59":3,"60":3,"61":3,"62":3,"63":3,"64":3,"65":3,"66":3,"67":3,"68":1},"branchMap":{"0":{"type":"branch","line":17,"loc":{"start":{"line":17,"column":13},"end":{"line":17,"column":32}},"locations":[{"start":{"line":17,"column":13},"end":{"line":17,"column":32}}]},"1":{"type":"branch","line":23,"loc":{"start":{"line":23,"column":2},"end":{"line":68,"column":3}},"locations":[{"start":{"line":23,"column":2},"end":{"line":68,"column":3}}]},"2":{"type":"branch","line":33,"loc":{"start":{"line":33,"column":6},"end":{"line":33,"column":62}},"locations":[{"start":{"line":33,"column":6},"end":{"line":33,"column":62}}]},"3":{"type":"branch","line":34,"loc":{"start":{"line":34,"column":-1},"end":{"line":35,"column":13}},"locations":[{"start":{"line":34,"column":-1},"end":{"line":35,"column":13}}]},"4":{"type":"branch","line":36,"loc":{"start":{"line":36,"column":6},"end":{"line":36,"column":60}},"locations":[{"start":{"line":36,"column":6},"end":{"line":36,"column":60}}]},"5":{"type":"branch","line":37,"loc":{"start":{"line":37,"column":-1},"end":{"line":38,"column":17}},"locations":[{"start":{"line":37,"column":-1},"end":{"line":38,"column":17}}]},"6":{"type":"branch","line":39,"loc":{"start":{"line":39,"column":6},"end":{"line":39,"column":64}},"locations":[{"start":{"line":39,"column":6},"end":{"line":39,"column":64}}]},"7":{"type":"branch","line":40,"loc":{"start":{"line":40,"column":-1},"end":{"line":49,"column":24}},"locations":[{"start":{"line":40,"column":-1},"end":{"line":49,"column":24}}]},"8":{"type":"branch","line":50,"loc":{"start":{"line":50,"column":6},"end":{"line":50,"column":64}},"locations":[{"start":{"line":50,"column":6},"end":{"line":50,"column":64}}]},"9":{"type":"branch","line":51,"loc":{"start":{"line":51,"column":-1},"end":{"line":68,"column":3}},"locations":[{"start":{"line":51,"column":-1},"end":{"line":68,"column":3}}]},"10":{"type":"branch","line":18,"loc":{"start":{"line":18,"column":2},"end":{"line":21,"column":6}},"locations":[{"start":{"line":18,"column":2},"end":{"line":21,"column":6}}]}},"b":{"0":[6],"1":[7],"2":[1],"3":[6],"4":[1],"5":[5],"6":[1],"7":[4],"8":[1],"9":[3],"10":[6]},"fnMap":{"0":{"name":"get","decl":{"start":{"line":17,"column":13},"end":{"line":17,"column":32}},"loc":{"start":{"line":17,"column":13},"end":{"line":17,"column":32}},"line":17},"1":{"name":"execute","decl":{"start":{"line":23,"column":2},"end":{"line":68,"column":3}},"loc":{"start":{"line":23,"column":2},"end":{"line":68,"column":3}},"line":23},"2":{"name":"UserRegisterService","decl":{"start":{"line":18,"column":2},"end":{"line":21,"column":6}},"loc":{"start":{"line":18,"column":2},"end":{"line":21,"column":6}},"line":18}},"f":{"0"
[...]
t":{"line":11,"column":0},"end":{"line":11,"column":3}},"11":{"start":{"line":12,"column":0},"end":{"line":12,"column":66}},"12":{"start":{"line":13,"column":0},"end":{"line":13,"column":73}},"13":{"start":{"line":14,"column":0},"end":{"line":14,"column":0}},"14":{"start":{"line":15,"column":0},"end":{"line":15,"column":20}},"15":{"start":{"line":16,"column":0},"end":{"line":16,"column":3}},"16":{"start":{"line":17,"column":0},"end":{"line":17,"column":0}},"17":{"start":{"line":18,"column":0},"end":{"line":18,"column":37}},"18":{"start":{"line":19,"column":0},"end":{"line":19,"column":68}},"19":{"start":{"line":20,"column":0},"end":{"line":20,"column":0}},"20":{"start":{"line":21,"column":0},"end":{"line":21,"column":19}},"21":{"start":{"line":22,"column":0},"end":{"line":22,"column":3}},"22":{"start":{"line":23,"column":0},"end":{"line":23,"column":1}}},"s":{"0":1,"1":1,"2":1,"3":1,"4":1,"5":1,"6":1,"7":2,"8":2,"9":2,"10":2,"11":1,"12":2,"13":2,"14":2,"15":2,"16":1,"17":1,"18":15,"19":15,"20":15,"21":15,"22":1},"branchMap":{"0":{"type":"branch","line":4,"loc":{"start":{"line":4,"column":13},"end":{"line":4,"column":38}},"locations":[{"start":{"line":4,"column":13},"end":{"line":4,"column":38}}]},"1":{"type":"branch","line":7,"loc":{"start":{"line":7,"column":2},"end":{"line":11,"column":3}},"locations":[{"start":{"line":7,"column":2},"end":{"line":11,"column":3}}]},"2":{"type":"branch","line":12,"loc":{"start":{"line":12,"column":2},"end":{"line":16,"column":3}},"locations":[{"start":{"line":12,"column":2},"end":{"line":16,"column":3}}]},"3":{"type":"branch","line":13,"loc":{"start":{"line":13,"column":39},"end":{"line":13,"column":71}},"locations":[{"start":{"line":13,"column":39},"end":{"line":13,"column":71}}]},"4":{"type":"branch","line":18,"loc":{"start":{"line":18,"column":2},"end":{"line":22,"column":3}},"locations":[{"start":{"line":18,"column":2},"end":{"line":22,"column":3}}]},"5":{"type":"branch","line":19,"loc":{"start":{"line":19,"column":36},"end":{"line":19,"column":66}},"locations":[{"start":{"line":19,"column":36},"end":{"line":19,"column":66}}]}},"b":{"0":[11],"1":[2],"2":[2],"3":[10],"4":[15],"5":[16]},"fnMap":{"0":{"name":"get","decl":{"start":{"line":4,"column":13},"end":{"line":4,"column":38}},"loc":{"start":{"line":4,"column":13},"end":{"line":4,"column":38}},"line":4},"1":{"name":"create","decl":{"start":{"line":7,"column":2},"end":{"line":11,"column":3}},"loc":{"start":{"line":7,"column":2},"end":{"line":11,"column":3}},"line":7},"2":{"name":"getProjectsFromTeam","decl":{"start":{"line":12,"column":2},"end":{"line":16,"column":3}},"loc":{"start":{"line":12,"column":2},"end":{"line":16,"column":3}},"line":12},"3":{"name":"getById","decl":{"start":{"line":18,"column":2},"end":{"line":22,"column":3}},"loc":{"start":{"line":18,"column":2},"end":{"line":22,"column":3}},"line":18}},"f":{"0":11,"1":2,"2":2,"3":15}}
,"/home/sobral/www/Doculler/server/tests/repositories/in-memory-project-tag-repository.ts": {"path":"/home/sobral/www/Doculler/server/tests/repositories/in-memory-project-tag-repository.ts","all":false,"statementMap":{"0":{"start":{"line":1,"column":0},"end":{"line":1,"column":97}},"1":{"start":{"line":2,"column":0},"end":{"line":2,"column":76}},"2":{"start":{"line":3,"column":0},"end":{"line":3,"column":0}},"3":{"start":{"line":4,"column":0},"end":{"line":4,"column":74}},"4":{"start":{"line":5,"column":0},"end":{"line":5,"column":33}},"5":{"start":{"line":6,"column":0},"end":{"line":6,"column":0}},"6":{"start":{"line":7,"column":0},"end":{"line":7,"column":53}},"7":{"start":{"line":8,"column":0},"end":{"line":8,"column":26}},"8":{"start":{"line":9,"column":0},"end":{"line":9,"column":16}},"9":{"start":{"line":10,"column":0},"end":{"line":10,"column":3}},"10":{"start":{"line":11,"column":0},"end":{"line":11,"column":0}},"11":{"start":{"line":12,"column":0},"end":{"line":12,"column":47}},"12":{"start":{"line":13,"column":0},"end":{"line":13,"column":63}},"13":{"start":{"line":14,"column":0},"end":{"line":14,"column":4}},"14":{"start":{"line":15,"column":0},"end":{"line":15,"column":1}}},"s":{"0":1,"1":1,"2":1,"3":1,"4":1,"5":1,"6":1,"7":1,"8":1,"9":1,"10":1,"11":1,"12":1,"13":1,"14":1},"branchMap":{"0":{"type":"branch","line":4,"loc":{"start":{"line":4,"column":13},"end":{"line":4,"column":41}},"locations":[{"start":{"line":4,"column":13},"end":{"line":4,"column":41}}]},"1":{"type":"branch","line":7,"loc":{"start":{"line":7,"column":2},"end":{"line":10,"column":3}},"locations":[{"start":{"line":7,"column":2},"end":{"line":10,"column":3}}]},"2":{"type":"branch","line":12,"loc":{"start":{"line":12,"column":2},"end":{"line":14,"column":4}},"locations":[{"start":{"line":12,"column":2},"end":{"line":14,"column":4}}]},"3":{"type":"branch","line":13,"loc":{"start":{"line":13,"column":35},"end":{"line":13,"column":61}},"locations":[{"start":{"line":13,"column":35},"end":{"line":13,"column":61}}]}},"b":{"0":[9],"1":[1],"2":[1],"3":[1]},"fnMap":{"0":{"name":"get","decl":{"start":{"line":4,"column":13},"end":{"line":4,"column":41}},"loc":{"start":{"line":4,"column":13},"end":{"line":4,"column":41}},"line":4},"1":{"name":"add","decl":{"start":{"line":7,"column":2},"end":{"line":10,"column":3}},"loc":{"start":{"line":7,"column":2},"end":{"line":10,"column":3}},"line":7},"2":{"name":"remove","decl":{"start":{"line":12,"column":2},"end":{"line":14,"column":4}},"loc":{"start":{"line":12,"column":2},"end":{"line":14,"column":4}},"line":12}},"f":{"0":9,"1":1,"2":1}}
,"/home/sobral/www/Doculler/server/tests/repositories/in-memory-team-member-repository.ts": {"path":"/home/sobral/www/Doculler/server/tests/repositories/in-memory-team-member-repository.ts","all":false,"statementMap":{"0":{"start":{"line":1,"column":0},"end":{"line":1,"column":125}},"1":{"start":{"line":2,"column":0},"end":{"line":2,"column":77}},"2":{"start":{"line":3,"column":0},"end":{"line":3,"column":0}},"3":{"start":{"line":4,"column":0},"end":{"line":4,"column":75}},"4":{"start":{"line":5,"column":0},"end":{"line":5,"column":33}},"5":{"start":{"line":6,"column":0},"end":{"line":6,"column":0}},"6":{"start":{"line":7,"column":0},"end":{"line":7,"column":70}},"7":{"start":{"line":8,"column":0},"end":{"line":8,"column":45}},"8":{"start":{"line":9,"column":0},"end":{"line":9,"column":28}},"9":{"start":{"line":10,"column":0},"end":{"line":10,"column":27}},"10":{"start":{"line":11,"column":0},"end":{"line":11,"column":7}},"11":{"start":{"line":12,"column":0},"end":{"line":12,"column":0}},"12":{"start":{"line":13,"column":0},"end":{"line":13,"column":35}},"13":{"start":{"line":14,"column":0},"end":{"line":14,"column":0}},"14":{"start":{"line":15,"column":0},"end":{"line":15,"column":25}},"15":{"start":{"line":16,"column":0},"end":{"line":16,"column":3}},"16":{"start":{"line":17,"column":0},"end":{"line":17,"column":0}},"17":{"start":{"line":18,"column":0},"end":{"line":18,"column":71}},"18":{"start":{"line":19,"column":0},"end":{"line":19,"column":107}},"19":{"start":{"line":20,"column":0},"end":{"line":20,"column":3}},"20":{"start":{"line":21,"column":0},"end":{"line":21,"column":0}},"21":{"start":{"line":22,"column":0},"end":{"line":22,"column":53}},"22":{"start":{"line":23,"column":0},"end":{"line":23,"column":111}},"23":{"start":{"line":24,"column":0},"end":{"line":24,"column":0}},"24":{"start":{"line":25,"column":0},"end":{"line":25,"column":19}},"25":{"start":{"line":26,"column":0},"end":{"line":26,"column":18}},"26":{"start":{"line":27,"column":0},"end":{"line":27,"column":0}},"27":{"start":{"line":28,"column":0},"end":{"line":28,"column":22}},"28":{"start":{"line":29,"column":0},"end":{"line":29,"column":3}},"29":{"start":{"line":30,"column":0},"end":{"line":30,"column":1}}},"s":{"0":1,"1":1,"2":1,"3":1,"4":1,"5":1,"6":1,"7":1,"8":1,"9":1,"10":1,"11":1,"12":1,"13":1,"14":1,"15":1,"16":1,"17":1,"18":1,"19":1,"20":1,"21":1,"22":5,"23":5,"24":5,"25":5,"26":3,"27":3,"28":3,"29":1},"branchMap":{"0":{"type":"branch","line":4,"loc":{"start":{"line":4,"column":13},"end":{"line":4,"column":41}},"locations":[{"start":{"line":4,"column":13},"end":{"line":4,"column":41}}]},"1":{"type":"branch","line":7,"loc":{"start":{"line":7,"column":2},"end":{"line":16,"column":3}},"locations":[{"start":{"line":7,"column":2},"end":{"line":16,"column":3}}]},"2":{"type":"branch","line":18,"loc":{"start":{"line":18,"column":2},"end":{"line":20,"column":3}},"locations":[{"start":{"line":18,"column":2},"end":{"line":20,"column":3}}]},"3":{"type":"branch","line":19,"loc":{"start":{"line":19,"column":35},"end":{"line":19,"column":105}},"locations":[{"start":{"line":19,"column":35},"end":{"line":19,"column":105}}]},"4":{"type":"branch","line":22,"loc":{"start":{"line":22,"column":2},"end":{"line":29,"column":3}},"locations":[{"start":{"line":22,"column":2},"end":{"line":29,"column":3}}]},"5":{"type":"branch","line":26,"loc":{"start":{"line":26,"column":6},"end":{"line":29,"column":3}},"locations":[{"start":{"line":26,"column":6},"end":{"line":29,"column":3}}]},"6":{"type":"branch","line":26,"loc":{"start":{"line":26,"column":6},"end":{"line":26,"column":18}},"locations":[{"start":{"line":26,"column":6},"end":{"line":26,"column":18}}]},"7":{"type":"branch","line":27,"loc":{"start":{"line":27,"column":-1},"end":{"line":29,"column":3}},"locations":[{"start":{"line":27,"column":-1},"end":{"line":29,"column":3}}]},"8":{"type":"branch","line":23,"loc":{"start":{"line":23,"column":39},"end":{"line":23,"column":109}},"locations":[{"start":{"line":23,"column":39},"end":{"line":23,"column":109}}]},"9":{"type":"branch","line":23,"loc":{"start":{"line":23,"column":76},"end":{"line":23,"column":109}},"locations":[{"start":{"line":23,"column":76},"end":{"line":23,"column":109}}]}},"b":{"0":[12],"1":[1],"2":[1],"3":[1],"4":[5],"5":[4],"6":[2],"7":[3],"8":[7],"9":[5]},"fnMap":{"0":{"name":"get","decl":{"start":{"line":4,"column":13},"end":{"line":4,"column":41}},"loc":{"start":{"line":4,"column":13},"end":{"line":4,"column":41}},"line":4},"1":{"name":"add","decl":{"start":{"line":7,"column":2},"end":{"line":16,"column":3}},"loc":{"start":{"line":7,"column":2},"end":{"line":16,"column":3}},"line":7},"2":{"name":"deleteById","decl":{"start":{"line":18,"column":2},"end":{"line":20,"column":3}},"loc":{"start":{"line":18,"column":2},"end":{"line":20,"column":3}},"line":18},"3":{"name":"getById","decl":{"start":{"line":22,"column":2},"end":{"line":29,"column":3}},"loc":{"start":{"line":22,"column":2},"end":{"line":29,"column":3}},"line":22}},"f":{"0":12,"1":1,"2":1,"3":5}}
,"/home/sobral/www/Doculler/server/tests/repositories/in-memory-team-repository.ts": {"path":"/home/sobral/www/Doculler/server/tests/repositories/in-memory-team-repository.ts","all":false,"statementMap":{"0":{"start":{"line":1,"column":0},"end":{"line":1,"column":84}},"1":{"start":{"line":2,"column":0},"end":{"line":2,"column":59}},"2":{"start":{"line":3,"column":0},"end":{"line":3,"column":0}},"3":{"start":{"line":4,"column":0},"end":{"line":4,"column":63}},"4":{"start":{"line":5,"column":0},"end":{"line":5,"column":27}},"5":{"start":{"line":6,"column":0},"end":{"line":6,"column":0}},"6":{"start":{"line":7,"column":0},"end":{"line":7,"column":45}},"7":{"start":{"line":8,"column":0},"end":{"line":8,"column":26}},"8":{"start":{"line":9,"column":0},"end":{"line":9,"column":0}},"9":{"start":{"line":10,"column":0},"end":{"line":10,"column":16}},"10":{"start":{"line":11,"column":0},"end":{"line":11,"column":3}},"11":{"start":{"line":12,"column":0},"end":{"line":12,"column":0}},"12":{"start":{"line":13,"column":0},"end":{"line":13,"column":57}},"13":{"start":{"line":14,"column":0},"end":{"line":14,"column":62}},"14":{"start":{"line":15,"column":0},"end":{"line":15,"column":0}},"15":{"start":{"line":16,"column":0},"end":{"line":16,"column":13}},"16":{"start":{"line":17,"column":0},"end":{"line":17,"column":18}},"17":{"start":{"line":18,"column":0},"end":{"line":18,"column":0}},"18":{"start":{"line":19,"column":0},"end":{"line":19,"column":16}},"19":{"start":{"line":20,"column":0},"end":{"line":20,"column":3}},"20":{"start":{"line":21,"column":0},"end":{"line":21,"column":0}},"21":{"start":{"line":22,"column":0},"end":{"line":22,"column":52}},"22":{"start":{"line":23,"column":0},"end":{"line":23,"column":65}},"23":{"start":{"line":24,"column":0},"end":{"line":24,"column":3}},"24":{"start":{"line":25,"column":0},"end":{"line":25,"column":1}}},"s":{"0":1,"1":1,"2":1,"3":1,"4":1,"5":1,"6":1,"7":1,"8":1,"9":1,"10":1,"11":1,"12":1,"13":14,"14":14,"15":14,"16":14,"17":9,"18":9,"19":9,"20":1,"21":1,"22":1,"23":1,"24":1},"branchMap":{"0":{"type":"branch","line":4,"loc":{"start":{"line":4,"column":13},"end":{"line":4,"column":35}},"locations":[{"start":{"line":4,"column":13},"end":{"line":4,"column":35}}]},"1":{"type":"branch","line":7,"loc":{"start":{"line":7,"column":2},"end":{"line":11,"column":3}},"locations":[{"start":{"line":7,"column":2},"end":{"line":11,"column":3}}]},"2":{"type":"branch","line":13,"loc":{"start":{"line":13,"column":2},"end":{"line":20,"column":3}},"locations":[{"start":{"line":13,"column":2},"end":{"line":20,"column":3}}]},"3":{"type":"branch","line":17,"loc":{"start":{"line":17,"column":6},"end":{"line":20,"column":3}},"locations":[{"start":{"line":17,"column":6},"end":{"line":20,"column":3}}]},"4":{"type":"branch","line":17,"loc":{"start":{"line":17,"column":6},"end":{"line":17,"column":18}},"locations":[{"start":{"line":17,"column":6},"end":{"line":17,"column":18}}]},"5":{"type":"branch","line":18,"loc":{"start":{"line":18,"column":-1},"end":{"line":20,"column":3}},"locations":[{"start":{"line":18,"column":-1},"end":{"line":20,"column":3}}]},"6":{"type":"branch","line":14,"loc":{"start":{"line":14,"column":33},"end":{"line":14,"column":60}},"locations":[{"start":{"line":14,"column":33},"end":{"line":14,"column":60}}]},"7":{"type":"branch","line":22,"loc":{"start":{"line":22,"column":2},"end":{"line":24,"column":3}},"locations":[{"start":{"line":22,"column":2},"end":{"line":24,"column":3}}]},"8":{"type":"branch","line":23,"loc":{"start":{"line":23,"column":35},"end":{"line":23,"column":63}},"locations":[{"start":{"line":23,"column":35},"end":{"line":23,"column":63}}]}},"b":{"0":[21],"1":[1],"2":[14],"3":[13],"4":[5],"5":[9],"6":[14],"7":[1],"8":[1]},"fnMap":{"0":{"name":"get","decl":{"start":{"line":4,"column":13},"end":{"line":4,"column":35}},"loc":{"start":{"line":4,"column":13},"end":{"line":4,"column":35}},"line":4},"1":{"name":"create","decl":{"start":{"line":7,"column":2},"end":{"line":11,"column":3}},"loc":{"start":{"line":7,"column":2},"end":{"line":11,"column":3}},"line":7},"2":{"name":"findById","decl":{"start":{"line":13,"column":2},"end":{"line":20,"column":3}},"loc":{"start":{"line":13,"column":2},"end":{"line":20,"column":3}},"line":13},"3":{"name":"deleteById","decl":{"start":{"line":22,"column":2},"end":{"line":24,"column":3}},"loc":{"start":{"line":22,"column":2},"end":{"line":24,"column":3}},"line":22}},"f":{"0":21,"1":1,"2":14,"3":1}}
,"/home/sobral/www/Doculler/server/tests/repositories/in-memory-user-repository.ts": {"path":"/home/sobral/www/Doculler/server/tests/repositories/in-memory-user-repository.ts","all":false,"statementMap":{"0":{"start":{"line":1,"column":0},"end":{"line":1,"column":86}},"1":{"start":{"line":2,"column":0},"end":{"line":2,"column":84}},"2":{"start":{"line":3,"column":0},"end":{"line":3,"column":43}},"3":{"start":{"line":4,"column":0},"end":{"line":4,"column":84}},"4":{"start":{"line":5,"column":0},"end":{"line":5,"column":58}},"5":{"start":{"line":6,"column":0},"end":{"line":6,"column":0}},"6":{"start":{"line":7,"column":0},"end":{"line":7,"column":62}},"7":{"start":{"line":8,"column":0},"end":{"line":8,"column":27}},"8":{"start":{"line":9,"column":0},"end":{"line":9,"column":0}},"9":{"start":{"line":10,"column":0},"end":{"line":10,"column":64}},"10":{"start":{"line":11,"column":0},"end":{"line":11,"column":74}},"11":{"start":{"line":12,"column":0},"end":{"line":12,"column":0}},"12":{"start":{"line":13,"column":0},"end":{"line":13,"column":13}},"13":{"start":{"line":14,"column":0},"end":{"line":14,"column":18}},"14":{"start":{"line":15,"column":0},"end":{"line":15,"column":0}},"15":{"start":{"line":16,"column":0},"end":{"line":16,"column":16}},"16":{"start":{"line":17,"column":0},"end":{"line":17,"column":3}},"17":{"start":{"line":18,"column":0},"end":{"line":18,"column":0}},"18":{"start":{"line":19,"column":0},"end":{"line":19,"column":47}},"19":{"start":{"line":20,"column":0},"end":{"line":20,"column":26}},"20":{"start":{"line":21,"column":0},"end":{"line":21,"column":0}},"21":{"start":{"line":22,"column":0},"end":{"line":22,"column":16}},"22":{"start":{"line":23,"column":0},"end":{"line":23,"column":3}},"23":{"start":{"line":24,"column":0},"end":{"line":24,"column":0}},"24":{"start":{"line":25,"column":0},"end":{"line":25,"column":57}},"25":{"start":{"line":26,"column":0},"end":{"line":26,"column":62}},"26":{"start":{"line":27,"column":0},"end":{"line":27,"column":0}},"27":{"start":{"line":28,"column":0},"end":{"line":28,"column":13}},"28":{"start":{"line":29,"column":0},"end":{"line":29,"column":18}},"29":{"start":{"line":30,"column":0},"end":{"line":30,"column":0}},"30":{"start":{"line":31,"column":0},"end":{"line":31,"column":16}},"31":{"start":{"line":32,"column":0},"end":{"line":32,"column":3}},"32":{"start":{"line":33,"column":0},"end":{"line":33,"column":1}}},"s":{"0":1,"1":1,"2":1,"3":1,"4":1,"5":1,"6":1,"7":1,"8":1,"9":1,"10":12,"11":12,"12":12,"13":12,"14":5,"15":5,"16":5,"17":1,"18":1,"19":3,"20":3,"21":3,"22":3,"23":1,"24":1,"25":2,"26":2,"27":2,"28":2,"29":1,"30":1,"31":1,"32":1},"branchMap":{"0":{"type":"branch","line":7,"loc":{"start":{"line":7,"column":13},"end":{"line":7,"column":35}},"locations":[{"start":{"line":7,"column":13},"end":{"line":7,"column":35}}]},"1":{"type":"branch","line":10,"loc":{"start":{"line":10,"column":2},"end":{"line":17,"column":3}},"locations":[{"start":{"line":10,"column":2},"end":{"line":17,"column":3}}]},"2":{"type":"branch","line":14,"loc":{"start":{"line":14,"column":6},"end":{"line":14,"column":18}},"locations":[{"start":{"line":14,"column":6},"end":{"line":14,"column":18}}]},"3":{"type":"branch","line":15,"loc":{"start":{"line":15,"column":-1},"end":{"line":17,"column":3}},"locations":[{"start":{"line":15,"column":-1},"end":{"line":17,"column":3}}]},"4":{"type":"branch","line":11,"loc":{"start":{"line":11,"column":33},"end":{"line":11,"column":72}},"locations":[{"start":{"line":11,"column":33},"end":{"line":11,"column":72}}]},"5":{"type":"branch","line":19,"loc":{"start":{"line":19,"column":2},"end":{"line":23,"column":3}},"locations":[{"start":{"line":19,"column":2},"end":{"line":23,"column":3}}]},"6":{"type":"branch","line":25,"loc":{"start":{"line":25,"column":2},"end":{"line":32,"column":3}},"locations":[{"start":{"line":25,"column":2},"end":{"line":32,"column":3}}]},"7":{"type":"branch","line":29,"loc":{"start":{"line":29,"column":6},"end":{"line":32,"column":3}},"locations":[{"start":{"line":29,"column":6},"end":{"line":32,"column":3}}]},"8":{"type":"branch","line":26,"loc":{"start":{"line":26,"column":33},"end":{"line":26,"column":60}},"locations":[{"start":{"line":26,"column":33},"end":{"line":26,"column":60}}]}},"b":{"0":[11],"1":[12],"2":[7],"3":[5],"4":[6],"5":[3],"6":[2],"7":[1],"8":[1]},"fnMap":{"0":{"name":"get","decl":{"start":{"line":7,"column":13},"end":{"line":7,"column":35}},"loc":{"start":{"line":7,"column":13},"end":{"line":7,"column":35}},"line":7},"1":{"name":"findByEmail","decl":{"start":{"line":10,"column":2},"end":{"line":17,"column":3}},"loc":{"start":{"line":10,"column":2},"end":{"line":17,"column":3}},"line":10},"2":{"name":"register","decl":{"start":{"line":19,"column":2},"end":{"line":23,"column":3}},"loc":{"start":{"line":19,"column":2},"end":{"line":23,"column":3}},"line":19},"3":{"name":"findById","decl":{"start":{"line":25,"column":2},"end":{"line":32,"column":3}},"loc":{"start":{"line":25,"column":2},"end":{"line":32,"column":3}},"line":25}},"f":{"0":11,"1":12,"2":3,"3":2}}
}
