TN:
SF:src/adapters/json-web-token/json-web-token-jwt-adapter.ts
FN:10,get
FN:17,sign
FN:13,JsonWebToken
FNF:3
FNH:3
FNDA:3,get
FNDA:5,sign
FNDA:3,JsonWebToken
DA:1,1
DA:2,1
DA:3,1
DA:4,1
DA:5,1
DA:6,1
DA:7,1
DA:8,1
DA:9,1
DA:10,1
DA:11,1
DA:12,1
DA:13,1
DA:14,3
DA:15,3
DA:16,1
DA:17,1
DA:18,5
DA:19,5
DA:20,5
DA:21,5
DA:22,5
DA:23,5
DA:24,5
DA:25,5
DA:26,1
LF:26
LH:26
BRDA:10,0,0,3
BRDA:17,1,0,5
BRDA:13,2,0,3
BRF:3
BRH:3
end_of_record
TN:
SF:src/application/services/userServices/user-login-service.ts
FN:14,get
FN:20,execute
FN:15,UserLoginService
FNF:3
FNH:3
FNDA:1,get
FNDA:5,execute
FNDA:1,UserLoginService
DA:1,1
DA:2,1
DA:3,1
DA:4,1
DA:5,1
DA:6,1
DA:7,1
DA:8,1
DA:9,1
DA:10,1
DA:11,1
DA:12,1
DA:13,1
DA:14,1
DA:15,1
DA:16,1
DA:17,1
DA:18,1
DA:19,1
DA:20,1
DA:21,5
DA:22,5
DA:23,5
DA:24,5
DA:25,3
DA:26,3
DA:27,3
DA:28,3
DA:29,5
DA:30,2
DA:31,2
DA:32,2
DA:33,2
DA:34,5
DA:35,1
DA:36,1
DA:37,1
DA:38,1
DA:39,1
DA:40,1
DA:41,1
DA:42,1
DA:43,1
LF:43
LH:43
BRDA:14,0,0,1
BRDA:20,1,0,5
BRDA:23,2,0,4
BRDA:24,3,0,2
BRDA:25,4,0,3
BRDA:29,5,0,1
BRDA:30,6,0,2
BRDA:34,7,0,1
BRDA:15,8,0,1
BRF:9
BRH:9
end_of_record
TN:
SF:src/application/services/userServices/user-register-service.ts
FN:15,get
FN:21,execute
FN:16,UserRegisterService
FNF:3
FNH:3
FNDA:5,get
FNDA:6,execute
FNDA:5,UserRegisterService
DA:1,1
DA:2,1
DA:3,1
DA:4,1
DA:5,1
DA:6,1
DA:7,1
DA:8,1
DA:9,1
DA:10,1
DA:11,1
DA:12,1
DA:13,1
DA:14,1
DA:15,1
DA:16,1
DA:17,5
DA:18,5
DA:19,5
DA:20,1
DA:21,1
DA:22,6
DA:23,6
DA:24,6
DA:25,6
DA:26,6
DA:27,6
DA:28,6
DA:29,6
DA:30,6
DA:31,6
DA:32,5
DA:33,5
DA:34,6
DA:35,4
DA:36,4
DA:37,6
DA:38,3
DA:39,3
DA:40,3
DA:41,3
DA:42,3
DA:43,3
DA:44,3
DA:45,3
DA:46,3
DA:47,3
DA:48,3
DA:49,3
DA:50,3
DA:51,3
DA:52,3
DA:53,3
DA:54,3
DA:55,3
DA:56,1
LF:56
LH:56
BRDA:15,0,0,5
BRDA:21,1,0,6
BRDA:31,2,0,1
BRDA:32,3,0,5
BRDA:34,4,0,1
BRDA:35,5,0,4
BRDA:37,6,0,1
BRDA:38,7,0,3
BRDA:16,8,0,5
BRF:9
BRH:9
end_of_record
TN:
SF:src/domain/core/Entity.ts
FN:3,get
FN:7,Entity
FNF:2
FNH:2
FNDA:2,get
FNDA:7,Entity
DA:1,1
DA:2,1
DA:3,1
DA:4,1
DA:5,1
DA:6,1
DA:7,1
DA:8,7
DA:9,7
DA:10,7
DA:11,1
LF:11
LH:11
BRDA:3,0,0,2
BRDA:7,1,0,7
BRF:2
BRH:2
end_of_record
TN:
SF:src/domain/entities/User.ts
FN:11,get
FN:16,get id
FN:19,get name
FN:22,get email
FN:25,get password
FN:28,get created_at
FN:31,get updated_at
FN:35,create
FN:12,User
FNF:9
FNH:6
FNDA:7,get
FNDA:0,get id
FNDA:3,get name
FNDA:14,get email
FNDA:6,get password
FNDA:0,get created_at
FNDA:0,get updated_at
FNDA:7,create
FNDA:7,User
DA:1,1
DA:2,1
DA:3,1
DA:4,1
DA:5,1
DA:6,1
DA:7,1
DA:8,1
DA:9,1
DA:10,1
DA:11,1
DA:12,1
DA:13,7
DA:14,7
DA:15,1
DA:16,1
DA:17,0
DA:18,0
DA:19,1
DA:20,3
DA:21,3
DA:22,1
DA:23,14
DA:24,14
DA:25,1
DA:26,6
DA:27,6
DA:28,1
DA:29,0
DA:30,0
DA:31,1
DA:32,0
DA:33,0
DA:34,1
DA:35,1
DA:36,7
DA:37,7
DA:38,7
DA:39,7
DA:40,7
DA:41,7
DA:42,7
DA:43,7
DA:44,1
LF:44
LH:38
BRDA:11,0,0,7
BRDA:19,1,0,3
BRDA:22,2,0,14
BRDA:25,3,0,6
BRDA:35,4,0,7
BRDA:12,5,0,7
BRF:6
BRH:6
end_of_record
TN:
SF:tests/repositories/in-memory-user-repository.ts
FN:4,get
FN:7,findByEmail
FN:16,register
FNF:3
FNH:3
FNDA:5,get
FNDA:11,findByEmail
FNDA:4,register
DA:1,1
DA:2,1
DA:3,1
DA:4,1
DA:5,1
DA:6,1
DA:7,1
DA:8,11
DA:9,11
DA:10,11
DA:11,11
DA:12,4
DA:13,4
DA:14,4
DA:15,1
DA:16,1
DA:17,4
DA:18,4
DA:19,4
DA:20,4
DA:21,4
DA:22,4
DA:23,4
DA:24,4
DA:25,4
DA:26,4
DA:27,1
LF:27
LH:27
BRDA:4,0,0,5
BRDA:7,1,0,11
BRDA:11,2,0,7
BRDA:12,3,0,4
BRDA:8,4,0,7
BRDA:16,5,0,4
BRF:6
BRH:6
end_of_record
